2016-05-24 14:13:07,771 - Log4JLogChute initialized using file 'velocity.log'
2016-05-24 14:13:07,771 - Initializing Velocity, Calling init()...
2016-05-24 14:13:07,771 - Starting Apache Velocity v1.7 (compiled: 2010-11-19 12:14:37)
2016-05-24 14:13:07,771 - Default Properties File: org\apache\velocity\runtime\defaults\velocity.properties
2016-05-24 14:13:07,771 - Trying to use logger class org.apache.velocity.runtime.log.AvalonLogChute
2016-05-24 14:13:07,771 - Target log system for org.apache.velocity.runtime.log.AvalonLogChute is not available (java.lang.NoClassDefFoundError: org/apache/log/format/Formatter).  Falling back to next log system...
2016-05-24 14:13:07,771 - Trying to use logger class org.apache.velocity.runtime.log.Log4JLogChute
2016-05-24 14:13:07,771 - Using logger class org.apache.velocity.runtime.log.Log4JLogChute
2016-05-24 14:13:07,787 - ResourceLoader instantiated: org.apache.velocity.runtime.resource.loader.FileResourceLoader
2016-05-24 14:13:07,787 - Do unicode file recognition:  false
2016-05-24 14:13:07,787 - FileResourceLoader : adding path '.'
2016-05-24 14:13:07,818 - ResourceCache: initialized (class org.apache.velocity.runtime.resource.ResourceCacheImpl) with class java.util.Collections$SynchronizedMap cache map.
2016-05-24 14:13:07,818 - Loaded System Directive: org.apache.velocity.runtime.directive.Stop
2016-05-24 14:13:07,818 - Loaded System Directive: org.apache.velocity.runtime.directive.Define
2016-05-24 14:13:07,818 - Loaded System Directive: org.apache.velocity.runtime.directive.Break
2016-05-24 14:13:07,818 - Loaded System Directive: org.apache.velocity.runtime.directive.Evaluate
2016-05-24 14:13:07,818 - Loaded System Directive: org.apache.velocity.runtime.directive.Literal
2016-05-24 14:13:07,818 - Loaded System Directive: org.apache.velocity.runtime.directive.Macro
2016-05-24 14:13:07,834 - Loaded System Directive: org.apache.velocity.runtime.directive.Parse
2016-05-24 14:13:07,834 - Loaded System Directive: org.apache.velocity.runtime.directive.Include
2016-05-24 14:13:07,834 - Loaded System Directive: org.apache.velocity.runtime.directive.Foreach
2016-05-24 14:13:07,865 - Created '20' parsers.
2016-05-24 14:13:07,865 - Velocimacro : "velocimacro.library" is not set.  Trying default library: VM_global_library.vm
2016-05-24 14:13:07,865 - Velocimacro : Default library not found.
2016-05-24 14:13:07,865 - Velocimacro : allowInline = true : VMs can be defined inline in templates
2016-05-24 14:13:07,865 - Velocimacro : allowInlineToOverride = false : VMs defined inline may NOT replace previous VM definitions
2016-05-24 14:13:07,865 - Velocimacro : allowInlineLocal = false : VMs defined inline will be global in scope if allowed.
2016-05-24 14:13:07,865 - Velocimacro : autoload off : VM system will not automatically reload global library macros
2016-05-24 14:13:16,976 - Log4JLogChute initialized using file 'velocity.log'
2016-05-24 14:13:16,977 - Initializing Velocity, Calling init()...
2016-05-24 14:13:16,977 - Starting Apache Velocity v1.7 (compiled: 2010-11-19 12:14:37)
2016-05-24 14:13:16,977 - Default Properties File: org\apache\velocity\runtime\defaults\velocity.properties
2016-05-24 14:13:16,977 - Trying to use logger class org.apache.velocity.runtime.log.AvalonLogChute
2016-05-24 14:13:16,977 - Target log system for org.apache.velocity.runtime.log.AvalonLogChute is not available (java.lang.NoClassDefFoundError: org/apache/log/format/Formatter).  Falling back to next log system...
2016-05-24 14:13:16,977 - Trying to use logger class org.apache.velocity.runtime.log.Log4JLogChute
2016-05-24 14:13:16,977 - Using logger class org.apache.velocity.runtime.log.Log4JLogChute
2016-05-24 14:13:16,982 - ResourceLoader instantiated: org.apache.velocity.runtime.resource.loader.FileResourceLoader
2016-05-24 14:13:16,984 - Do unicode file recognition:  false
2016-05-24 14:13:16,984 - FileResourceLoader : adding path '.'
2016-05-24 14:13:16,989 - ResourceCache: initialized (class org.apache.velocity.runtime.resource.ResourceCacheImpl) with class java.util.Collections$SynchronizedMap cache map.
2016-05-24 14:13:16,989 - Loaded System Directive: org.apache.velocity.runtime.directive.Stop
2016-05-24 14:13:16,989 - Loaded System Directive: org.apache.velocity.runtime.directive.Define
2016-05-24 14:13:16,989 - Loaded System Directive: org.apache.velocity.runtime.directive.Break
2016-05-24 14:13:16,989 - Loaded System Directive: org.apache.velocity.runtime.directive.Evaluate
2016-05-24 14:13:16,989 - Loaded System Directive: org.apache.velocity.runtime.directive.Literal
2016-05-24 14:13:17,004 - Loaded System Directive: org.apache.velocity.runtime.directive.Macro
2016-05-24 14:13:17,004 - Loaded System Directive: org.apache.velocity.runtime.directive.Parse
2016-05-24 14:13:17,004 - Loaded System Directive: org.apache.velocity.runtime.directive.Include
2016-05-24 14:13:17,004 - Loaded System Directive: org.apache.velocity.runtime.directive.Foreach
2016-05-24 14:13:17,020 - Created '20' parsers.
2016-05-24 14:13:17,035 - Velocimacro : "velocimacro.library" is not set.  Trying default library: VM_global_library.vm
2016-05-24 14:13:17,035 - Velocimacro : Default library not found.
2016-05-24 14:13:17,035 - Velocimacro : allowInline = true : VMs can be defined inline in templates
2016-05-24 14:13:17,035 - Velocimacro : allowInlineToOverride = false : VMs defined inline may NOT replace previous VM definitions
2016-05-24 14:13:17,035 - Velocimacro : allowInlineLocal = false : VMs defined inline will be global in scope if allowed.
2016-05-24 14:13:17,035 - Velocimacro : autoload off : VM system will not automatically reload global library macros
2016-05-24 14:14:18,463 - Log4JLogChute initialized using file 'velocity.log'
2016-05-24 14:14:18,463 - Initializing Velocity, Calling init()...
2016-05-24 14:14:18,463 - Starting Apache Velocity v1.7 (compiled: 2010-11-19 12:14:37)
2016-05-24 14:14:18,463 - Default Properties File: org\apache\velocity\runtime\defaults\velocity.properties
2016-05-24 14:14:18,463 - Trying to use logger class org.apache.velocity.runtime.log.AvalonLogChute
2016-05-24 14:14:18,463 - Target log system for org.apache.velocity.runtime.log.AvalonLogChute is not available (java.lang.NoClassDefFoundError: org/apache/log/format/Formatter).  Falling back to next log system...
2016-05-24 14:14:18,463 - Trying to use logger class org.apache.velocity.runtime.log.Log4JLogChute
2016-05-24 14:14:18,463 - Using logger class org.apache.velocity.runtime.log.Log4JLogChute
2016-05-24 14:14:18,463 - ResourceLoader instantiated: org.apache.velocity.runtime.resource.loader.FileResourceLoader
2016-05-24 14:14:18,463 - Do unicode file recognition:  false
2016-05-24 14:14:18,463 - FileResourceLoader : adding path '.'
2016-05-24 14:14:18,479 - ResourceCache: initialized (class org.apache.velocity.runtime.resource.ResourceCacheImpl) with class java.util.Collections$SynchronizedMap cache map.
2016-05-24 14:14:18,479 - Loaded System Directive: org.apache.velocity.runtime.directive.Stop
2016-05-24 14:14:18,479 - Loaded System Directive: org.apache.velocity.runtime.directive.Define
2016-05-24 14:14:18,479 - Loaded System Directive: org.apache.velocity.runtime.directive.Break
2016-05-24 14:14:18,479 - Loaded System Directive: org.apache.velocity.runtime.directive.Evaluate
2016-05-24 14:14:18,479 - Loaded System Directive: org.apache.velocity.runtime.directive.Literal
2016-05-24 14:14:18,479 - Loaded System Directive: org.apache.velocity.runtime.directive.Macro
2016-05-24 14:14:18,479 - Loaded System Directive: org.apache.velocity.runtime.directive.Parse
2016-05-24 14:14:18,494 - Loaded System Directive: org.apache.velocity.runtime.directive.Include
2016-05-24 14:14:18,494 - Loaded System Directive: org.apache.velocity.runtime.directive.Foreach
2016-05-24 14:14:18,510 - Created '20' parsers.
2016-05-24 14:14:18,525 - Velocimacro : "velocimacro.library" is not set.  Trying default library: VM_global_library.vm
2016-05-24 14:14:18,525 - Velocimacro : Default library not found.
2016-05-24 14:14:18,525 - Velocimacro : allowInline = true : VMs can be defined inline in templates
2016-05-24 14:14:18,525 - Velocimacro : allowInlineToOverride = false : VMs defined inline may NOT replace previous VM definitions
2016-05-24 14:14:18,525 - Velocimacro : allowInlineLocal = false : VMs defined inline will be global in scope if allowed.
2016-05-24 14:14:18,525 - Velocimacro : autoload off : VM system will not automatically reload global library macros
2016-05-24 14:14:36,567 - Log4JLogChute initialized using file 'velocity.log'
2016-05-24 14:14:36,567 - Initializing Velocity, Calling init()...
2016-05-24 14:14:36,567 - Starting Apache Velocity v1.7 (compiled: 2010-11-19 12:14:37)
2016-05-24 14:14:36,567 - Default Properties File: org\apache\velocity\runtime\defaults\velocity.properties
2016-05-24 14:14:36,567 - Trying to use logger class org.apache.velocity.runtime.log.AvalonLogChute
2016-05-24 14:14:36,567 - Target log system for org.apache.velocity.runtime.log.AvalonLogChute is not available (java.lang.NoClassDefFoundError: org/apache/log/format/Formatter).  Falling back to next log system...
2016-05-24 14:14:36,567 - Trying to use logger class org.apache.velocity.runtime.log.Log4JLogChute
2016-05-24 14:14:36,567 - Using logger class org.apache.velocity.runtime.log.Log4JLogChute
2016-05-24 14:14:36,567 - ResourceLoader instantiated: org.apache.velocity.runtime.resource.loader.FileResourceLoader
2016-05-24 14:14:36,567 - Do unicode file recognition:  false
2016-05-24 14:14:36,567 - FileResourceLoader : adding path '.'
2016-05-24 14:14:36,583 - ResourceCache: initialized (class org.apache.velocity.runtime.resource.ResourceCacheImpl) with class java.util.Collections$SynchronizedMap cache map.
2016-05-24 14:14:36,583 - Loaded System Directive: org.apache.velocity.runtime.directive.Stop
2016-05-24 14:14:36,583 - Loaded System Directive: org.apache.velocity.runtime.directive.Define
2016-05-24 14:14:36,583 - Loaded System Directive: org.apache.velocity.runtime.directive.Break
2016-05-24 14:14:36,583 - Loaded System Directive: org.apache.velocity.runtime.directive.Evaluate
2016-05-24 14:14:36,583 - Loaded System Directive: org.apache.velocity.runtime.directive.Literal
2016-05-24 14:14:36,583 - Loaded System Directive: org.apache.velocity.runtime.directive.Macro
2016-05-24 14:14:36,583 - Loaded System Directive: org.apache.velocity.runtime.directive.Parse
2016-05-24 14:14:36,583 - Loaded System Directive: org.apache.velocity.runtime.directive.Include
2016-05-24 14:14:36,583 - Loaded System Directive: org.apache.velocity.runtime.directive.Foreach
2016-05-24 14:14:36,614 - Created '20' parsers.
2016-05-24 14:14:36,630 - Velocimacro : "velocimacro.library" is not set.  Trying default library: VM_global_library.vm
2016-05-24 14:14:36,630 - Velocimacro : Default library not found.
2016-05-24 14:14:36,630 - Velocimacro : allowInline = true : VMs can be defined inline in templates
2016-05-24 14:14:36,630 - Velocimacro : allowInlineToOverride = false : VMs defined inline may NOT replace previous VM definitions
2016-05-24 14:14:36,630 - Velocimacro : allowInlineLocal = false : VMs defined inline will be global in scope if allowed.
2016-05-24 14:14:36,630 - Velocimacro : autoload off : VM system will not automatically reload global library macros
2016-05-24 14:14:52,126 - Log4JLogChute initialized using file 'velocity.log'
2016-05-24 14:14:52,126 - Initializing Velocity, Calling init()...
2016-05-24 14:14:52,126 - Starting Apache Velocity v1.7 (compiled: 2010-11-19 12:14:37)
2016-05-24 14:14:52,126 - Default Properties File: org\apache\velocity\runtime\defaults\velocity.properties
2016-05-24 14:14:52,126 - Trying to use logger class org.apache.velocity.runtime.log.AvalonLogChute
2016-05-24 14:14:52,126 - Target log system for org.apache.velocity.runtime.log.AvalonLogChute is not available (java.lang.NoClassDefFoundError: org/apache/log/format/Formatter).  Falling back to next log system...
2016-05-24 14:14:52,126 - Trying to use logger class org.apache.velocity.runtime.log.Log4JLogChute
2016-05-24 14:14:52,126 - Using logger class org.apache.velocity.runtime.log.Log4JLogChute
2016-05-24 14:14:52,126 - ResourceLoader instantiated: org.apache.velocity.runtime.resource.loader.FileResourceLoader
2016-05-24 14:14:52,126 - Do unicode file recognition:  false
2016-05-24 14:14:52,126 - FileResourceLoader : adding path '.'
2016-05-24 14:14:52,142 - ResourceCache: initialized (class org.apache.velocity.runtime.resource.ResourceCacheImpl) with class java.util.Collections$SynchronizedMap cache map.
2016-05-24 14:14:52,142 - Loaded System Directive: org.apache.velocity.runtime.directive.Stop
2016-05-24 14:14:52,142 - Loaded System Directive: org.apache.velocity.runtime.directive.Define
2016-05-24 14:14:52,142 - Loaded System Directive: org.apache.velocity.runtime.directive.Break
2016-05-24 14:14:52,142 - Loaded System Directive: org.apache.velocity.runtime.directive.Evaluate
2016-05-24 14:14:52,142 - Loaded System Directive: org.apache.velocity.runtime.directive.Literal
2016-05-24 14:14:52,142 - Loaded System Directive: org.apache.velocity.runtime.directive.Macro
2016-05-24 14:14:52,142 - Loaded System Directive: org.apache.velocity.runtime.directive.Parse
2016-05-24 14:14:52,142 - Loaded System Directive: org.apache.velocity.runtime.directive.Include
2016-05-24 14:14:52,142 - Loaded System Directive: org.apache.velocity.runtime.directive.Foreach
2016-05-24 14:14:52,173 - Created '20' parsers.
2016-05-24 14:14:52,173 - Velocimacro : "velocimacro.library" is not set.  Trying default library: VM_global_library.vm
2016-05-24 14:14:52,173 - Velocimacro : Default library not found.
2016-05-24 14:14:52,173 - Velocimacro : allowInline = true : VMs can be defined inline in templates
2016-05-24 14:14:52,173 - Velocimacro : allowInlineToOverride = false : VMs defined inline may NOT replace previous VM definitions
2016-05-24 14:14:52,173 - Velocimacro : allowInlineLocal = false : VMs defined inline will be global in scope if allowed.
2016-05-24 14:14:52,173 - Velocimacro : autoload off : VM system will not automatically reload global library macros
2016-05-24 14:23:02,465 - Log4JLogChute initialized using file 'velocity.log'
2016-05-24 14:23:02,465 - Initializing Velocity, Calling init()...
2016-05-24 14:23:02,465 - Starting Apache Velocity v1.7 (compiled: 2010-11-19 12:14:37)
2016-05-24 14:23:02,465 - Default Properties File: org\apache\velocity\runtime\defaults\velocity.properties
2016-05-24 14:23:02,465 - Trying to use logger class org.apache.velocity.runtime.log.AvalonLogChute
2016-05-24 14:23:02,465 - Target log system for org.apache.velocity.runtime.log.AvalonLogChute is not available (java.lang.NoClassDefFoundError: org/apache/log/format/Formatter).  Falling back to next log system...
2016-05-24 14:23:02,465 - Trying to use logger class org.apache.velocity.runtime.log.Log4JLogChute
2016-05-24 14:23:02,465 - Using logger class org.apache.velocity.runtime.log.Log4JLogChute
2016-05-24 14:23:02,465 - ResourceLoader instantiated: org.apache.velocity.runtime.resource.loader.FileResourceLoader
2016-05-24 14:23:02,465 - Do unicode file recognition:  false
2016-05-24 14:23:02,465 - FileResourceLoader : adding path '.'
2016-05-24 14:23:02,480 - ResourceCache: initialized (class org.apache.velocity.runtime.resource.ResourceCacheImpl) with class java.util.Collections$SynchronizedMap cache map.
2016-05-24 14:23:02,480 - Loaded System Directive: org.apache.velocity.runtime.directive.Stop
2016-05-24 14:23:02,480 - Loaded System Directive: org.apache.velocity.runtime.directive.Define
2016-05-24 14:23:02,480 - Loaded System Directive: org.apache.velocity.runtime.directive.Break
2016-05-24 14:23:02,480 - Loaded System Directive: org.apache.velocity.runtime.directive.Evaluate
2016-05-24 14:23:02,480 - Loaded System Directive: org.apache.velocity.runtime.directive.Literal
2016-05-24 14:23:02,480 - Loaded System Directive: org.apache.velocity.runtime.directive.Macro
2016-05-24 14:23:02,496 - Loaded System Directive: org.apache.velocity.runtime.directive.Parse
2016-05-24 14:23:02,496 - Loaded System Directive: org.apache.velocity.runtime.directive.Include
2016-05-24 14:23:02,496 - Loaded System Directive: org.apache.velocity.runtime.directive.Foreach
2016-05-24 14:23:02,527 - Created '20' parsers.
2016-05-24 14:23:02,527 - Velocimacro : "velocimacro.library" is not set.  Trying default library: VM_global_library.vm
2016-05-24 14:23:02,527 - Velocimacro : Default library not found.
2016-05-24 14:23:02,527 - Velocimacro : allowInline = true : VMs can be defined inline in templates
2016-05-24 14:23:02,527 - Velocimacro : allowInlineToOverride = false : VMs defined inline may NOT replace previous VM definitions
2016-05-24 14:23:02,527 - Velocimacro : allowInlineLocal = false : VMs defined inline will be global in scope if allowed.
2016-05-24 14:23:02,527 - Velocimacro : autoload off : VM system will not automatically reload global library macros
2016-05-24 14:23:09,740 - Log4JLogChute initialized using file 'velocity.log'
2016-05-24 14:23:09,740 - Initializing Velocity, Calling init()...
2016-05-24 14:23:09,740 - Starting Apache Velocity v1.7 (compiled: 2010-11-19 12:14:37)
2016-05-24 14:23:09,740 - Default Properties File: org\apache\velocity\runtime\defaults\velocity.properties
2016-05-24 14:23:09,740 - Trying to use logger class org.apache.velocity.runtime.log.AvalonLogChute
2016-05-24 14:23:09,740 - Target log system for org.apache.velocity.runtime.log.AvalonLogChute is not available (java.lang.NoClassDefFoundError: org/apache/log/format/Formatter).  Falling back to next log system...
2016-05-24 14:23:09,740 - Trying to use logger class org.apache.velocity.runtime.log.Log4JLogChute
2016-05-24 14:23:09,740 - Using logger class org.apache.velocity.runtime.log.Log4JLogChute
2016-05-24 14:23:09,740 - ResourceLoader instantiated: org.apache.velocity.runtime.resource.loader.FileResourceLoader
2016-05-24 14:23:09,740 - Do unicode file recognition:  false
2016-05-24 14:23:09,740 - FileResourceLoader : adding path '.'
2016-05-24 14:23:09,755 - ResourceCache: initialized (class org.apache.velocity.runtime.resource.ResourceCacheImpl) with class java.util.Collections$SynchronizedMap cache map.
2016-05-24 14:23:09,755 - Loaded System Directive: org.apache.velocity.runtime.directive.Stop
2016-05-24 14:23:09,755 - Loaded System Directive: org.apache.velocity.runtime.directive.Define
2016-05-24 14:23:09,755 - Loaded System Directive: org.apache.velocity.runtime.directive.Break
2016-05-24 14:23:09,755 - Loaded System Directive: org.apache.velocity.runtime.directive.Evaluate
2016-05-24 14:23:09,755 - Loaded System Directive: org.apache.velocity.runtime.directive.Literal
2016-05-24 14:23:09,755 - Loaded System Directive: org.apache.velocity.runtime.directive.Macro
2016-05-24 14:23:09,771 - Loaded System Directive: org.apache.velocity.runtime.directive.Parse
2016-05-24 14:23:09,771 - Loaded System Directive: org.apache.velocity.runtime.directive.Include
2016-05-24 14:23:09,771 - Loaded System Directive: org.apache.velocity.runtime.directive.Foreach
2016-05-24 14:23:09,786 - Created '20' parsers.
2016-05-24 14:23:09,802 - Velocimacro : "velocimacro.library" is not set.  Trying default library: VM_global_library.vm
2016-05-24 14:23:09,802 - Velocimacro : Default library not found.
2016-05-24 14:23:09,802 - Velocimacro : allowInline = true : VMs can be defined inline in templates
2016-05-24 14:23:09,802 - Velocimacro : allowInlineToOverride = false : VMs defined inline may NOT replace previous VM definitions
2016-05-24 14:23:09,802 - Velocimacro : allowInlineLocal = false : VMs defined inline will be global in scope if allowed.
2016-05-24 14:23:09,802 - Velocimacro : autoload off : VM system will not automatically reload global library macros
2016-05-24 14:23:43,383 - Log4JLogChute initialized using file 'velocity.log'
2016-05-24 14:23:43,383 - Initializing Velocity, Calling init()...
2016-05-24 14:23:43,383 - Starting Apache Velocity v1.7 (compiled: 2010-11-19 12:14:37)
2016-05-24 14:23:43,383 - Default Properties File: org\apache\velocity\runtime\defaults\velocity.properties
2016-05-24 14:23:43,383 - Trying to use logger class org.apache.velocity.runtime.log.AvalonLogChute
2016-05-24 14:23:43,383 - Target log system for org.apache.velocity.runtime.log.AvalonLogChute is not available (java.lang.NoClassDefFoundError: org/apache/log/format/Formatter).  Falling back to next log system...
2016-05-24 14:23:43,383 - Trying to use logger class org.apache.velocity.runtime.log.Log4JLogChute
2016-05-24 14:23:43,383 - Using logger class org.apache.velocity.runtime.log.Log4JLogChute
2016-05-24 14:23:43,383 - ResourceLoader instantiated: org.apache.velocity.runtime.resource.loader.FileResourceLoader
2016-05-24 14:23:43,383 - Do unicode file recognition:  false
2016-05-24 14:23:43,383 - FileResourceLoader : adding path '.'
2016-05-24 14:23:43,398 - ResourceCache: initialized (class org.apache.velocity.runtime.resource.ResourceCacheImpl) with class java.util.Collections$SynchronizedMap cache map.
2016-05-24 14:23:43,398 - Loaded System Directive: org.apache.velocity.runtime.directive.Stop
2016-05-24 14:23:43,398 - Loaded System Directive: org.apache.velocity.runtime.directive.Define
2016-05-24 14:23:43,398 - Loaded System Directive: org.apache.velocity.runtime.directive.Break
2016-05-24 14:23:43,398 - Loaded System Directive: org.apache.velocity.runtime.directive.Evaluate
2016-05-24 14:23:43,398 - Loaded System Directive: org.apache.velocity.runtime.directive.Literal
2016-05-24 14:23:43,398 - Loaded System Directive: org.apache.velocity.runtime.directive.Macro
2016-05-24 14:23:43,398 - Loaded System Directive: org.apache.velocity.runtime.directive.Parse
2016-05-24 14:23:43,398 - Loaded System Directive: org.apache.velocity.runtime.directive.Include
2016-05-24 14:23:43,414 - Loaded System Directive: org.apache.velocity.runtime.directive.Foreach
2016-05-24 14:23:43,430 - Created '20' parsers.
2016-05-24 14:23:43,445 - Velocimacro : "velocimacro.library" is not set.  Trying default library: VM_global_library.vm
2016-05-24 14:23:43,445 - Velocimacro : Default library not found.
2016-05-24 14:23:43,445 - Velocimacro : allowInline = true : VMs can be defined inline in templates
2016-05-24 14:23:43,445 - Velocimacro : allowInlineToOverride = false : VMs defined inline may NOT replace previous VM definitions
2016-05-24 14:23:43,445 - Velocimacro : allowInlineLocal = false : VMs defined inline will be global in scope if allowed.
2016-05-24 14:23:43,445 - Velocimacro : autoload off : VM system will not automatically reload global library macros
