18:50:45.476 [main] INFO  o.s.web.context.ContextLoader - Root WebApplicationContext: initialization started
18:50:45.649 [main] INFO  o.s.w.c.s.XmlWebApplicationContext - Refreshing Root WebApplicationContext: startup date [Thu Sep 22 18:50:45 CST 2016]; root of context hierarchy
18:50:45.711 [main] INFO  o.s.b.f.xml.XmlBeanDefinitionReader - Loading XML bean definitions from file [D:\UAP\nbone-framework\nbone\nbone\nbone-web-app\target\classes\spring-demo.xml]
18:50:45.914 [main] INFO  o.s.b.f.xml.XmlBeanDefinitionReader - Loading XML bean definitions from file [D:\UAP\nbone-framework\nbone\nbone\nbone-web-app\target\classes\spring-mvc-custom.xml]
18:50:45.930 [main] INFO  o.s.b.f.xml.XmlBeanDefinitionReader - Loading XML bean definitions from ServletContext resource [/WEB-INF/spring-mvc.xml]
18:50:46.086 [main] INFO  o.n.f.s.support.ComponentFactory - 注入ApplicationContext到SpringContextHolder:Root WebApplicationContext: startup date [Thu Sep 22 18:50:45 CST 2016]; root of context hierarchy
18:50:46.274 [main] INFO  o.h.validator.internal.util.Version - HV000001: Hibernate Validator 4.3.2.Final
18:50:46.584 [main] INFO  o.s.w.s.m.m.a.RequestMappingHandlerAdapter - Looking for @ControllerAdvice: Root WebApplicationContext: startup date [Thu Sep 22 18:50:45 CST 2016]; root of context hierarchy
18:50:46.644 [main] INFO  o.s.w.s.m.m.a.RequestMappingHandlerAdapter - Looking for @ControllerAdvice: Root WebApplicationContext: startup date [Thu Sep 22 18:50:45 CST 2016]; root of context hierarchy
18:50:46.673 [main] INFO  o.s.web.context.ContextLoader - Root WebApplicationContext: initialization completed in 1196 ms
18:50:46.752 [main] INFO  o.n.f.s.w.s.ViewDispatcherServlet - FrameworkServlet 'springmvc': initialization started
18:50:46.764 [main] INFO  o.s.w.c.s.XmlWebApplicationContext - Refreshing WebApplicationContext for namespace 'springmvc-servlet': startup date [Thu Sep 22 18:50:46 CST 2016]; parent: Root WebApplicationContext
18:50:47.144 [main] INFO  o.s.b.f.xml.XmlBeanDefinitionReader - Loading XML bean definitions from file [D:\UAP\nbone-framework\nbone\nbone\nbone-web-app\target\classes\spring-mvc-custom.xml]
18:50:47.168 [main] INFO  o.s.b.f.xml.XmlBeanDefinitionReader - Loading XML bean definitions from file [D:\UAP\nbone-framework\nbone\nbone\nbone-core\target\classes\spring-mvc.xml]
18:50:47.270 [main] INFO  o.s.b.f.xml.XmlBeanDefinitionReader - Loading XML bean definitions from ServletContext resource [/WEB-INF/spring-mvc.xml]
18:50:47.301 [main] INFO  o.s.b.f.s.DefaultListableBeanFactory - Overriding bean definition for bean 'mvcContentNegotiationManager': replacing [Root bean: class [org.springframework.web.accept.ContentNegotiationManagerFactoryBean]; scope=; abstract=false; lazyInit=false; autowireMode=0; dependencyCheck=0; autowireCandidate=true; primary=false; factoryBeanName=null; factoryMethodName=null; initMethodName=null; destroyMethodName=null] with [Root bean: class [org.springframework.web.accept.ContentNegotiationManagerFactoryBean]; scope=; abstract=false; lazyInit=false; autowireMode=0; dependencyCheck=0; autowireCandidate=true; primary=false; factoryBeanName=null; factoryMethodName=null; initMethodName=null; destroyMethodName=null]
18:50:47.305 [main] INFO  o.s.b.f.s.DefaultListableBeanFactory - Overriding bean definition for bean 'mvcUriComponentsContributor': replacing [Root bean: class [org.springframework.web.servlet.config.AnnotationDrivenBeanDefinitionParser$CompositeUriComponentsContributorFactoryBean]; scope=; abstract=false; lazyInit=false; autowireMode=0; dependencyCheck=0; autowireCandidate=true; primary=false; factoryBeanName=null; factoryMethodName=null; initMethodName=null; destroyMethodName=null] with [Root bean: class [org.springframework.web.servlet.config.AnnotationDrivenBeanDefinitionParser$CompositeUriComponentsContributorFactoryBean]; scope=; abstract=false; lazyInit=false; autowireMode=0; dependencyCheck=0; autowireCandidate=true; primary=false; factoryBeanName=null; factoryMethodName=null; initMethodName=null; destroyMethodName=null]
18:50:47.305 [main] INFO  o.s.b.f.xml.XmlBeanDefinitionReader - Loading XML bean definitions from class path resource [configuration/springmvc/springmvc-velocity.xml]
18:50:47.385 [main] INFO  o.n.f.s.support.ComponentFactory - 注入ApplicationContext到SpringContextHolder:WebApplicationContext for namespace 'springmvc-servlet': startup date [Thu Sep 22 18:50:46 CST 2016]; parent: Root WebApplicationContext
18:50:47.464 [main] INFO  o.s.w.s.m.m.a.RequestMappingHandlerMapping - Mapped "{[/save],methods=[],params=[],headers=[],consumes=[],produces=[],custom=[]}" onto java.lang.Object org.nbone.web.demo.SampleController.form(org.nbone.test.domain.User,java.util.List<java.lang.Integer>,java.util.List<org.nbone.test.domain.User>)
18:50:47.464 [main] INFO  o.s.w.s.m.m.a.RequestMappingHandlerMapping - Mapped "{[/test],methods=[],params=[],headers=[],consumes=[],produces=[],custom=[]}" onto java.lang.String org.nbone.web.demo.SampleController.home(java.util.Map<java.lang.String, java.lang.String>,org.springframework.http.HttpHeaders)
18:50:47.464 [main] INFO  o.s.w.s.m.m.a.RequestMappingHandlerMapping - Mapped "{[/user/{id}],methods=[GET],params=[],headers=[],consumes=[],produces=[],custom=[]}" onto public java.lang.String org.nbone.web.restful.SampleRestfulController.get(java.lang.String)
18:50:47.464 [main] INFO  o.s.w.s.m.m.a.RequestMappingHandlerMapping - Mapped "{[/user],methods=[POST],params=[],headers=[],consumes=[],produces=[],custom=[]}" onto public java.lang.Object org.nbone.web.restful.SampleRestfulController.save(org.nbone.test.domain.User)
18:50:47.464 [main] INFO  o.s.w.s.m.m.a.RequestMappingHandlerMapping - Mapped "{[/user/{id}],methods=[DELETE],params=[],headers=[],consumes=[],produces=[],custom=[]}" onto public java.lang.Object org.nbone.web.restful.SampleRestfulController.delete(java.lang.String)
18:50:47.464 [main] INFO  o.s.w.s.m.m.a.RequestMappingHandlerMapping - Mapped "{[/user/{id}],methods=[PUT],params=[],headers=[],consumes=[],produces=[],custom=[]}" onto public java.lang.Object org.nbone.web.restful.SampleRestfulController.update(java.lang.String,org.nbone.test.domain.User)
18:50:47.464 [main] INFO  o.s.w.s.m.m.a.RequestMappingHandlerMapping - Mapped "{[/user/login],methods=[POST],params=[],headers=[],consumes=[],produces=[],custom=[]}" onto public java.lang.Object org.nbone.web.restful.SampleRestfulController.login(org.nbone.test.domain.User)
18:50:47.663 [main] INFO  o.n.f.s.w.m.a.JsonRequestBodyMethodProcessor - ========================================================================
18:50:47.664 [main] INFO  o.n.f.s.w.m.a.JsonRequestBodyMethodProcessor - nbone JsonRequestBodyMethodProcessor starting ....
18:50:47.664 [main] INFO  o.n.f.s.w.m.a.JsonRequestBodyMethodProcessor - ========================================================================
18:50:47.678 [main] INFO  o.s.w.s.m.m.a.RequestMappingHandlerAdapter - Looking for @ControllerAdvice: WebApplicationContext for namespace 'springmvc-servlet': startup date [Thu Sep 22 18:50:46 CST 2016]; parent: Root WebApplicationContext
18:50:47.698 [main] INFO  o.s.w.s.m.m.a.RequestMappingHandlerAdapter - Looking for @ControllerAdvice: WebApplicationContext for namespace 'springmvc-servlet': startup date [Thu Sep 22 18:50:46 CST 2016]; parent: Root WebApplicationContext
18:50:47.725 [main] INFO  o.s.w.s.m.m.a.RequestMappingHandlerMapping - Mapped "{[/save],methods=[],params=[],headers=[],consumes=[],produces=[],custom=[]}" onto java.lang.Object org.nbone.web.demo.SampleController.form(org.nbone.test.domain.User,java.util.List<java.lang.Integer>,java.util.List<org.nbone.test.domain.User>)
18:50:47.726 [main] INFO  o.s.w.s.m.m.a.RequestMappingHandlerMapping - Mapped "{[/test],methods=[],params=[],headers=[],consumes=[],produces=[],custom=[]}" onto java.lang.String org.nbone.web.demo.SampleController.home(java.util.Map<java.lang.String, java.lang.String>,org.springframework.http.HttpHeaders)
18:50:47.727 [main] INFO  o.s.w.s.m.m.a.RequestMappingHandlerMapping - Mapped "{[/user/{id}],methods=[GET],params=[],headers=[],consumes=[],produces=[],custom=[]}" onto public java.lang.String org.nbone.web.restful.SampleRestfulController.get(java.lang.String)
18:50:47.727 [main] INFO  o.s.w.s.m.m.a.RequestMappingHandlerMapping - Mapped "{[/user],methods=[POST],params=[],headers=[],consumes=[],produces=[],custom=[]}" onto public java.lang.Object org.nbone.web.restful.SampleRestfulController.save(org.nbone.test.domain.User)
18:50:47.727 [main] INFO  o.s.w.s.m.m.a.RequestMappingHandlerMapping - Mapped "{[/user/{id}],methods=[DELETE],params=[],headers=[],consumes=[],produces=[],custom=[]}" onto public java.lang.Object org.nbone.web.restful.SampleRestfulController.delete(java.lang.String)
18:50:47.727 [main] INFO  o.s.w.s.m.m.a.RequestMappingHandlerMapping - Mapped "{[/user/{id}],methods=[PUT],params=[],headers=[],consumes=[],produces=[],custom=[]}" onto public java.lang.Object org.nbone.web.restful.SampleRestfulController.update(java.lang.String,org.nbone.test.domain.User)
18:50:47.728 [main] INFO  o.s.w.s.m.m.a.RequestMappingHandlerMapping - Mapped "{[/user/login],methods=[POST],params=[],headers=[],consumes=[],produces=[],custom=[]}" onto public java.lang.Object org.nbone.web.restful.SampleRestfulController.login(org.nbone.test.domain.User)
18:50:47.742 [main] INFO  o.s.w.s.m.m.a.RequestMappingHandlerAdapter - Looking for @ControllerAdvice: WebApplicationContext for namespace 'springmvc-servlet': startup date [Thu Sep 22 18:50:46 CST 2016]; parent: Root WebApplicationContext
18:50:47.789 [main] INFO  o.n.f.s.w.s.ViewDispatcherServlet - FrameworkServlet 'springmvc': initialization completed in 1026 ms
18:50:51.040 [qtp572848874-26] WARN  o.s.web.servlet.PageNotFound - No mapping found for HTTP request with URI [/] in DispatcherServlet with name 'springmvc'
18:50:51.080 [qtp572848874-25] WARN  o.s.web.servlet.PageNotFound - No mapping found for HTTP request with URI [/favicon.ico] in DispatcherServlet with name 'springmvc'
18:51:01.624 [qtp572848874-26] WARN  o.s.web.servlet.PageNotFound - No mapping found for HTTP request with URI [/] in DispatcherServlet with name 'springmvc'
18:51:18.458 [qtp572848874-26] WARN  o.s.web.servlet.PageNotFound - No mapping found for HTTP request with URI [/index] in DispatcherServlet with name 'springmvc'
