18:03:29.885 [main] INFO  o.s.web.context.ContextLoader - Root WebApplicationContext: initialization started
18:03:29.956 [main] INFO  o.s.w.c.s.XmlWebApplicationContext - Refreshing Root WebApplicationContext: startup date [Fri Sep 23 18:03:29 CST 2016]; root of context hierarchy
18:03:29.990 [main] INFO  o.s.b.f.xml.XmlBeanDefinitionReader - Loading XML bean definitions from file [D:\UAP\nbone-framework\nbone\nbone\nbone-web-app\target\classes\spring-demo.xml]
18:03:30.196 [main] INFO  o.s.b.f.xml.XmlBeanDefinitionReader - Loading XML bean definitions from file [D:\UAP\nbone-framework\nbone\nbone\nbone-web-app\target\classes\spring-mvc-custom.xml]
18:03:30.219 [main] INFO  o.s.b.f.xml.XmlBeanDefinitionReader - Loading XML bean definitions from ServletContext resource [/WEB-INF/spring-mvc.xml]
18:03:30.333 [main] INFO  o.n.f.s.support.ComponentFactory - 注入ApplicationContext到SpringContextHolder:Root WebApplicationContext: startup date [Fri Sep 23 18:03:29 CST 2016]; root of context hierarchy
18:03:30.470 [main] INFO  o.h.validator.internal.util.Version - HV000001: Hibernate Validator 4.3.2.Final
18:03:30.721 [main] INFO  o.s.w.s.m.m.a.RequestMappingHandlerAdapter - Looking for @ControllerAdvice: Root WebApplicationContext: startup date [Fri Sep 23 18:03:29 CST 2016]; root of context hierarchy
18:03:30.764 [main] INFO  o.s.w.s.m.m.a.RequestMappingHandlerAdapter - Looking for @ControllerAdvice: Root WebApplicationContext: startup date [Fri Sep 23 18:03:29 CST 2016]; root of context hierarchy
18:03:30.797 [main] INFO  o.s.web.context.ContextLoader - Root WebApplicationContext: initialization completed in 905 ms
18:03:30.863 [main] INFO  o.n.f.s.w.s.ViewDispatcherServlet - FrameworkServlet 'springmvc': initialization started
18:03:30.865 [main] INFO  o.s.w.c.s.XmlWebApplicationContext - Refreshing WebApplicationContext for namespace 'springmvc-servlet': startup date [Fri Sep 23 18:03:30 CST 2016]; parent: Root WebApplicationContext
18:03:31.011 [main] INFO  o.s.b.f.xml.XmlBeanDefinitionReader - Loading XML bean definitions from file [D:\UAP\nbone-framework\nbone\nbone\nbone-web-app\target\classes\spring-mvc-custom.xml]
18:03:31.031 [main] INFO  o.s.b.f.xml.XmlBeanDefinitionReader - Loading XML bean definitions from file [D:\UAP\nbone-framework\nbone\nbone\nbone-core\target\classes\spring-mvc.xml]
18:03:31.154 [main] INFO  o.s.b.f.xml.XmlBeanDefinitionReader - Loading XML bean definitions from ServletContext resource [/WEB-INF/spring-mvc.xml]
18:03:31.178 [main] INFO  o.s.b.f.s.DefaultListableBeanFactory - Overriding bean definition for bean 'mvcContentNegotiationManager': replacing [Root bean: class [org.springframework.web.accept.ContentNegotiationManagerFactoryBean]; scope=; abstract=false; lazyInit=false; autowireMode=0; dependencyCheck=0; autowireCandidate=true; primary=false; factoryBeanName=null; factoryMethodName=null; initMethodName=null; destroyMethodName=null] with [Root bean: class [org.springframework.web.accept.ContentNegotiationManagerFactoryBean]; scope=; abstract=false; lazyInit=false; autowireMode=0; dependencyCheck=0; autowireCandidate=true; primary=false; factoryBeanName=null; factoryMethodName=null; initMethodName=null; destroyMethodName=null]
18:03:31.180 [main] INFO  o.s.b.f.s.DefaultListableBeanFactory - Overriding bean definition for bean 'mvcUriComponentsContributor': replacing [Root bean: class [org.springframework.web.servlet.config.AnnotationDrivenBeanDefinitionParser$CompositeUriComponentsContributorFactoryBean]; scope=; abstract=false; lazyInit=false; autowireMode=0; dependencyCheck=0; autowireCandidate=true; primary=false; factoryBeanName=null; factoryMethodName=null; initMethodName=null; destroyMethodName=null] with [Root bean: class [org.springframework.web.servlet.config.AnnotationDrivenBeanDefinitionParser$CompositeUriComponentsContributorFactoryBean]; scope=; abstract=false; lazyInit=false; autowireMode=0; dependencyCheck=0; autowireCandidate=true; primary=false; factoryBeanName=null; factoryMethodName=null; initMethodName=null; destroyMethodName=null]
18:03:31.181 [main] INFO  o.s.b.f.xml.XmlBeanDefinitionReader - Loading XML bean definitions from class path resource [configuration/springmvc/springmvc-velocity.xml]
18:03:31.253 [main] INFO  o.n.f.s.support.ComponentFactory - 注入ApplicationContext到SpringContextHolder:WebApplicationContext for namespace 'springmvc-servlet': startup date [Fri Sep 23 18:03:30 CST 2016]; parent: Root WebApplicationContext
18:03:31.327 [main] INFO  o.s.w.s.m.m.a.RequestMappingHandlerMapping - Mapped "{[/save],methods=[],params=[],headers=[],consumes=[],produces=[],custom=[]}" onto java.lang.Object org.nbone.web.demo.SampleController.form(org.nbone.test.domain.User,java.util.List<java.lang.Integer>,java.util.List<org.nbone.test.domain.User>)
18:03:31.327 [main] INFO  o.s.w.s.m.m.a.RequestMappingHandlerMapping - Mapped "{[/test],methods=[],params=[],headers=[],consumes=[],produces=[],custom=[]}" onto java.lang.String org.nbone.web.demo.SampleController.home(java.util.Map<java.lang.String, java.lang.String>,org.springframework.http.HttpHeaders)
18:03:31.329 [main] INFO  o.s.w.s.m.m.a.RequestMappingHandlerMapping - Mapped "{[/user/{id}],methods=[GET],params=[],headers=[],consumes=[],produces=[],custom=[]}" onto public java.lang.String org.nbone.web.restful.SampleRestfulController.get(java.lang.String)
18:03:31.329 [main] INFO  o.s.w.s.m.m.a.RequestMappingHandlerMapping - Mapped "{[/user],methods=[POST],params=[],headers=[],consumes=[],produces=[],custom=[]}" onto public java.lang.Object org.nbone.web.restful.SampleRestfulController.save(org.nbone.test.domain.User)
18:03:31.329 [main] INFO  o.s.w.s.m.m.a.RequestMappingHandlerMapping - Mapped "{[/user/{id}],methods=[DELETE],params=[],headers=[],consumes=[],produces=[],custom=[]}" onto public java.lang.Object org.nbone.web.restful.SampleRestfulController.delete(java.lang.String)
18:03:31.329 [main] INFO  o.s.w.s.m.m.a.RequestMappingHandlerMapping - Mapped "{[/user/{id}],methods=[PUT],params=[],headers=[],consumes=[],produces=[],custom=[]}" onto public java.lang.Object org.nbone.web.restful.SampleRestfulController.update(java.lang.String,org.nbone.test.domain.User)
18:03:31.329 [main] INFO  o.s.w.s.m.m.a.RequestMappingHandlerMapping - Mapped "{[/user/login],methods=[POST],params=[],headers=[],consumes=[],produces=[],custom=[]}" onto public java.lang.Object org.nbone.web.restful.SampleRestfulController.login(org.nbone.test.domain.User)
18:03:31.520 [main] INFO  o.n.f.s.w.m.a.JsonRequestBodyMethodProcessor - ========================================================================
18:03:31.521 [main] INFO  o.n.f.s.w.m.a.JsonRequestBodyMethodProcessor - nbone JsonRequestBodyMethodProcessor starting ....
18:03:31.521 [main] INFO  o.n.f.s.w.m.a.JsonRequestBodyMethodProcessor - ========================================================================
18:03:31.534 [main] INFO  o.s.w.s.m.m.a.RequestMappingHandlerAdapter - Looking for @ControllerAdvice: WebApplicationContext for namespace 'springmvc-servlet': startup date [Fri Sep 23 18:03:30 CST 2016]; parent: Root WebApplicationContext
18:03:31.551 [main] INFO  o.s.w.s.m.m.a.RequestMappingHandlerAdapter - Looking for @ControllerAdvice: WebApplicationContext for namespace 'springmvc-servlet': startup date [Fri Sep 23 18:03:30 CST 2016]; parent: Root WebApplicationContext
18:03:31.574 [main] INFO  o.s.w.s.m.m.a.RequestMappingHandlerMapping - Mapped "{[/save],methods=[],params=[],headers=[],consumes=[],produces=[],custom=[]}" onto java.lang.Object org.nbone.web.demo.SampleController.form(org.nbone.test.domain.User,java.util.List<java.lang.Integer>,java.util.List<org.nbone.test.domain.User>)
18:03:31.574 [main] INFO  o.s.w.s.m.m.a.RequestMappingHandlerMapping - Mapped "{[/test],methods=[],params=[],headers=[],consumes=[],produces=[],custom=[]}" onto java.lang.String org.nbone.web.demo.SampleController.home(java.util.Map<java.lang.String, java.lang.String>,org.springframework.http.HttpHeaders)
18:03:31.576 [main] INFO  o.s.w.s.m.m.a.RequestMappingHandlerMapping - Mapped "{[/user/{id}],methods=[GET],params=[],headers=[],consumes=[],produces=[],custom=[]}" onto public java.lang.String org.nbone.web.restful.SampleRestfulController.get(java.lang.String)
18:03:31.576 [main] INFO  o.s.w.s.m.m.a.RequestMappingHandlerMapping - Mapped "{[/user],methods=[POST],params=[],headers=[],consumes=[],produces=[],custom=[]}" onto public java.lang.Object org.nbone.web.restful.SampleRestfulController.save(org.nbone.test.domain.User)
18:03:31.576 [main] INFO  o.s.w.s.m.m.a.RequestMappingHandlerMapping - Mapped "{[/user/{id}],methods=[DELETE],params=[],headers=[],consumes=[],produces=[],custom=[]}" onto public java.lang.Object org.nbone.web.restful.SampleRestfulController.delete(java.lang.String)
18:03:31.576 [main] INFO  o.s.w.s.m.m.a.RequestMappingHandlerMapping - Mapped "{[/user/{id}],methods=[PUT],params=[],headers=[],consumes=[],produces=[],custom=[]}" onto public java.lang.Object org.nbone.web.restful.SampleRestfulController.update(java.lang.String,org.nbone.test.domain.User)
18:03:31.577 [main] INFO  o.s.w.s.m.m.a.RequestMappingHandlerMapping - Mapped "{[/user/login],methods=[POST],params=[],headers=[],consumes=[],produces=[],custom=[]}" onto public java.lang.Object org.nbone.web.restful.SampleRestfulController.login(org.nbone.test.domain.User)
18:03:31.591 [main] INFO  o.s.w.s.m.m.a.RequestMappingHandlerAdapter - Looking for @ControllerAdvice: WebApplicationContext for namespace 'springmvc-servlet': startup date [Fri Sep 23 18:03:30 CST 2016]; parent: Root WebApplicationContext
18:03:31.635 [main] INFO  o.n.f.s.w.s.ViewDispatcherServlet - FrameworkServlet 'springmvc': initialization completed in 772 ms
18:03:42.227 [qtp1774386995-25] WARN  o.s.web.servlet.PageNotFound - No mapping found for HTTP request with URI [/] in DispatcherServlet with name 'springmvc'
18:10:03.782 [main] INFO  o.s.web.context.ContextLoader - Root WebApplicationContext: initialization started
18:10:03.848 [main] INFO  o.s.w.c.s.XmlWebApplicationContext - Refreshing Root WebApplicationContext: startup date [Fri Sep 23 18:10:03 CST 2016]; root of context hierarchy
18:10:03.882 [main] INFO  o.s.b.f.xml.XmlBeanDefinitionReader - Loading XML bean definitions from file [D:\UAP\nbone-framework\nbone\nbone\nbone-web-app\target\classes\spring-demo.xml]
18:10:04.083 [main] INFO  o.s.b.f.xml.XmlBeanDefinitionReader - Loading XML bean definitions from file [D:\UAP\nbone-framework\nbone\nbone\nbone-web-app\target\classes\spring-mvc-custom.xml]
18:10:04.106 [main] INFO  o.s.b.f.xml.XmlBeanDefinitionReader - Loading XML bean definitions from ServletContext resource [/WEB-INF/spring-mvc.xml]
18:10:04.215 [main] INFO  o.n.f.s.support.ComponentFactory - 注入ApplicationContext到SpringContextHolder:Root WebApplicationContext: startup date [Fri Sep 23 18:10:03 CST 2016]; root of context hierarchy
18:10:04.355 [main] INFO  o.h.validator.internal.util.Version - HV000001: Hibernate Validator 4.3.2.Final
18:10:04.604 [main] INFO  o.s.w.s.m.m.a.RequestMappingHandlerAdapter - Looking for @ControllerAdvice: Root WebApplicationContext: startup date [Fri Sep 23 18:10:03 CST 2016]; root of context hierarchy
18:10:04.646 [main] INFO  o.s.w.s.m.m.a.RequestMappingHandlerAdapter - Looking for @ControllerAdvice: Root WebApplicationContext: startup date [Fri Sep 23 18:10:03 CST 2016]; root of context hierarchy
18:10:04.682 [main] INFO  o.s.web.context.ContextLoader - Root WebApplicationContext: initialization completed in 898 ms
18:10:04.742 [main] INFO  o.n.f.s.w.s.ViewDispatcherServlet - FrameworkServlet 'springmvc': initialization started
18:10:04.745 [main] INFO  o.s.w.c.s.XmlWebApplicationContext - Refreshing WebApplicationContext for namespace 'springmvc-servlet': startup date [Fri Sep 23 18:10:04 CST 2016]; parent: Root WebApplicationContext
18:10:04.889 [main] INFO  o.s.b.f.xml.XmlBeanDefinitionReader - Loading XML bean definitions from file [D:\UAP\nbone-framework\nbone\nbone\nbone-web-app\target\classes\spring-mvc-custom.xml]
18:10:04.911 [main] INFO  o.s.b.f.xml.XmlBeanDefinitionReader - Loading XML bean definitions from file [D:\UAP\nbone-framework\nbone\nbone\nbone-core\target\classes\spring-mvc.xml]
18:10:05.007 [main] INFO  o.s.b.f.xml.XmlBeanDefinitionReader - Loading XML bean definitions from ServletContext resource [/WEB-INF/spring-mvc.xml]
18:10:05.030 [main] INFO  o.s.b.f.s.DefaultListableBeanFactory - Overriding bean definition for bean 'mvcContentNegotiationManager': replacing [Root bean: class [org.springframework.web.accept.ContentNegotiationManagerFactoryBean]; scope=; abstract=false; lazyInit=false; autowireMode=0; dependencyCheck=0; autowireCandidate=true; primary=false; factoryBeanName=null; factoryMethodName=null; initMethodName=null; destroyMethodName=null] with [Root bean: class [org.springframework.web.accept.ContentNegotiationManagerFactoryBean]; scope=; abstract=false; lazyInit=false; autowireMode=0; dependencyCheck=0; autowireCandidate=true; primary=false; factoryBeanName=null; factoryMethodName=null; initMethodName=null; destroyMethodName=null]
18:10:05.032 [main] INFO  o.s.b.f.s.DefaultListableBeanFactory - Overriding bean definition for bean 'mvcUriComponentsContributor': replacing [Root bean: class [org.springframework.web.servlet.config.AnnotationDrivenBeanDefinitionParser$CompositeUriComponentsContributorFactoryBean]; scope=; abstract=false; lazyInit=false; autowireMode=0; dependencyCheck=0; autowireCandidate=true; primary=false; factoryBeanName=null; factoryMethodName=null; initMethodName=null; destroyMethodName=null] with [Root bean: class [org.springframework.web.servlet.config.AnnotationDrivenBeanDefinitionParser$CompositeUriComponentsContributorFactoryBean]; scope=; abstract=false; lazyInit=false; autowireMode=0; dependencyCheck=0; autowireCandidate=true; primary=false; factoryBeanName=null; factoryMethodName=null; initMethodName=null; destroyMethodName=null]
18:10:05.033 [main] INFO  o.s.b.f.xml.XmlBeanDefinitionReader - Loading XML bean definitions from class path resource [configuration/springmvc/springmvc-velocity.xml]
18:10:05.104 [main] INFO  o.n.f.s.support.ComponentFactory - 注入ApplicationContext到SpringContextHolder:WebApplicationContext for namespace 'springmvc-servlet': startup date [Fri Sep 23 18:10:04 CST 2016]; parent: Root WebApplicationContext
18:10:05.178 [main] INFO  o.s.w.s.m.m.a.RequestMappingHandlerMapping - Mapped "{[/save],methods=[],params=[],headers=[],consumes=[],produces=[],custom=[]}" onto java.lang.Object org.nbone.web.demo.SampleController.form(org.nbone.test.domain.User,java.util.List<java.lang.Integer>,java.util.List<org.nbone.test.domain.User>)
18:10:05.178 [main] INFO  o.s.w.s.m.m.a.RequestMappingHandlerMapping - Mapped "{[/test],methods=[],params=[],headers=[],consumes=[],produces=[],custom=[]}" onto java.lang.String org.nbone.web.demo.SampleController.home(java.util.Map<java.lang.String, java.lang.String>,org.springframework.http.HttpHeaders)
18:10:05.181 [main] INFO  o.s.w.s.m.m.a.RequestMappingHandlerMapping - Mapped "{[/user/{id}],methods=[GET],params=[],headers=[],consumes=[],produces=[],custom=[]}" onto public java.lang.String org.nbone.web.restful.SampleRestfulController.get(java.lang.String)
18:10:05.181 [main] INFO  o.s.w.s.m.m.a.RequestMappingHandlerMapping - Mapped "{[/user],methods=[POST],params=[],headers=[],consumes=[],produces=[],custom=[]}" onto public java.lang.Object org.nbone.web.restful.SampleRestfulController.save(org.nbone.test.domain.User)
18:10:05.182 [main] INFO  o.s.w.s.m.m.a.RequestMappingHandlerMapping - Mapped "{[/user/{id}],methods=[DELETE],params=[],headers=[],consumes=[],produces=[],custom=[]}" onto public java.lang.Object org.nbone.web.restful.SampleRestfulController.delete(java.lang.String)
18:10:05.182 [main] INFO  o.s.w.s.m.m.a.RequestMappingHandlerMapping - Mapped "{[/user/{id}],methods=[PUT],params=[],headers=[],consumes=[],produces=[],custom=[]}" onto public java.lang.Object org.nbone.web.restful.SampleRestfulController.update(java.lang.String,org.nbone.test.domain.User)
18:10:05.182 [main] INFO  o.s.w.s.m.m.a.RequestMappingHandlerMapping - Mapped "{[/user/login],methods=[POST],params=[],headers=[],consumes=[],produces=[],custom=[]}" onto public java.lang.Object org.nbone.web.restful.SampleRestfulController.login(org.nbone.test.domain.User)
18:10:05.374 [main] INFO  o.n.f.s.w.m.a.JsonRequestBodyMethodProcessor - ========================================================================
18:10:05.375 [main] INFO  o.n.f.s.w.m.a.JsonRequestBodyMethodProcessor - nbone JsonRequestBodyMethodProcessor starting ....
18:10:05.375 [main] INFO  o.n.f.s.w.m.a.JsonRequestBodyMethodProcessor - ========================================================================
18:10:05.387 [main] INFO  o.s.w.s.m.m.a.RequestMappingHandlerAdapter - Looking for @ControllerAdvice: WebApplicationContext for namespace 'springmvc-servlet': startup date [Fri Sep 23 18:10:04 CST 2016]; parent: Root WebApplicationContext
18:10:05.406 [main] INFO  o.s.w.s.m.m.a.RequestMappingHandlerAdapter - Looking for @ControllerAdvice: WebApplicationContext for namespace 'springmvc-servlet': startup date [Fri Sep 23 18:10:04 CST 2016]; parent: Root WebApplicationContext
18:10:05.431 [main] INFO  o.s.w.s.m.m.a.RequestMappingHandlerMapping - Mapped "{[/save],methods=[],params=[],headers=[],consumes=[],produces=[],custom=[]}" onto java.lang.Object org.nbone.web.demo.SampleController.form(org.nbone.test.domain.User,java.util.List<java.lang.Integer>,java.util.List<org.nbone.test.domain.User>)
18:10:05.431 [main] INFO  o.s.w.s.m.m.a.RequestMappingHandlerMapping - Mapped "{[/test],methods=[],params=[],headers=[],consumes=[],produces=[],custom=[]}" onto java.lang.String org.nbone.web.demo.SampleController.home(java.util.Map<java.lang.String, java.lang.String>,org.springframework.http.HttpHeaders)
18:10:05.432 [main] INFO  o.s.w.s.m.m.a.RequestMappingHandlerMapping - Mapped "{[/user/{id}],methods=[GET],params=[],headers=[],consumes=[],produces=[],custom=[]}" onto public java.lang.String org.nbone.web.restful.SampleRestfulController.get(java.lang.String)
18:10:05.433 [main] INFO  o.s.w.s.m.m.a.RequestMappingHandlerMapping - Mapped "{[/user],methods=[POST],params=[],headers=[],consumes=[],produces=[],custom=[]}" onto public java.lang.Object org.nbone.web.restful.SampleRestfulController.save(org.nbone.test.domain.User)
18:10:05.433 [main] INFO  o.s.w.s.m.m.a.RequestMappingHandlerMapping - Mapped "{[/user/{id}],methods=[DELETE],params=[],headers=[],consumes=[],produces=[],custom=[]}" onto public java.lang.Object org.nbone.web.restful.SampleRestfulController.delete(java.lang.String)
18:10:05.433 [main] INFO  o.s.w.s.m.m.a.RequestMappingHandlerMapping - Mapped "{[/user/{id}],methods=[PUT],params=[],headers=[],consumes=[],produces=[],custom=[]}" onto public java.lang.Object org.nbone.web.restful.SampleRestfulController.update(java.lang.String,org.nbone.test.domain.User)
18:10:05.433 [main] INFO  o.s.w.s.m.m.a.RequestMappingHandlerMapping - Mapped "{[/user/login],methods=[POST],params=[],headers=[],consumes=[],produces=[],custom=[]}" onto public java.lang.Object org.nbone.web.restful.SampleRestfulController.login(org.nbone.test.domain.User)
18:10:05.446 [main] INFO  o.s.w.s.m.m.a.RequestMappingHandlerAdapter - Looking for @ControllerAdvice: WebApplicationContext for namespace 'springmvc-servlet': startup date [Fri Sep 23 18:10:04 CST 2016]; parent: Root WebApplicationContext
18:10:05.490 [main] INFO  o.n.f.s.w.s.ViewDispatcherServlet - FrameworkServlet 'springmvc': initialization completed in 747 ms
18:16:33.541 [main] INFO  o.s.web.context.ContextLoader - Root WebApplicationContext: initialization started
18:16:33.610 [main] INFO  o.s.w.c.s.XmlWebApplicationContext - Refreshing Root WebApplicationContext: startup date [Fri Sep 23 18:16:33 CST 2016]; root of context hierarchy
18:16:33.646 [main] INFO  o.s.b.f.xml.XmlBeanDefinitionReader - Loading XML bean definitions from file [D:\UAP\nbone-framework\nbone\nbone\nbone-web-app\target\classes\spring-demo.xml]
18:16:33.878 [main] INFO  o.s.b.f.xml.XmlBeanDefinitionReader - Loading XML bean definitions from file [D:\UAP\nbone-framework\nbone\nbone\nbone-web-app\target\classes\spring-mvc-custom.xml]
18:16:33.901 [main] INFO  o.s.b.f.xml.XmlBeanDefinitionReader - Loading XML bean definitions from ServletContext resource [/WEB-INF/spring-mvc.xml]
18:16:34.009 [main] INFO  o.n.f.s.support.ComponentFactory - 注入ApplicationContext到SpringContextHolder:Root WebApplicationContext: startup date [Fri Sep 23 18:16:33 CST 2016]; root of context hierarchy
18:16:34.148 [main] INFO  o.h.validator.internal.util.Version - HV000001: Hibernate Validator 4.3.2.Final
18:16:34.397 [main] INFO  o.s.w.s.m.m.a.RequestMappingHandlerAdapter - Looking for @ControllerAdvice: Root WebApplicationContext: startup date [Fri Sep 23 18:16:33 CST 2016]; root of context hierarchy
18:16:34.439 [main] INFO  o.s.w.s.m.m.a.RequestMappingHandlerAdapter - Looking for @ControllerAdvice: Root WebApplicationContext: startup date [Fri Sep 23 18:16:33 CST 2016]; root of context hierarchy
18:16:34.472 [main] INFO  o.s.web.context.ContextLoader - Root WebApplicationContext: initialization completed in 929 ms
18:16:34.535 [main] INFO  o.n.f.s.w.s.ViewDispatcherServlet - FrameworkServlet 'springmvc': initialization started
18:16:34.537 [main] INFO  o.s.w.c.s.XmlWebApplicationContext - Refreshing WebApplicationContext for namespace 'springmvc-servlet': startup date [Fri Sep 23 18:16:34 CST 2016]; parent: Root WebApplicationContext
18:16:34.685 [main] INFO  o.s.b.f.xml.XmlBeanDefinitionReader - Loading XML bean definitions from file [D:\UAP\nbone-framework\nbone\nbone\nbone-web-app\target\classes\spring-mvc-custom.xml]
18:16:34.705 [main] INFO  o.s.b.f.xml.XmlBeanDefinitionReader - Loading XML bean definitions from file [D:\UAP\nbone-framework\nbone\nbone\nbone-core\target\classes\spring-mvc.xml]
18:16:34.803 [main] INFO  o.s.b.f.xml.XmlBeanDefinitionReader - Loading XML bean definitions from ServletContext resource [/WEB-INF/spring-mvc.xml]
18:16:34.825 [main] INFO  o.s.b.f.s.DefaultListableBeanFactory - Overriding bean definition for bean 'mvcContentNegotiationManager': replacing [Root bean: class [org.springframework.web.accept.ContentNegotiationManagerFactoryBean]; scope=; abstract=false; lazyInit=false; autowireMode=0; dependencyCheck=0; autowireCandidate=true; primary=false; factoryBeanName=null; factoryMethodName=null; initMethodName=null; destroyMethodName=null] with [Root bean: class [org.springframework.web.accept.ContentNegotiationManagerFactoryBean]; scope=; abstract=false; lazyInit=false; autowireMode=0; dependencyCheck=0; autowireCandidate=true; primary=false; factoryBeanName=null; factoryMethodName=null; initMethodName=null; destroyMethodName=null]
18:16:34.826 [main] INFO  o.s.b.f.s.DefaultListableBeanFactory - Overriding bean definition for bean 'mvcUriComponentsContributor': replacing [Root bean: class [org.springframework.web.servlet.config.AnnotationDrivenBeanDefinitionParser$CompositeUriComponentsContributorFactoryBean]; scope=; abstract=false; lazyInit=false; autowireMode=0; dependencyCheck=0; autowireCandidate=true; primary=false; factoryBeanName=null; factoryMethodName=null; initMethodName=null; destroyMethodName=null] with [Root bean: class [org.springframework.web.servlet.config.AnnotationDrivenBeanDefinitionParser$CompositeUriComponentsContributorFactoryBean]; scope=; abstract=false; lazyInit=false; autowireMode=0; dependencyCheck=0; autowireCandidate=true; primary=false; factoryBeanName=null; factoryMethodName=null; initMethodName=null; destroyMethodName=null]
18:16:34.826 [main] INFO  o.s.b.f.xml.XmlBeanDefinitionReader - Loading XML bean definitions from class path resource [configuration/springmvc/springmvc-velocity.xml]
18:16:34.897 [main] INFO  o.n.f.s.support.ComponentFactory - 注入ApplicationContext到SpringContextHolder:WebApplicationContext for namespace 'springmvc-servlet': startup date [Fri Sep 23 18:16:34 CST 2016]; parent: Root WebApplicationContext
18:16:34.966 [main] INFO  o.s.w.s.m.m.a.RequestMappingHandlerMapping - Mapped "{[/save],methods=[],params=[],headers=[],consumes=[],produces=[],custom=[]}" onto java.lang.Object org.nbone.web.demo.SampleController.form(org.nbone.test.domain.User,java.util.List<java.lang.Integer>,java.util.List<org.nbone.test.domain.User>)
18:16:34.967 [main] INFO  o.s.w.s.m.m.a.RequestMappingHandlerMapping - Mapped "{[/test],methods=[],params=[],headers=[],consumes=[],produces=[],custom=[]}" onto java.lang.String org.nbone.web.demo.SampleController.home(java.util.Map<java.lang.String, java.lang.String>,org.springframework.http.HttpHeaders)
18:16:34.969 [main] INFO  o.s.w.s.m.m.a.RequestMappingHandlerMapping - Mapped "{[/user/{id}],methods=[GET],params=[],headers=[],consumes=[],produces=[],custom=[]}" onto public java.lang.String org.nbone.web.restful.SampleRestfulController.get(java.lang.String)
18:16:34.969 [main] INFO  o.s.w.s.m.m.a.RequestMappingHandlerMapping - Mapped "{[/user],methods=[POST],params=[],headers=[],consumes=[],produces=[],custom=[]}" onto public java.lang.Object org.nbone.web.restful.SampleRestfulController.save(org.nbone.test.domain.User)
18:16:34.969 [main] INFO  o.s.w.s.m.m.a.RequestMappingHandlerMapping - Mapped "{[/user/{id}],methods=[DELETE],params=[],headers=[],consumes=[],produces=[],custom=[]}" onto public java.lang.Object org.nbone.web.restful.SampleRestfulController.delete(java.lang.String)
18:16:34.969 [main] INFO  o.s.w.s.m.m.a.RequestMappingHandlerMapping - Mapped "{[/user/{id}],methods=[PUT],params=[],headers=[],consumes=[],produces=[],custom=[]}" onto public java.lang.Object org.nbone.web.restful.SampleRestfulController.update(java.lang.String,org.nbone.test.domain.User)
18:16:34.970 [main] INFO  o.s.w.s.m.m.a.RequestMappingHandlerMapping - Mapped "{[/user/login],methods=[POST],params=[],headers=[],consumes=[],produces=[],custom=[]}" onto public java.lang.Object org.nbone.web.restful.SampleRestfulController.login(org.nbone.test.domain.User)
18:16:35.159 [main] INFO  o.n.f.s.w.m.a.JsonRequestBodyMethodProcessor - ========================================================================
18:16:35.159 [main] INFO  o.n.f.s.w.m.a.JsonRequestBodyMethodProcessor - nbone JsonRequestBodyMethodProcessor starting ....
18:16:35.159 [main] INFO  o.n.f.s.w.m.a.JsonRequestBodyMethodProcessor - ========================================================================
18:16:35.173 [main] INFO  o.s.w.s.m.m.a.RequestMappingHandlerAdapter - Looking for @ControllerAdvice: WebApplicationContext for namespace 'springmvc-servlet': startup date [Fri Sep 23 18:16:34 CST 2016]; parent: Root WebApplicationContext
18:16:35.190 [main] INFO  o.s.w.s.m.m.a.RequestMappingHandlerAdapter - Looking for @ControllerAdvice: WebApplicationContext for namespace 'springmvc-servlet': startup date [Fri Sep 23 18:16:34 CST 2016]; parent: Root WebApplicationContext
18:16:35.215 [main] INFO  o.s.w.s.m.m.a.RequestMappingHandlerMapping - Mapped "{[/save],methods=[],params=[],headers=[],consumes=[],produces=[],custom=[]}" onto java.lang.Object org.nbone.web.demo.SampleController.form(org.nbone.test.domain.User,java.util.List<java.lang.Integer>,java.util.List<org.nbone.test.domain.User>)
18:16:35.215 [main] INFO  o.s.w.s.m.m.a.RequestMappingHandlerMapping - Mapped "{[/test],methods=[],params=[],headers=[],consumes=[],produces=[],custom=[]}" onto java.lang.String org.nbone.web.demo.SampleController.home(java.util.Map<java.lang.String, java.lang.String>,org.springframework.http.HttpHeaders)
18:16:35.216 [main] INFO  o.s.w.s.m.m.a.RequestMappingHandlerMapping - Mapped "{[/user/{id}],methods=[GET],params=[],headers=[],consumes=[],produces=[],custom=[]}" onto public java.lang.String org.nbone.web.restful.SampleRestfulController.get(java.lang.String)
18:16:35.217 [main] INFO  o.s.w.s.m.m.a.RequestMappingHandlerMapping - Mapped "{[/user],methods=[POST],params=[],headers=[],consumes=[],produces=[],custom=[]}" onto public java.lang.Object org.nbone.web.restful.SampleRestfulController.save(org.nbone.test.domain.User)
18:16:35.217 [main] INFO  o.s.w.s.m.m.a.RequestMappingHandlerMapping - Mapped "{[/user/{id}],methods=[DELETE],params=[],headers=[],consumes=[],produces=[],custom=[]}" onto public java.lang.Object org.nbone.web.restful.SampleRestfulController.delete(java.lang.String)
18:16:35.217 [main] INFO  o.s.w.s.m.m.a.RequestMappingHandlerMapping - Mapped "{[/user/{id}],methods=[PUT],params=[],headers=[],consumes=[],produces=[],custom=[]}" onto public java.lang.Object org.nbone.web.restful.SampleRestfulController.update(java.lang.String,org.nbone.test.domain.User)
18:16:35.217 [main] INFO  o.s.w.s.m.m.a.RequestMappingHandlerMapping - Mapped "{[/user/login],methods=[POST],params=[],headers=[],consumes=[],produces=[],custom=[]}" onto public java.lang.Object org.nbone.web.restful.SampleRestfulController.login(org.nbone.test.domain.User)
18:16:35.232 [main] INFO  o.s.w.s.m.m.a.RequestMappingHandlerAdapter - Looking for @ControllerAdvice: WebApplicationContext for namespace 'springmvc-servlet': startup date [Fri Sep 23 18:16:34 CST 2016]; parent: Root WebApplicationContext
18:16:35.274 [main] INFO  o.n.f.s.w.s.ViewDispatcherServlet - FrameworkServlet 'springmvc': initialization completed in 739 ms
18:19:13.139 [main] INFO  o.s.web.context.ContextLoader - Root WebApplicationContext: initialization started
18:19:13.221 [main] INFO  o.s.w.c.s.XmlWebApplicationContext - Refreshing Root WebApplicationContext: startup date [Fri Sep 23 18:19:13 CST 2016]; root of context hierarchy
18:19:13.258 [main] INFO  o.s.b.f.xml.XmlBeanDefinitionReader - Loading XML bean definitions from file [D:\UAP\nbone-framework\nbone\nbone\nbone-web-app\target\classes\spring-demo.xml]
18:19:13.461 [main] INFO  o.s.b.f.xml.XmlBeanDefinitionReader - Loading XML bean definitions from file [D:\UAP\nbone-framework\nbone\nbone\nbone-web-app\target\classes\spring-mvc-custom.xml]
18:19:13.483 [main] INFO  o.s.b.f.xml.XmlBeanDefinitionReader - Loading XML bean definitions from ServletContext resource [/WEB-INF/spring-mvc.xml]
18:19:13.593 [main] INFO  o.n.f.s.support.ComponentFactory - 注入ApplicationContext到SpringContextHolder:Root WebApplicationContext: startup date [Fri Sep 23 18:19:13 CST 2016]; root of context hierarchy
18:19:13.728 [main] INFO  o.h.validator.internal.util.Version - HV000001: Hibernate Validator 4.3.2.Final
18:19:13.976 [main] INFO  o.s.w.s.m.m.a.RequestMappingHandlerAdapter - Looking for @ControllerAdvice: Root WebApplicationContext: startup date [Fri Sep 23 18:19:13 CST 2016]; root of context hierarchy
18:19:14.018 [main] INFO  o.s.w.s.m.m.a.RequestMappingHandlerAdapter - Looking for @ControllerAdvice: Root WebApplicationContext: startup date [Fri Sep 23 18:19:13 CST 2016]; root of context hierarchy
18:19:14.052 [main] INFO  o.s.web.context.ContextLoader - Root WebApplicationContext: initialization completed in 910 ms
18:19:14.113 [main] INFO  o.n.f.s.w.s.ViewDispatcherServlet - FrameworkServlet 'springmvc': initialization started
18:19:14.115 [main] INFO  o.s.w.c.s.XmlWebApplicationContext - Refreshing WebApplicationContext for namespace 'springmvc-servlet': startup date [Fri Sep 23 18:19:14 CST 2016]; parent: Root WebApplicationContext
18:19:14.267 [main] INFO  o.s.b.f.xml.XmlBeanDefinitionReader - Loading XML bean definitions from file [D:\UAP\nbone-framework\nbone\nbone\nbone-web-app\target\classes\spring-mvc-custom.xml]
18:19:14.287 [main] INFO  o.s.b.f.xml.XmlBeanDefinitionReader - Loading XML bean definitions from file [D:\UAP\nbone-framework\nbone\nbone\nbone-core\target\classes\spring-mvc.xml]
18:19:14.386 [main] INFO  o.s.b.f.xml.XmlBeanDefinitionReader - Loading XML bean definitions from ServletContext resource [/WEB-INF/spring-mvc.xml]
18:19:14.408 [main] INFO  o.s.b.f.s.DefaultListableBeanFactory - Overriding bean definition for bean 'mvcContentNegotiationManager': replacing [Root bean: class [org.springframework.web.accept.ContentNegotiationManagerFactoryBean]; scope=; abstract=false; lazyInit=false; autowireMode=0; dependencyCheck=0; autowireCandidate=true; primary=false; factoryBeanName=null; factoryMethodName=null; initMethodName=null; destroyMethodName=null] with [Root bean: class [org.springframework.web.accept.ContentNegotiationManagerFactoryBean]; scope=; abstract=false; lazyInit=false; autowireMode=0; dependencyCheck=0; autowireCandidate=true; primary=false; factoryBeanName=null; factoryMethodName=null; initMethodName=null; destroyMethodName=null]
18:19:14.409 [main] INFO  o.s.b.f.s.DefaultListableBeanFactory - Overriding bean definition for bean 'mvcUriComponentsContributor': replacing [Root bean: class [org.springframework.web.servlet.config.AnnotationDrivenBeanDefinitionParser$CompositeUriComponentsContributorFactoryBean]; scope=; abstract=false; lazyInit=false; autowireMode=0; dependencyCheck=0; autowireCandidate=true; primary=false; factoryBeanName=null; factoryMethodName=null; initMethodName=null; destroyMethodName=null] with [Root bean: class [org.springframework.web.servlet.config.AnnotationDrivenBeanDefinitionParser$CompositeUriComponentsContributorFactoryBean]; scope=; abstract=false; lazyInit=false; autowireMode=0; dependencyCheck=0; autowireCandidate=true; primary=false; factoryBeanName=null; factoryMethodName=null; initMethodName=null; destroyMethodName=null]
18:19:14.409 [main] INFO  o.s.b.f.xml.XmlBeanDefinitionReader - Loading XML bean definitions from class path resource [configuration/springmvc/springmvc-velocity.xml]
18:19:14.482 [main] INFO  o.n.f.s.support.ComponentFactory - 注入ApplicationContext到SpringContextHolder:WebApplicationContext for namespace 'springmvc-servlet': startup date [Fri Sep 23 18:19:14 CST 2016]; parent: Root WebApplicationContext
18:19:14.555 [main] INFO  o.s.w.s.m.m.a.RequestMappingHandlerMapping - Mapped "{[/save],methods=[],params=[],headers=[],consumes=[],produces=[],custom=[]}" onto java.lang.Object org.nbone.web.demo.SampleController.form(org.nbone.test.domain.User,java.util.List<java.lang.Integer>,java.util.List<org.nbone.test.domain.User>)
18:19:14.555 [main] INFO  o.s.w.s.m.m.a.RequestMappingHandlerMapping - Mapped "{[/test],methods=[],params=[],headers=[],consumes=[],produces=[],custom=[]}" onto java.lang.String org.nbone.web.demo.SampleController.home(java.util.Map<java.lang.String, java.lang.String>,org.springframework.http.HttpHeaders)
18:19:14.557 [main] INFO  o.s.w.s.m.m.a.RequestMappingHandlerMapping - Mapped "{[/user/{id}],methods=[GET],params=[],headers=[],consumes=[],produces=[],custom=[]}" onto public java.lang.String org.nbone.web.restful.SampleRestfulController.get(java.lang.String)
18:19:14.558 [main] INFO  o.s.w.s.m.m.a.RequestMappingHandlerMapping - Mapped "{[/user],methods=[POST],params=[],headers=[],consumes=[],produces=[],custom=[]}" onto public java.lang.Object org.nbone.web.restful.SampleRestfulController.save(org.nbone.test.domain.User)
18:19:14.558 [main] INFO  o.s.w.s.m.m.a.RequestMappingHandlerMapping - Mapped "{[/user/{id}],methods=[DELETE],params=[],headers=[],consumes=[],produces=[],custom=[]}" onto public java.lang.Object org.nbone.web.restful.SampleRestfulController.delete(java.lang.String)
18:19:14.558 [main] INFO  o.s.w.s.m.m.a.RequestMappingHandlerMapping - Mapped "{[/user/{id}],methods=[PUT],params=[],headers=[],consumes=[],produces=[],custom=[]}" onto public java.lang.Object org.nbone.web.restful.SampleRestfulController.update(java.lang.String,org.nbone.test.domain.User)
18:19:14.558 [main] INFO  o.s.w.s.m.m.a.RequestMappingHandlerMapping - Mapped "{[/user/login],methods=[POST],params=[],headers=[],consumes=[],produces=[],custom=[]}" onto public java.lang.Object org.nbone.web.restful.SampleRestfulController.login(org.nbone.test.domain.User)
18:19:14.749 [main] INFO  o.n.f.s.w.m.a.JsonRequestBodyMethodProcessor - ========================================================================
18:19:14.750 [main] INFO  o.n.f.s.w.m.a.JsonRequestBodyMethodProcessor - nbone JsonRequestBodyMethodProcessor starting ....
18:19:14.750 [main] INFO  o.n.f.s.w.m.a.JsonRequestBodyMethodProcessor - ========================================================================
18:19:14.765 [main] INFO  o.s.w.s.m.m.a.RequestMappingHandlerAdapter - Looking for @ControllerAdvice: WebApplicationContext for namespace 'springmvc-servlet': startup date [Fri Sep 23 18:19:14 CST 2016]; parent: Root WebApplicationContext
18:19:14.782 [main] INFO  o.s.w.s.m.m.a.RequestMappingHandlerAdapter - Looking for @ControllerAdvice: WebApplicationContext for namespace 'springmvc-servlet': startup date [Fri Sep 23 18:19:14 CST 2016]; parent: Root WebApplicationContext
18:19:14.807 [main] INFO  o.s.w.s.m.m.a.RequestMappingHandlerMapping - Mapped "{[/save],methods=[],params=[],headers=[],consumes=[],produces=[],custom=[]}" onto java.lang.Object org.nbone.web.demo.SampleController.form(org.nbone.test.domain.User,java.util.List<java.lang.Integer>,java.util.List<org.nbone.test.domain.User>)
18:19:14.807 [main] INFO  o.s.w.s.m.m.a.RequestMappingHandlerMapping - Mapped "{[/test],methods=[],params=[],headers=[],consumes=[],produces=[],custom=[]}" onto java.lang.String org.nbone.web.demo.SampleController.home(java.util.Map<java.lang.String, java.lang.String>,org.springframework.http.HttpHeaders)
18:19:14.808 [main] INFO  o.s.w.s.m.m.a.RequestMappingHandlerMapping - Mapped "{[/user/{id}],methods=[GET],params=[],headers=[],consumes=[],produces=[],custom=[]}" onto public java.lang.String org.nbone.web.restful.SampleRestfulController.get(java.lang.String)
18:19:14.809 [main] INFO  o.s.w.s.m.m.a.RequestMappingHandlerMapping - Mapped "{[/user],methods=[POST],params=[],headers=[],consumes=[],produces=[],custom=[]}" onto public java.lang.Object org.nbone.web.restful.SampleRestfulController.save(org.nbone.test.domain.User)
18:19:14.809 [main] INFO  o.s.w.s.m.m.a.RequestMappingHandlerMapping - Mapped "{[/user/{id}],methods=[DELETE],params=[],headers=[],consumes=[],produces=[],custom=[]}" onto public java.lang.Object org.nbone.web.restful.SampleRestfulController.delete(java.lang.String)
18:19:14.809 [main] INFO  o.s.w.s.m.m.a.RequestMappingHandlerMapping - Mapped "{[/user/{id}],methods=[PUT],params=[],headers=[],consumes=[],produces=[],custom=[]}" onto public java.lang.Object org.nbone.web.restful.SampleRestfulController.update(java.lang.String,org.nbone.test.domain.User)
18:19:14.809 [main] INFO  o.s.w.s.m.m.a.RequestMappingHandlerMapping - Mapped "{[/user/login],methods=[POST],params=[],headers=[],consumes=[],produces=[],custom=[]}" onto public java.lang.Object org.nbone.web.restful.SampleRestfulController.login(org.nbone.test.domain.User)
18:19:14.824 [main] INFO  o.s.w.s.m.m.a.RequestMappingHandlerAdapter - Looking for @ControllerAdvice: WebApplicationContext for namespace 'springmvc-servlet': startup date [Fri Sep 23 18:19:14 CST 2016]; parent: Root WebApplicationContext
18:19:14.866 [main] INFO  o.n.f.s.w.s.ViewDispatcherServlet - FrameworkServlet 'springmvc': initialization completed in 752 ms
18:37:08.261 [main] INFO  o.s.web.context.ContextLoader - Root WebApplicationContext: initialization started
18:37:08.347 [main] INFO  o.s.w.c.s.XmlWebApplicationContext - Refreshing Root WebApplicationContext: startup date [Fri Sep 23 18:37:08 CST 2016]; root of context hierarchy
18:37:08.387 [main] INFO  o.s.b.f.xml.XmlBeanDefinitionReader - Loading XML bean definitions from file [D:\UAP\nbone-framework\nbone\nbone\nbone-web-app\target\classes\spring-demo.xml]
18:37:08.642 [main] INFO  o.s.b.f.xml.XmlBeanDefinitionReader - Loading XML bean definitions from file [D:\UAP\nbone-framework\nbone\nbone\nbone-web-app\target\classes\spring-mvc-custom.xml]
18:37:08.673 [main] INFO  o.s.b.f.xml.XmlBeanDefinitionReader - Loading XML bean definitions from ServletContext resource [/WEB-INF/spring-mvc.xml]
18:37:08.818 [main] INFO  o.n.f.s.support.ComponentFactory - 注入ApplicationContext到SpringContextHolder:Root WebApplicationContext: startup date [Fri Sep 23 18:37:08 CST 2016]; root of context hierarchy
18:37:09.012 [main] INFO  o.h.validator.internal.util.Version - HV000001: Hibernate Validator 4.3.2.Final
18:37:09.318 [main] INFO  o.s.w.s.m.m.a.RequestMappingHandlerAdapter - Looking for @ControllerAdvice: Root WebApplicationContext: startup date [Fri Sep 23 18:37:08 CST 2016]; root of context hierarchy
18:37:09.379 [main] INFO  o.s.w.s.m.m.a.RequestMappingHandlerAdapter - Looking for @ControllerAdvice: Root WebApplicationContext: startup date [Fri Sep 23 18:37:08 CST 2016]; root of context hierarchy
18:37:09.423 [main] INFO  o.s.web.context.ContextLoader - Root WebApplicationContext: initialization completed in 1158 ms
18:37:09.499 [main] INFO  o.n.f.s.w.s.ViewDispatcherServlet - FrameworkServlet 'springmvc': initialization started
18:37:09.501 [main] INFO  o.s.w.c.s.XmlWebApplicationContext - Refreshing WebApplicationContext for namespace 'springmvc-servlet': startup date [Fri Sep 23 18:37:09 CST 2016]; parent: Root WebApplicationContext
18:37:09.685 [main] INFO  o.s.b.f.xml.XmlBeanDefinitionReader - Loading XML bean definitions from file [D:\UAP\nbone-framework\nbone\nbone\nbone-web-app\target\classes\spring-mvc-custom.xml]
18:37:09.715 [main] INFO  o.s.b.f.xml.XmlBeanDefinitionReader - Loading XML bean definitions from file [D:\UAP\nbone-framework\nbone\nbone\nbone-core\target\classes\spring-mvc.xml]
18:37:09.906 [main] INFO  o.s.b.f.xml.XmlBeanDefinitionReader - Loading XML bean definitions from ServletContext resource [/WEB-INF/spring-mvc.xml]
18:37:09.967 [main] INFO  o.s.b.f.s.DefaultListableBeanFactory - Overriding bean definition for bean 'mvcContentNegotiationManager': replacing [Root bean: class [org.springframework.web.accept.ContentNegotiationManagerFactoryBean]; scope=; abstract=false; lazyInit=false; autowireMode=0; dependencyCheck=0; autowireCandidate=true; primary=false; factoryBeanName=null; factoryMethodName=null; initMethodName=null; destroyMethodName=null] with [Root bean: class [org.springframework.web.accept.ContentNegotiationManagerFactoryBean]; scope=; abstract=false; lazyInit=false; autowireMode=0; dependencyCheck=0; autowireCandidate=true; primary=false; factoryBeanName=null; factoryMethodName=null; initMethodName=null; destroyMethodName=null]
18:37:09.968 [main] INFO  o.s.b.f.s.DefaultListableBeanFactory - Overriding bean definition for bean 'mvcUriComponentsContributor': replacing [Root bean: class [org.springframework.web.servlet.config.AnnotationDrivenBeanDefinitionParser$CompositeUriComponentsContributorFactoryBean]; scope=; abstract=false; lazyInit=false; autowireMode=0; dependencyCheck=0; autowireCandidate=true; primary=false; factoryBeanName=null; factoryMethodName=null; initMethodName=null; destroyMethodName=null] with [Root bean: class [org.springframework.web.servlet.config.AnnotationDrivenBeanDefinitionParser$CompositeUriComponentsContributorFactoryBean]; scope=; abstract=false; lazyInit=false; autowireMode=0; dependencyCheck=0; autowireCandidate=true; primary=false; factoryBeanName=null; factoryMethodName=null; initMethodName=null; destroyMethodName=null]
18:37:09.969 [main] INFO  o.s.b.f.xml.XmlBeanDefinitionReader - Loading XML bean definitions from class path resource [configuration/springmvc/springmvc-velocity.xml]
18:37:10.086 [main] INFO  o.n.f.s.support.ComponentFactory - 注入ApplicationContext到SpringContextHolder:WebApplicationContext for namespace 'springmvc-servlet': startup date [Fri Sep 23 18:37:09 CST 2016]; parent: Root WebApplicationContext
18:37:10.177 [main] INFO  o.s.w.s.m.m.a.RequestMappingHandlerMapping - Mapped "{[/save],methods=[],params=[],headers=[],consumes=[],produces=[],custom=[]}" onto java.lang.Object org.nbone.web.demo.SampleController.form(org.nbone.test.domain.User,java.util.List<java.lang.Integer>,java.util.List<org.nbone.test.domain.User>)
18:37:10.178 [main] INFO  o.s.w.s.m.m.a.RequestMappingHandlerMapping - Mapped "{[/test],methods=[],params=[],headers=[],consumes=[],produces=[],custom=[]}" onto java.lang.String org.nbone.web.demo.SampleController.home(java.util.Map<java.lang.String, java.lang.String>,org.springframework.http.HttpHeaders)
18:37:10.181 [main] INFO  o.s.w.s.m.m.a.RequestMappingHandlerMapping - Mapped "{[/user/{id}],methods=[GET],params=[],headers=[],consumes=[],produces=[],custom=[]}" onto public java.lang.String org.nbone.web.restful.SampleRestfulController.get(java.lang.String)
18:37:10.181 [main] INFO  o.s.w.s.m.m.a.RequestMappingHandlerMapping - Mapped "{[/user],methods=[POST],params=[],headers=[],consumes=[],produces=[],custom=[]}" onto public java.lang.Object org.nbone.web.restful.SampleRestfulController.save(org.nbone.test.domain.User)
18:37:10.181 [main] INFO  o.s.w.s.m.m.a.RequestMappingHandlerMapping - Mapped "{[/user/{id}],methods=[DELETE],params=[],headers=[],consumes=[],produces=[],custom=[]}" onto public java.lang.Object org.nbone.web.restful.SampleRestfulController.delete(java.lang.String)
18:37:10.181 [main] INFO  o.s.w.s.m.m.a.RequestMappingHandlerMapping - Mapped "{[/user/{id}],methods=[PUT],params=[],headers=[],consumes=[],produces=[],custom=[]}" onto public java.lang.Object org.nbone.web.restful.SampleRestfulController.update(java.lang.String,org.nbone.test.domain.User)
18:37:10.182 [main] INFO  o.s.w.s.m.m.a.RequestMappingHandlerMapping - Mapped "{[/user/login],methods=[POST],params=[],headers=[],consumes=[],produces=[],custom=[]}" onto public java.lang.Object org.nbone.web.restful.SampleRestfulController.login(org.nbone.test.domain.User)
18:37:10.435 [main] INFO  o.n.f.s.w.m.a.JsonRequestBodyMethodProcessor - ========================================================================
18:37:10.436 [main] INFO  o.n.f.s.w.m.a.JsonRequestBodyMethodProcessor - nbone JsonRequestBodyMethodProcessor starting ....
18:37:10.436 [main] INFO  o.n.f.s.w.m.a.JsonRequestBodyMethodProcessor - ========================================================================
18:37:10.456 [main] INFO  o.s.w.s.m.m.a.RequestMappingHandlerAdapter - Looking for @ControllerAdvice: WebApplicationContext for namespace 'springmvc-servlet': startup date [Fri Sep 23 18:37:09 CST 2016]; parent: Root WebApplicationContext
18:37:10.479 [main] INFO  o.s.w.s.m.m.a.RequestMappingHandlerAdapter - Looking for @ControllerAdvice: WebApplicationContext for namespace 'springmvc-servlet': startup date [Fri Sep 23 18:37:09 CST 2016]; parent: Root WebApplicationContext
18:37:10.526 [main] INFO  o.s.w.s.m.m.a.RequestMappingHandlerMapping - Mapped "{[/save],methods=[],params=[],headers=[],consumes=[],produces=[],custom=[]}" onto java.lang.Object org.nbone.web.demo.SampleController.form(org.nbone.test.domain.User,java.util.List<java.lang.Integer>,java.util.List<org.nbone.test.domain.User>)
18:37:10.526 [main] INFO  o.s.w.s.m.m.a.RequestMappingHandlerMapping - Mapped "{[/test],methods=[],params=[],headers=[],consumes=[],produces=[],custom=[]}" onto java.lang.String org.nbone.web.demo.SampleController.home(java.util.Map<java.lang.String, java.lang.String>,org.springframework.http.HttpHeaders)
18:37:10.527 [main] INFO  o.s.w.s.m.m.a.RequestMappingHandlerMapping - Mapped "{[/user/{id}],methods=[GET],params=[],headers=[],consumes=[],produces=[],custom=[]}" onto public java.lang.String org.nbone.web.restful.SampleRestfulController.get(java.lang.String)
18:37:10.528 [main] INFO  o.s.w.s.m.m.a.RequestMappingHandlerMapping - Mapped "{[/user],methods=[POST],params=[],headers=[],consumes=[],produces=[],custom=[]}" onto public java.lang.Object org.nbone.web.restful.SampleRestfulController.save(org.nbone.test.domain.User)
18:37:10.528 [main] INFO  o.s.w.s.m.m.a.RequestMappingHandlerMapping - Mapped "{[/user/{id}],methods=[DELETE],params=[],headers=[],consumes=[],produces=[],custom=[]}" onto public java.lang.Object org.nbone.web.restful.SampleRestfulController.delete(java.lang.String)
18:37:10.529 [main] INFO  o.s.w.s.m.m.a.RequestMappingHandlerMapping - Mapped "{[/user/{id}],methods=[PUT],params=[],headers=[],consumes=[],produces=[],custom=[]}" onto public java.lang.Object org.nbone.web.restful.SampleRestfulController.update(java.lang.String,org.nbone.test.domain.User)
18:37:10.530 [main] INFO  o.s.w.s.m.m.a.RequestMappingHandlerMapping - Mapped "{[/user/login],methods=[POST],params=[],headers=[],consumes=[],produces=[],custom=[]}" onto public java.lang.Object org.nbone.web.restful.SampleRestfulController.login(org.nbone.test.domain.User)
18:37:10.556 [main] INFO  o.s.w.s.m.m.a.RequestMappingHandlerAdapter - Looking for @ControllerAdvice: WebApplicationContext for namespace 'springmvc-servlet': startup date [Fri Sep 23 18:37:09 CST 2016]; parent: Root WebApplicationContext
18:37:10.670 [main] INFO  o.n.f.s.w.s.ViewDispatcherServlet - FrameworkServlet 'springmvc': initialization completed in 1171 ms
18:39:42.588 [main] INFO  o.s.web.context.ContextLoader - Root WebApplicationContext: initialization started
18:39:42.669 [main] INFO  o.s.w.c.s.XmlWebApplicationContext - Refreshing Root WebApplicationContext: startup date [Fri Sep 23 18:39:42 CST 2016]; root of context hierarchy
18:39:42.712 [main] INFO  o.s.b.f.xml.XmlBeanDefinitionReader - Loading XML bean definitions from file [D:\UAP\nbone-framework\nbone\nbone\nbone-web-app\target\classes\spring-demo.xml]
18:39:42.976 [main] INFO  o.s.b.f.xml.XmlBeanDefinitionReader - Loading XML bean definitions from file [D:\UAP\nbone-framework\nbone\nbone\nbone-web-app\target\classes\spring-mvc-custom.xml]
18:39:43.004 [main] INFO  o.s.b.f.xml.XmlBeanDefinitionReader - Loading XML bean definitions from ServletContext resource [/WEB-INF/spring-mvc.xml]
18:39:43.173 [main] INFO  o.n.f.s.support.ComponentFactory - 注入ApplicationContext到SpringContextHolder:Root WebApplicationContext: startup date [Fri Sep 23 18:39:42 CST 2016]; root of context hierarchy
18:39:43.369 [main] INFO  o.h.validator.internal.util.Version - HV000001: Hibernate Validator 4.3.2.Final
18:39:43.693 [main] INFO  o.s.w.s.m.m.a.RequestMappingHandlerAdapter - Looking for @ControllerAdvice: Root WebApplicationContext: startup date [Fri Sep 23 18:39:42 CST 2016]; root of context hierarchy
18:39:43.750 [main] INFO  o.s.w.s.m.m.a.RequestMappingHandlerAdapter - Looking for @ControllerAdvice: Root WebApplicationContext: startup date [Fri Sep 23 18:39:42 CST 2016]; root of context hierarchy
18:39:43.795 [main] INFO  o.s.web.context.ContextLoader - Root WebApplicationContext: initialization completed in 1203 ms
18:39:43.879 [main] INFO  o.n.f.s.w.s.ViewDispatcherServlet - FrameworkServlet 'springmvc': initialization started
18:39:43.883 [main] INFO  o.s.w.c.s.XmlWebApplicationContext - Refreshing WebApplicationContext for namespace 'springmvc-servlet': startup date [Fri Sep 23 18:39:43 CST 2016]; parent: Root WebApplicationContext
18:39:44.087 [main] INFO  o.s.b.f.xml.XmlBeanDefinitionReader - Loading XML bean definitions from file [D:\UAP\nbone-framework\nbone\nbone\nbone-web-app\target\classes\spring-mvc-custom.xml]
18:39:44.127 [main] INFO  o.s.b.f.xml.XmlBeanDefinitionReader - Loading XML bean definitions from file [D:\UAP\nbone-framework\nbone\nbone\nbone-core\target\classes\spring-mvc.xml]
18:39:44.310 [main] INFO  o.s.b.f.xml.XmlBeanDefinitionReader - Loading XML bean definitions from ServletContext resource [/WEB-INF/spring-mvc.xml]
18:39:44.360 [main] INFO  o.s.b.f.s.DefaultListableBeanFactory - Overriding bean definition for bean 'mvcContentNegotiationManager': replacing [Root bean: class [org.springframework.web.accept.ContentNegotiationManagerFactoryBean]; scope=; abstract=false; lazyInit=false; autowireMode=0; dependencyCheck=0; autowireCandidate=true; primary=false; factoryBeanName=null; factoryMethodName=null; initMethodName=null; destroyMethodName=null] with [Root bean: class [org.springframework.web.accept.ContentNegotiationManagerFactoryBean]; scope=; abstract=false; lazyInit=false; autowireMode=0; dependencyCheck=0; autowireCandidate=true; primary=false; factoryBeanName=null; factoryMethodName=null; initMethodName=null; destroyMethodName=null]
18:39:44.360 [main] INFO  o.s.b.f.s.DefaultListableBeanFactory - Overriding bean definition for bean 'mvcUriComponentsContributor': replacing [Root bean: class [org.springframework.web.servlet.config.AnnotationDrivenBeanDefinitionParser$CompositeUriComponentsContributorFactoryBean]; scope=; abstract=false; lazyInit=false; autowireMode=0; dependencyCheck=0; autowireCandidate=true; primary=false; factoryBeanName=null; factoryMethodName=null; initMethodName=null; destroyMethodName=null] with [Root bean: class [org.springframework.web.servlet.config.AnnotationDrivenBeanDefinitionParser$CompositeUriComponentsContributorFactoryBean]; scope=; abstract=false; lazyInit=false; autowireMode=0; dependencyCheck=0; autowireCandidate=true; primary=false; factoryBeanName=null; factoryMethodName=null; initMethodName=null; destroyMethodName=null]
18:39:44.360 [main] INFO  o.s.b.f.xml.XmlBeanDefinitionReader - Loading XML bean definitions from class path resource [configuration/springmvc/springmvc-velocity.xml]
18:39:44.499 [main] INFO  o.n.f.s.support.ComponentFactory - 注入ApplicationContext到SpringContextHolder:WebApplicationContext for namespace 'springmvc-servlet': startup date [Fri Sep 23 18:39:43 CST 2016]; parent: Root WebApplicationContext
18:39:44.583 [main] INFO  o.s.w.s.m.m.a.RequestMappingHandlerMapping - Mapped "{[/save],methods=[],params=[],headers=[],consumes=[],produces=[],custom=[]}" onto java.lang.Object org.nbone.web.demo.SampleController.form(org.nbone.test.domain.User,java.util.List<java.lang.Integer>,java.util.List<org.nbone.test.domain.User>)
18:39:44.584 [main] INFO  o.s.w.s.m.m.a.RequestMappingHandlerMapping - Mapped "{[/test],methods=[],params=[],headers=[],consumes=[],produces=[],custom=[]}" onto java.lang.String org.nbone.web.demo.SampleController.home(java.util.Map<java.lang.String, java.lang.String>,org.springframework.http.HttpHeaders)
18:39:44.586 [main] INFO  o.s.w.s.m.m.a.RequestMappingHandlerMapping - Mapped "{[/user/{id}],methods=[GET],params=[],headers=[],consumes=[],produces=[],custom=[]}" onto public java.lang.String org.nbone.web.restful.SampleRestfulController.get(java.lang.String)
18:39:44.586 [main] INFO  o.s.w.s.m.m.a.RequestMappingHandlerMapping - Mapped "{[/user],methods=[POST],params=[],headers=[],consumes=[],produces=[],custom=[]}" onto public java.lang.Object org.nbone.web.restful.SampleRestfulController.save(org.nbone.test.domain.User)
18:39:44.587 [main] INFO  o.s.w.s.m.m.a.RequestMappingHandlerMapping - Mapped "{[/user/{id}],methods=[DELETE],params=[],headers=[],consumes=[],produces=[],custom=[]}" onto public java.lang.Object org.nbone.web.restful.SampleRestfulController.delete(java.lang.String)
18:39:44.587 [main] INFO  o.s.w.s.m.m.a.RequestMappingHandlerMapping - Mapped "{[/user/{id}],methods=[PUT],params=[],headers=[],consumes=[],produces=[],custom=[]}" onto public java.lang.Object org.nbone.web.restful.SampleRestfulController.update(java.lang.String,org.nbone.test.domain.User)
18:39:44.587 [main] INFO  o.s.w.s.m.m.a.RequestMappingHandlerMapping - Mapped "{[/user/login],methods=[POST],params=[],headers=[],consumes=[],produces=[],custom=[]}" onto public java.lang.Object org.nbone.web.restful.SampleRestfulController.login(org.nbone.test.domain.User)
18:39:44.841 [main] INFO  o.n.f.s.w.m.a.JsonRequestBodyMethodProcessor - ========================================================================
18:39:44.841 [main] INFO  o.n.f.s.w.m.a.JsonRequestBodyMethodProcessor - nbone JsonRequestBodyMethodProcessor starting ....
18:39:44.841 [main] INFO  o.n.f.s.w.m.a.JsonRequestBodyMethodProcessor - ========================================================================
18:39:44.859 [main] INFO  o.s.w.s.m.m.a.RequestMappingHandlerAdapter - Looking for @ControllerAdvice: WebApplicationContext for namespace 'springmvc-servlet': startup date [Fri Sep 23 18:39:43 CST 2016]; parent: Root WebApplicationContext
18:39:44.883 [main] INFO  o.s.w.s.m.m.a.RequestMappingHandlerAdapter - Looking for @ControllerAdvice: WebApplicationContext for namespace 'springmvc-servlet': startup date [Fri Sep 23 18:39:43 CST 2016]; parent: Root WebApplicationContext
18:39:44.913 [main] INFO  o.s.w.s.m.m.a.RequestMappingHandlerMapping - Mapped "{[/save],methods=[],params=[],headers=[],consumes=[],produces=[],custom=[]}" onto java.lang.Object org.nbone.web.demo.SampleController.form(org.nbone.test.domain.User,java.util.List<java.lang.Integer>,java.util.List<org.nbone.test.domain.User>)
18:39:44.913 [main] INFO  o.s.w.s.m.m.a.RequestMappingHandlerMapping - Mapped "{[/test],methods=[],params=[],headers=[],consumes=[],produces=[],custom=[]}" onto java.lang.String org.nbone.web.demo.SampleController.home(java.util.Map<java.lang.String, java.lang.String>,org.springframework.http.HttpHeaders)
18:39:44.915 [main] INFO  o.s.w.s.m.m.a.RequestMappingHandlerMapping - Mapped "{[/user/{id}],methods=[GET],params=[],headers=[],consumes=[],produces=[],custom=[]}" onto public java.lang.String org.nbone.web.restful.SampleRestfulController.get(java.lang.String)
18:39:44.917 [main] INFO  o.s.w.s.m.m.a.RequestMappingHandlerMapping - Mapped "{[/user],methods=[POST],params=[],headers=[],consumes=[],produces=[],custom=[]}" onto public java.lang.Object org.nbone.web.restful.SampleRestfulController.save(org.nbone.test.domain.User)
18:39:44.917 [main] INFO  o.s.w.s.m.m.a.RequestMappingHandlerMapping - Mapped "{[/user/{id}],methods=[DELETE],params=[],headers=[],consumes=[],produces=[],custom=[]}" onto public java.lang.Object org.nbone.web.restful.SampleRestfulController.delete(java.lang.String)
18:39:44.917 [main] INFO  o.s.w.s.m.m.a.RequestMappingHandlerMapping - Mapped "{[/user/{id}],methods=[PUT],params=[],headers=[],consumes=[],produces=[],custom=[]}" onto public java.lang.Object org.nbone.web.restful.SampleRestfulController.update(java.lang.String,org.nbone.test.domain.User)
18:39:44.917 [main] INFO  o.s.w.s.m.m.a.RequestMappingHandlerMapping - Mapped "{[/user/login],methods=[POST],params=[],headers=[],consumes=[],produces=[],custom=[]}" onto public java.lang.Object org.nbone.web.restful.SampleRestfulController.login(org.nbone.test.domain.User)
18:39:44.937 [main] INFO  o.s.w.s.m.m.a.RequestMappingHandlerAdapter - Looking for @ControllerAdvice: WebApplicationContext for namespace 'springmvc-servlet': startup date [Fri Sep 23 18:39:43 CST 2016]; parent: Root WebApplicationContext
18:39:44.999 [main] INFO  o.n.f.s.w.s.ViewDispatcherServlet - FrameworkServlet 'springmvc': initialization completed in 1120 ms
18:41:06.234 [main] INFO  o.s.web.context.ContextLoader - Root WebApplicationContext: initialization started
18:41:06.323 [main] INFO  o.s.w.c.s.XmlWebApplicationContext - Refreshing Root WebApplicationContext: startup date [Fri Sep 23 18:41:06 CST 2016]; root of context hierarchy
18:41:06.365 [main] INFO  o.s.b.f.xml.XmlBeanDefinitionReader - Loading XML bean definitions from file [D:\UAP\nbone-framework\nbone\nbone\nbone-web-app\target\classes\spring-demo.xml]
18:41:06.620 [main] INFO  o.s.b.f.xml.XmlBeanDefinitionReader - Loading XML bean definitions from file [D:\UAP\nbone-framework\nbone\nbone\nbone-web-app\target\classes\spring-mvc-custom.xml]
18:41:06.648 [main] INFO  o.s.b.f.xml.XmlBeanDefinitionReader - Loading XML bean definitions from ServletContext resource [/WEB-INF/spring-mvc.xml]
18:41:06.815 [main] INFO  o.n.f.s.support.ComponentFactory - 注入ApplicationContext到SpringContextHolder:Root WebApplicationContext: startup date [Fri Sep 23 18:41:06 CST 2016]; root of context hierarchy
18:41:07.011 [main] INFO  o.h.validator.internal.util.Version - HV000001: Hibernate Validator 4.3.2.Final
18:41:07.342 [main] INFO  o.s.w.s.m.m.a.RequestMappingHandlerAdapter - Looking for @ControllerAdvice: Root WebApplicationContext: startup date [Fri Sep 23 18:41:06 CST 2016]; root of context hierarchy
18:41:07.396 [main] INFO  o.s.w.s.m.m.a.RequestMappingHandlerAdapter - Looking for @ControllerAdvice: Root WebApplicationContext: startup date [Fri Sep 23 18:41:06 CST 2016]; root of context hierarchy
18:41:07.441 [main] INFO  o.s.web.context.ContextLoader - Root WebApplicationContext: initialization completed in 1199 ms
18:41:07.524 [main] INFO  o.n.f.s.w.s.ViewDispatcherServlet - FrameworkServlet 'springmvc': initialization started
18:41:07.526 [main] INFO  o.s.w.c.s.XmlWebApplicationContext - Refreshing WebApplicationContext for namespace 'springmvc-servlet': startup date [Fri Sep 23 18:41:07 CST 2016]; parent: Root WebApplicationContext
18:41:07.707 [main] INFO  o.s.b.f.xml.XmlBeanDefinitionReader - Loading XML bean definitions from file [D:\UAP\nbone-framework\nbone\nbone\nbone-web-app\target\classes\spring-mvc-custom.xml]
18:41:07.751 [main] INFO  o.s.b.f.xml.XmlBeanDefinitionReader - Loading XML bean definitions from file [D:\UAP\nbone-framework\nbone\nbone\nbone-core\target\classes\spring-mvc.xml]
18:41:07.902 [main] INFO  o.s.b.f.xml.XmlBeanDefinitionReader - Loading XML bean definitions from ServletContext resource [/WEB-INF/spring-mvc.xml]
18:41:07.935 [main] INFO  o.s.b.f.s.DefaultListableBeanFactory - Overriding bean definition for bean 'mvcContentNegotiationManager': replacing [Root bean: class [org.springframework.web.accept.ContentNegotiationManagerFactoryBean]; scope=; abstract=false; lazyInit=false; autowireMode=0; dependencyCheck=0; autowireCandidate=true; primary=false; factoryBeanName=null; factoryMethodName=null; initMethodName=null; destroyMethodName=null] with [Root bean: class [org.springframework.web.accept.ContentNegotiationManagerFactoryBean]; scope=; abstract=false; lazyInit=false; autowireMode=0; dependencyCheck=0; autowireCandidate=true; primary=false; factoryBeanName=null; factoryMethodName=null; initMethodName=null; destroyMethodName=null]
18:41:07.938 [main] INFO  o.s.b.f.s.DefaultListableBeanFactory - Overriding bean definition for bean 'mvcUriComponentsContributor': replacing [Root bean: class [org.springframework.web.servlet.config.AnnotationDrivenBeanDefinitionParser$CompositeUriComponentsContributorFactoryBean]; scope=; abstract=false; lazyInit=false; autowireMode=0; dependencyCheck=0; autowireCandidate=true; primary=false; factoryBeanName=null; factoryMethodName=null; initMethodName=null; destroyMethodName=null] with [Root bean: class [org.springframework.web.servlet.config.AnnotationDrivenBeanDefinitionParser$CompositeUriComponentsContributorFactoryBean]; scope=; abstract=false; lazyInit=false; autowireMode=0; dependencyCheck=0; autowireCandidate=true; primary=false; factoryBeanName=null; factoryMethodName=null; initMethodName=null; destroyMethodName=null]
18:41:07.939 [main] INFO  o.s.b.f.xml.XmlBeanDefinitionReader - Loading XML bean definitions from class path resource [configuration/springmvc/springmvc-velocity.xml]
18:41:08.063 [main] INFO  o.n.f.s.support.ComponentFactory - 注入ApplicationContext到SpringContextHolder:WebApplicationContext for namespace 'springmvc-servlet': startup date [Fri Sep 23 18:41:07 CST 2016]; parent: Root WebApplicationContext
18:41:08.142 [main] INFO  o.s.w.s.m.m.a.RequestMappingHandlerMapping - Mapped "{[/save],methods=[],params=[],headers=[],consumes=[],produces=[],custom=[]}" onto java.lang.Object org.nbone.web.demo.SampleController.form(org.nbone.test.domain.User,java.util.List<java.lang.Integer>,java.util.List<org.nbone.test.domain.User>)
18:41:08.142 [main] INFO  o.s.w.s.m.m.a.RequestMappingHandlerMapping - Mapped "{[/test],methods=[],params=[],headers=[],consumes=[],produces=[],custom=[]}" onto java.lang.String org.nbone.web.demo.SampleController.home(java.util.Map<java.lang.String, java.lang.String>,org.springframework.http.HttpHeaders)
18:41:08.148 [main] INFO  o.s.w.s.m.m.a.RequestMappingHandlerMapping - Mapped "{[/user/{id}],methods=[GET],params=[],headers=[],consumes=[],produces=[],custom=[]}" onto public java.lang.String org.nbone.web.restful.SampleRestfulController.get(java.lang.String)
18:41:08.148 [main] INFO  o.s.w.s.m.m.a.RequestMappingHandlerMapping - Mapped "{[/user],methods=[POST],params=[],headers=[],consumes=[],produces=[],custom=[]}" onto public java.lang.Object org.nbone.web.restful.SampleRestfulController.save(org.nbone.test.domain.User)
18:41:08.149 [main] INFO  o.s.w.s.m.m.a.RequestMappingHandlerMapping - Mapped "{[/user/{id}],methods=[DELETE],params=[],headers=[],consumes=[],produces=[],custom=[]}" onto public java.lang.Object org.nbone.web.restful.SampleRestfulController.delete(java.lang.String)
18:41:08.149 [main] INFO  o.s.w.s.m.m.a.RequestMappingHandlerMapping - Mapped "{[/user/{id}],methods=[PUT],params=[],headers=[],consumes=[],produces=[],custom=[]}" onto public java.lang.Object org.nbone.web.restful.SampleRestfulController.update(java.lang.String,org.nbone.test.domain.User)
18:41:08.149 [main] INFO  o.s.w.s.m.m.a.RequestMappingHandlerMapping - Mapped "{[/user/login],methods=[POST],params=[],headers=[],consumes=[],produces=[],custom=[]}" onto public java.lang.Object org.nbone.web.restful.SampleRestfulController.login(org.nbone.test.domain.User)
18:41:08.392 [main] INFO  o.n.f.s.w.m.a.JsonRequestBodyMethodProcessor - ========================================================================
18:41:08.392 [main] INFO  o.n.f.s.w.m.a.JsonRequestBodyMethodProcessor - nbone JsonRequestBodyMethodProcessor starting ....
18:41:08.392 [main] INFO  o.n.f.s.w.m.a.JsonRequestBodyMethodProcessor - ========================================================================
18:41:08.408 [main] INFO  o.s.w.s.m.m.a.RequestMappingHandlerAdapter - Looking for @ControllerAdvice: WebApplicationContext for namespace 'springmvc-servlet': startup date [Fri Sep 23 18:41:07 CST 2016]; parent: Root WebApplicationContext
18:41:08.432 [main] INFO  o.s.w.s.m.m.a.RequestMappingHandlerAdapter - Looking for @ControllerAdvice: WebApplicationContext for namespace 'springmvc-servlet': startup date [Fri Sep 23 18:41:07 CST 2016]; parent: Root WebApplicationContext
18:41:08.463 [main] INFO  o.s.w.s.m.m.a.RequestMappingHandlerMapping - Mapped "{[/save],methods=[],params=[],headers=[],consumes=[],produces=[],custom=[]}" onto java.lang.Object org.nbone.web.demo.SampleController.form(org.nbone.test.domain.User,java.util.List<java.lang.Integer>,java.util.List<org.nbone.test.domain.User>)
18:41:08.464 [main] INFO  o.s.w.s.m.m.a.RequestMappingHandlerMapping - Mapped "{[/test],methods=[],params=[],headers=[],consumes=[],produces=[],custom=[]}" onto java.lang.String org.nbone.web.demo.SampleController.home(java.util.Map<java.lang.String, java.lang.String>,org.springframework.http.HttpHeaders)
18:41:08.465 [main] INFO  o.s.w.s.m.m.a.RequestMappingHandlerMapping - Mapped "{[/user/{id}],methods=[GET],params=[],headers=[],consumes=[],produces=[],custom=[]}" onto public java.lang.String org.nbone.web.restful.SampleRestfulController.get(java.lang.String)
18:41:08.465 [main] INFO  o.s.w.s.m.m.a.RequestMappingHandlerMapping - Mapped "{[/user],methods=[POST],params=[],headers=[],consumes=[],produces=[],custom=[]}" onto public java.lang.Object org.nbone.web.restful.SampleRestfulController.save(org.nbone.test.domain.User)
18:41:08.465 [main] INFO  o.s.w.s.m.m.a.RequestMappingHandlerMapping - Mapped "{[/user/{id}],methods=[DELETE],params=[],headers=[],consumes=[],produces=[],custom=[]}" onto public java.lang.Object org.nbone.web.restful.SampleRestfulController.delete(java.lang.String)
18:41:08.465 [main] INFO  o.s.w.s.m.m.a.RequestMappingHandlerMapping - Mapped "{[/user/{id}],methods=[PUT],params=[],headers=[],consumes=[],produces=[],custom=[]}" onto public java.lang.Object org.nbone.web.restful.SampleRestfulController.update(java.lang.String,org.nbone.test.domain.User)
18:41:08.465 [main] INFO  o.s.w.s.m.m.a.RequestMappingHandlerMapping - Mapped "{[/user/login],methods=[POST],params=[],headers=[],consumes=[],produces=[],custom=[]}" onto public java.lang.Object org.nbone.web.restful.SampleRestfulController.login(org.nbone.test.domain.User)
18:41:08.487 [main] INFO  o.s.w.s.m.m.a.RequestMappingHandlerAdapter - Looking for @ControllerAdvice: WebApplicationContext for namespace 'springmvc-servlet': startup date [Fri Sep 23 18:41:07 CST 2016]; parent: Root WebApplicationContext
18:41:08.540 [main] INFO  o.n.f.s.w.s.ViewDispatcherServlet - FrameworkServlet 'springmvc': initialization completed in 1016 ms
18:42:15.362 [main] INFO  o.s.web.context.ContextLoader - Root WebApplicationContext: initialization started
18:42:15.441 [main] INFO  o.s.w.c.s.XmlWebApplicationContext - Refreshing Root WebApplicationContext: startup date [Fri Sep 23 18:42:15 CST 2016]; root of context hierarchy
18:42:15.483 [main] INFO  o.s.b.f.xml.XmlBeanDefinitionReader - Loading XML bean definitions from file [D:\UAP\nbone-framework\nbone\nbone\nbone-web-app\target\classes\spring-demo.xml]
18:42:15.738 [main] INFO  o.s.b.f.xml.XmlBeanDefinitionReader - Loading XML bean definitions from file [D:\UAP\nbone-framework\nbone\nbone\nbone-web-app\target\classes\spring-mvc-custom.xml]
18:42:15.769 [main] INFO  o.s.b.f.xml.XmlBeanDefinitionReader - Loading XML bean definitions from ServletContext resource [/WEB-INF/spring-mvc.xml]
18:42:15.920 [main] INFO  o.n.f.s.support.ComponentFactory - 注入ApplicationContext到SpringContextHolder:Root WebApplicationContext: startup date [Fri Sep 23 18:42:15 CST 2016]; root of context hierarchy
18:42:16.104 [main] INFO  o.h.validator.internal.util.Version - HV000001: Hibernate Validator 4.3.2.Final
18:42:16.412 [main] INFO  o.s.w.s.m.m.a.RequestMappingHandlerAdapter - Looking for @ControllerAdvice: Root WebApplicationContext: startup date [Fri Sep 23 18:42:15 CST 2016]; root of context hierarchy
18:42:16.466 [main] INFO  o.s.w.s.m.m.a.RequestMappingHandlerAdapter - Looking for @ControllerAdvice: Root WebApplicationContext: startup date [Fri Sep 23 18:42:15 CST 2016]; root of context hierarchy
18:42:16.510 [main] INFO  o.s.web.context.ContextLoader - Root WebApplicationContext: initialization completed in 1145 ms
18:42:16.586 [main] INFO  o.n.f.s.w.s.ViewDispatcherServlet - FrameworkServlet 'springmvc': initialization started
18:42:16.588 [main] INFO  o.s.w.c.s.XmlWebApplicationContext - Refreshing WebApplicationContext for namespace 'springmvc-servlet': startup date [Fri Sep 23 18:42:16 CST 2016]; parent: Root WebApplicationContext
18:42:16.773 [main] INFO  o.s.b.f.xml.XmlBeanDefinitionReader - Loading XML bean definitions from file [D:\UAP\nbone-framework\nbone\nbone\nbone-web-app\target\classes\spring-mvc-custom.xml]
18:42:16.815 [main] INFO  o.s.b.f.xml.XmlBeanDefinitionReader - Loading XML bean definitions from file [D:\UAP\nbone-framework\nbone\nbone\nbone-core\target\classes\spring-mvc.xml]
18:42:16.996 [main] INFO  o.s.b.f.xml.XmlBeanDefinitionReader - Loading XML bean definitions from ServletContext resource [/WEB-INF/spring-mvc.xml]
18:42:17.017 [main] INFO  o.s.b.f.s.DefaultListableBeanFactory - Overriding bean definition for bean 'mvcContentNegotiationManager': replacing [Root bean: class [org.springframework.web.accept.ContentNegotiationManagerFactoryBean]; scope=; abstract=false; lazyInit=false; autowireMode=0; dependencyCheck=0; autowireCandidate=true; primary=false; factoryBeanName=null; factoryMethodName=null; initMethodName=null; destroyMethodName=null] with [Root bean: class [org.springframework.web.accept.ContentNegotiationManagerFactoryBean]; scope=; abstract=false; lazyInit=false; autowireMode=0; dependencyCheck=0; autowireCandidate=true; primary=false; factoryBeanName=null; factoryMethodName=null; initMethodName=null; destroyMethodName=null]
18:42:17.018 [main] INFO  o.s.b.f.s.DefaultListableBeanFactory - Overriding bean definition for bean 'mvcUriComponentsContributor': replacing [Root bean: class [org.springframework.web.servlet.config.AnnotationDrivenBeanDefinitionParser$CompositeUriComponentsContributorFactoryBean]; scope=; abstract=false; lazyInit=false; autowireMode=0; dependencyCheck=0; autowireCandidate=true; primary=false; factoryBeanName=null; factoryMethodName=null; initMethodName=null; destroyMethodName=null] with [Root bean: class [org.springframework.web.servlet.config.AnnotationDrivenBeanDefinitionParser$CompositeUriComponentsContributorFactoryBean]; scope=; abstract=false; lazyInit=false; autowireMode=0; dependencyCheck=0; autowireCandidate=true; primary=false; factoryBeanName=null; factoryMethodName=null; initMethodName=null; destroyMethodName=null]
18:42:17.018 [main] INFO  o.s.b.f.xml.XmlBeanDefinitionReader - Loading XML bean definitions from class path resource [configuration/springmvc/springmvc-velocity.xml]
18:42:17.155 [main] INFO  o.n.f.s.support.ComponentFactory - 注入ApplicationContext到SpringContextHolder:WebApplicationContext for namespace 'springmvc-servlet': startup date [Fri Sep 23 18:42:16 CST 2016]; parent: Root WebApplicationContext
18:42:17.248 [main] INFO  o.s.w.s.m.m.a.RequestMappingHandlerMapping - Mapped "{[/save],methods=[],params=[],headers=[],consumes=[],produces=[],custom=[]}" onto java.lang.Object org.nbone.web.demo.SampleController.form(org.nbone.test.domain.User,java.util.List<java.lang.Integer>,java.util.List<org.nbone.test.domain.User>)
18:42:17.249 [main] INFO  o.s.w.s.m.m.a.RequestMappingHandlerMapping - Mapped "{[/test],methods=[],params=[],headers=[],consumes=[],produces=[],custom=[]}" onto java.lang.String org.nbone.web.demo.SampleController.home(java.util.Map<java.lang.String, java.lang.String>,org.springframework.http.HttpHeaders)
18:42:17.251 [main] INFO  o.s.w.s.m.m.a.RequestMappingHandlerMapping - Mapped "{[/user/{id}],methods=[GET],params=[],headers=[],consumes=[],produces=[],custom=[]}" onto public java.lang.String org.nbone.web.restful.SampleRestfulController.get(java.lang.String)
18:42:17.252 [main] INFO  o.s.w.s.m.m.a.RequestMappingHandlerMapping - Mapped "{[/user],methods=[POST],params=[],headers=[],consumes=[],produces=[],custom=[]}" onto public java.lang.Object org.nbone.web.restful.SampleRestfulController.save(org.nbone.test.domain.User)
18:42:17.252 [main] INFO  o.s.w.s.m.m.a.RequestMappingHandlerMapping - Mapped "{[/user/{id}],methods=[DELETE],params=[],headers=[],consumes=[],produces=[],custom=[]}" onto public java.lang.Object org.nbone.web.restful.SampleRestfulController.delete(java.lang.String)
18:42:17.252 [main] INFO  o.s.w.s.m.m.a.RequestMappingHandlerMapping - Mapped "{[/user/{id}],methods=[PUT],params=[],headers=[],consumes=[],produces=[],custom=[]}" onto public java.lang.Object org.nbone.web.restful.SampleRestfulController.update(java.lang.String,org.nbone.test.domain.User)
18:42:17.252 [main] INFO  o.s.w.s.m.m.a.RequestMappingHandlerMapping - Mapped "{[/user/login],methods=[POST],params=[],headers=[],consumes=[],produces=[],custom=[]}" onto public java.lang.Object org.nbone.web.restful.SampleRestfulController.login(org.nbone.test.domain.User)
18:42:17.494 [main] INFO  o.n.f.s.w.m.a.JsonRequestBodyMethodProcessor - ========================================================================
18:42:17.494 [main] INFO  o.n.f.s.w.m.a.JsonRequestBodyMethodProcessor - nbone JsonRequestBodyMethodProcessor starting ....
18:42:17.494 [main] INFO  o.n.f.s.w.m.a.JsonRequestBodyMethodProcessor - ========================================================================
18:42:17.509 [main] INFO  o.s.w.s.m.m.a.RequestMappingHandlerAdapter - Looking for @ControllerAdvice: WebApplicationContext for namespace 'springmvc-servlet': startup date [Fri Sep 23 18:42:16 CST 2016]; parent: Root WebApplicationContext
18:42:17.531 [main] INFO  o.s.w.s.m.m.a.RequestMappingHandlerAdapter - Looking for @ControllerAdvice: WebApplicationContext for namespace 'springmvc-servlet': startup date [Fri Sep 23 18:42:16 CST 2016]; parent: Root WebApplicationContext
18:42:17.561 [main] INFO  o.s.w.s.m.m.a.RequestMappingHandlerMapping - Mapped "{[/save],methods=[],params=[],headers=[],consumes=[],produces=[],custom=[]}" onto java.lang.Object org.nbone.web.demo.SampleController.form(org.nbone.test.domain.User,java.util.List<java.lang.Integer>,java.util.List<org.nbone.test.domain.User>)
18:42:17.562 [main] INFO  o.s.w.s.m.m.a.RequestMappingHandlerMapping - Mapped "{[/test],methods=[],params=[],headers=[],consumes=[],produces=[],custom=[]}" onto java.lang.String org.nbone.web.demo.SampleController.home(java.util.Map<java.lang.String, java.lang.String>,org.springframework.http.HttpHeaders)
18:42:17.563 [main] INFO  o.s.w.s.m.m.a.RequestMappingHandlerMapping - Mapped "{[/user/{id}],methods=[GET],params=[],headers=[],consumes=[],produces=[],custom=[]}" onto public java.lang.String org.nbone.web.restful.SampleRestfulController.get(java.lang.String)
18:42:17.563 [main] INFO  o.s.w.s.m.m.a.RequestMappingHandlerMapping - Mapped "{[/user],methods=[POST],params=[],headers=[],consumes=[],produces=[],custom=[]}" onto public java.lang.Object org.nbone.web.restful.SampleRestfulController.save(org.nbone.test.domain.User)
18:42:17.563 [main] INFO  o.s.w.s.m.m.a.RequestMappingHandlerMapping - Mapped "{[/user/{id}],methods=[DELETE],params=[],headers=[],consumes=[],produces=[],custom=[]}" onto public java.lang.Object org.nbone.web.restful.SampleRestfulController.delete(java.lang.String)
18:42:17.563 [main] INFO  o.s.w.s.m.m.a.RequestMappingHandlerMapping - Mapped "{[/user/{id}],methods=[PUT],params=[],headers=[],consumes=[],produces=[],custom=[]}" onto public java.lang.Object org.nbone.web.restful.SampleRestfulController.update(java.lang.String,org.nbone.test.domain.User)
18:42:17.564 [main] INFO  o.s.w.s.m.m.a.RequestMappingHandlerMapping - Mapped "{[/user/login],methods=[POST],params=[],headers=[],consumes=[],produces=[],custom=[]}" onto public java.lang.Object org.nbone.web.restful.SampleRestfulController.login(org.nbone.test.domain.User)
18:42:17.583 [main] INFO  o.s.w.s.m.m.a.RequestMappingHandlerAdapter - Looking for @ControllerAdvice: WebApplicationContext for namespace 'springmvc-servlet': startup date [Fri Sep 23 18:42:16 CST 2016]; parent: Root WebApplicationContext
18:42:17.646 [main] INFO  o.n.f.s.w.s.ViewDispatcherServlet - FrameworkServlet 'springmvc': initialization completed in 1060 ms
