14:11:18.459 [main] INFO  o.s.web.context.ContextLoader - Root WebApplicationContext: initialization started
14:11:18.537 [main] INFO  o.s.w.c.s.XmlWebApplicationContext - Refreshing Root WebApplicationContext: startup date [Tue Jan 10 14:11:18 CST 2017]; root of context hierarchy
14:11:18.568 [main] INFO  o.s.b.f.xml.XmlBeanDefinitionReader - Loading XML bean definitions from file [D:\UAP\nbone-framework\nbone\nbone\nbone-web-app\target\classes\spring-demo.xml]
14:11:18.849 [main] INFO  o.s.b.f.xml.XmlBeanDefinitionReader - Loading XML bean definitions from file [D:\UAP\nbone-framework\nbone\nbone\nbone-web-app\target\classes\spring-mvc-custom.xml]
14:11:18.865 [main] INFO  o.s.b.f.xml.XmlBeanDefinitionReader - Loading XML bean definitions from ServletContext resource [/WEB-INF/spring-mvc.xml]
14:11:21.728 [main] INFO  o.n.f.s.b.c.c.ConfigFileApplication - spring application config environment active profiles initialize[] .thinking
14:11:21.806 [main] INFO  o.n.f.s.b.c.c.ConfigFileApplication - spring application config environment active profiles : [test, dev, nbone-jdbc, hh]
14:11:29.593 [main] INFO  o.s.w.s.m.m.a.RequestMappingHandlerMapping - Mapped "{[/save]}" onto java.lang.Object org.nbone.web.demo.SampleController.form(org.nbone.test.domain.User,java.util.List<java.lang.Integer>,java.util.List<org.nbone.test.domain.User>)
14:11:29.593 [main] INFO  o.s.w.s.m.m.a.RequestMappingHandlerMapping - Mapped "{[/test]}" onto java.lang.String org.nbone.web.demo.SampleController.home(java.util.Map<java.lang.String, java.lang.String>,org.springframework.http.HttpHeaders)
14:11:29.593 [main] INFO  o.s.w.s.m.m.a.RequestMappingHandlerMapping - Mapped "{[/user/{id}],methods=[GET]}" onto public java.lang.String org.nbone.web.restful.SampleRestfulController.get(java.lang.String)
14:11:29.593 [main] INFO  o.s.w.s.m.m.a.RequestMappingHandlerMapping - Mapped "{[/user],methods=[POST]}" onto public java.lang.Object org.nbone.web.restful.SampleRestfulController.save(org.nbone.test.domain.User)
14:11:29.593 [main] INFO  o.s.w.s.m.m.a.RequestMappingHandlerMapping - Mapped "{[/user/{id}],methods=[DELETE]}" onto public java.lang.Object org.nbone.web.restful.SampleRestfulController.delete(java.lang.String)
14:11:29.593 [main] INFO  o.s.w.s.m.m.a.RequestMappingHandlerMapping - Mapped "{[/user/{id}],methods=[PUT]}" onto public java.lang.Object org.nbone.web.restful.SampleRestfulController.update(java.lang.String,org.nbone.test.domain.User)
14:11:29.593 [main] INFO  o.s.w.s.m.m.a.RequestMappingHandlerMapping - Mapped "{[/user/login],methods=[POST]}" onto public java.lang.Object org.nbone.web.restful.SampleRestfulController.login(org.nbone.test.domain.User)
14:11:29.921 [main] INFO  o.s.w.s.m.m.a.RequestMappingHandlerAdapter - Looking for @ControllerAdvice: Root WebApplicationContext: startup date [Tue Jan 10 14:11:18 CST 2017]; root of context hierarchy
14:11:29.952 [main] INFO  o.s.w.s.m.m.a.RequestMappingHandlerAdapter - Looking for @ControllerAdvice: Root WebApplicationContext: startup date [Tue Jan 10 14:11:18 CST 2017]; root of context hierarchy
14:11:30.014 [main] INFO  o.s.web.context.ContextLoader - Root WebApplicationContext: initialization completed in 11540 ms
14:11:30.067 [main] INFO  o.n.f.s.w.s.FrameworkDispatcherServlet - FrameworkServlet 'springmvc': initialization started
14:11:30.083 [main] INFO  o.s.w.c.s.XmlWebApplicationContext - Refreshing WebApplicationContext for namespace 'springmvc-servlet': startup date [Tue Jan 10 14:11:30 CST 2017]; parent: Root WebApplicationContext
14:11:30.223 [main] INFO  o.s.b.f.xml.XmlBeanDefinitionReader - Loading XML bean definitions from file [D:\UAP\nbone-framework\nbone\nbone\nbone-web-app\target\classes\spring-mvc-custom.xml]
14:11:30.239 [main] INFO  o.s.b.f.xml.XmlBeanDefinitionReader - Loading XML bean definitions from ServletContext resource [/WEB-INF/spring-mvc.xml]
14:11:30.270 [main] INFO  o.s.b.f.xml.XmlBeanDefinitionReader - Loading XML bean definitions from class path resource [configuration/springmvc/springmvc-velocity.xml]
14:11:30.317 [main] INFO  o.n.f.s.support.ComponentFactory - 注入ApplicationContext到SpringContextHolder:WebApplicationContext for namespace 'springmvc-servlet': startup date [Tue Jan 10 14:11:30 CST 2017]; parent: Root WebApplicationContext
14:11:30.333 [main] INFO  o.s.w.s.m.m.a.RequestMappingHandlerMapping - Mapped "{[/save]}" onto java.lang.Object org.nbone.web.demo.SampleController.form(org.nbone.test.domain.User,java.util.List<java.lang.Integer>,java.util.List<org.nbone.test.domain.User>)
14:11:30.333 [main] INFO  o.s.w.s.m.m.a.RequestMappingHandlerMapping - Mapped "{[/test]}" onto java.lang.String org.nbone.web.demo.SampleController.home(java.util.Map<java.lang.String, java.lang.String>,org.springframework.http.HttpHeaders)
14:11:30.364 [main] INFO  o.s.w.s.m.m.a.RequestMappingHandlerMapping - Mapped "{[/user/{id}],methods=[GET]}" onto public java.lang.String org.nbone.web.restful.SampleRestfulController.get(java.lang.String)
14:11:30.364 [main] INFO  o.s.w.s.m.m.a.RequestMappingHandlerMapping - Mapped "{[/user],methods=[POST]}" onto public java.lang.Object org.nbone.web.restful.SampleRestfulController.save(org.nbone.test.domain.User)
14:11:30.364 [main] INFO  o.s.w.s.m.m.a.RequestMappingHandlerMapping - Mapped "{[/user/{id}],methods=[DELETE]}" onto public java.lang.Object org.nbone.web.restful.SampleRestfulController.delete(java.lang.String)
14:11:30.364 [main] INFO  o.s.w.s.m.m.a.RequestMappingHandlerMapping - Mapped "{[/user/{id}],methods=[PUT]}" onto public java.lang.Object org.nbone.web.restful.SampleRestfulController.update(java.lang.String,org.nbone.test.domain.User)
14:11:30.364 [main] INFO  o.s.w.s.m.m.a.RequestMappingHandlerMapping - Mapped "{[/user/login],methods=[POST]}" onto public java.lang.Object org.nbone.web.restful.SampleRestfulController.login(org.nbone.test.domain.User)
14:11:30.395 [main] INFO  o.s.w.s.m.m.a.RequestMappingHandlerAdapter - Looking for @ControllerAdvice: WebApplicationContext for namespace 'springmvc-servlet': startup date [Tue Jan 10 14:11:30 CST 2017]; parent: Root WebApplicationContext
14:11:30.403 [main] INFO  o.s.w.s.m.m.a.RequestMappingHandlerAdapter - Looking for @ControllerAdvice: WebApplicationContext for namespace 'springmvc-servlet': startup date [Tue Jan 10 14:11:30 CST 2017]; parent: Root WebApplicationContext
14:11:30.466 [main] INFO  o.n.f.s.w.s.FrameworkDispatcherServlet - FrameworkServlet 'springmvc': initialization completed in 399 ms
14:13:36.177 [main] INFO  o.s.web.context.ContextLoader - Root WebApplicationContext: initialization started
14:13:36.228 [main] INFO  o.s.w.c.s.XmlWebApplicationContext - Refreshing Root WebApplicationContext: startup date [Tue Jan 10 14:13:36 CST 2017]; root of context hierarchy
14:13:36.275 [main] INFO  o.s.b.f.xml.XmlBeanDefinitionReader - Loading XML bean definitions from file [D:\UAP\nbone-framework\nbone\nbone\nbone-web-app\target\classes\spring-demo.xml]
14:13:36.556 [main] INFO  o.s.b.f.xml.XmlBeanDefinitionReader - Loading XML bean definitions from file [D:\UAP\nbone-framework\nbone\nbone\nbone-web-app\target\classes\spring-mvc-custom.xml]
14:13:36.571 [main] INFO  o.s.b.f.xml.XmlBeanDefinitionReader - Loading XML bean definitions from ServletContext resource [/WEB-INF/spring-mvc.xml]
14:13:39.127 [main] INFO  o.n.f.s.b.c.c.ConfigFileApplication - spring application config environment active profiles initialize[] .thinking
14:22:34.561 [main] INFO  o.s.web.context.ContextLoader - Root WebApplicationContext: initialization started
14:22:34.612 [main] INFO  o.s.w.c.s.XmlWebApplicationContext - Refreshing Root WebApplicationContext: startup date [Tue Jan 10 14:22:34 CST 2017]; root of context hierarchy
14:22:34.658 [main] INFO  o.s.b.f.xml.XmlBeanDefinitionReader - Loading XML bean definitions from file [D:\UAP\nbone-framework\nbone\nbone\nbone-web-app\target\classes\spring-demo.xml]
14:22:34.940 [main] INFO  o.s.b.f.xml.XmlBeanDefinitionReader - Loading XML bean definitions from file [D:\UAP\nbone-framework\nbone\nbone\nbone-web-app\target\classes\spring-mvc-custom.xml]
14:22:34.955 [main] INFO  o.s.b.f.xml.XmlBeanDefinitionReader - Loading XML bean definitions from ServletContext resource [/WEB-INF/spring-mvc.xml]
14:22:42.383 [main] INFO  o.n.f.s.b.c.c.ConfigFileApplication - spring application config environment active profiles initialize[] .thinking
14:38:17.489 [main] INFO  o.n.f.s.b.c.c.ConfigFileApplication - spring application config environment active profiles : [test, dev, nbone-jdbc, hh]
14:38:18.300 [main] INFO  o.s.w.s.m.m.a.RequestMappingHandlerMapping - Mapped "{[/save]}" onto java.lang.Object org.nbone.web.demo.SampleController.form(org.nbone.test.domain.User,java.util.List<java.lang.Integer>,java.util.List<org.nbone.test.domain.User>)
14:38:18.300 [main] INFO  o.s.w.s.m.m.a.RequestMappingHandlerMapping - Mapped "{[/test]}" onto java.lang.String org.nbone.web.demo.SampleController.home(java.util.Map<java.lang.String, java.lang.String>,org.springframework.http.HttpHeaders)
14:38:18.315 [main] INFO  o.s.w.s.m.m.a.RequestMappingHandlerMapping - Mapped "{[/user/{id}],methods=[GET]}" onto public java.lang.String org.nbone.web.restful.SampleRestfulController.get(java.lang.String)
14:38:18.315 [main] INFO  o.s.w.s.m.m.a.RequestMappingHandlerMapping - Mapped "{[/user],methods=[POST]}" onto public java.lang.Object org.nbone.web.restful.SampleRestfulController.save(org.nbone.test.domain.User)
14:38:18.315 [main] INFO  o.s.w.s.m.m.a.RequestMappingHandlerMapping - Mapped "{[/user/{id}],methods=[DELETE]}" onto public java.lang.Object org.nbone.web.restful.SampleRestfulController.delete(java.lang.String)
14:38:18.315 [main] INFO  o.s.w.s.m.m.a.RequestMappingHandlerMapping - Mapped "{[/user/{id}],methods=[PUT]}" onto public java.lang.Object org.nbone.web.restful.SampleRestfulController.update(java.lang.String,org.nbone.test.domain.User)
14:38:18.315 [main] INFO  o.s.w.s.m.m.a.RequestMappingHandlerMapping - Mapped "{[/user/login],methods=[POST]}" onto public java.lang.Object org.nbone.web.restful.SampleRestfulController.login(org.nbone.test.domain.User)
14:38:18.550 [main] INFO  o.s.w.s.m.m.a.RequestMappingHandlerAdapter - Looking for @ControllerAdvice: Root WebApplicationContext: startup date [Tue Jan 10 14:22:34 CST 2017]; root of context hierarchy
14:38:18.598 [main] INFO  o.s.w.s.m.m.a.RequestMappingHandlerAdapter - Looking for @ControllerAdvice: Root WebApplicationContext: startup date [Tue Jan 10 14:22:34 CST 2017]; root of context hierarchy
14:38:18.660 [main] INFO  o.s.web.context.ContextLoader - Root WebApplicationContext: initialization completed in 944096 ms
14:38:18.722 [main] INFO  o.n.f.s.w.s.FrameworkDispatcherServlet - FrameworkServlet 'springmvc': initialization started
14:38:18.722 [main] INFO  o.s.w.c.s.XmlWebApplicationContext - Refreshing WebApplicationContext for namespace 'springmvc-servlet': startup date [Tue Jan 10 14:38:18 CST 2017]; parent: Root WebApplicationContext
14:38:18.893 [main] INFO  o.s.b.f.xml.XmlBeanDefinitionReader - Loading XML bean definitions from file [D:\UAP\nbone-framework\nbone\nbone\nbone-web-app\target\classes\spring-mvc-custom.xml]
14:38:18.909 [main] INFO  o.s.b.f.xml.XmlBeanDefinitionReader - Loading XML bean definitions from ServletContext resource [/WEB-INF/spring-mvc.xml]
14:38:18.956 [main] INFO  o.s.b.f.xml.XmlBeanDefinitionReader - Loading XML bean definitions from class path resource [configuration/springmvc/springmvc-velocity.xml]
14:38:18.987 [main] INFO  o.n.f.s.support.ComponentFactory - 注入ApplicationContext到SpringContextHolder:WebApplicationContext for namespace 'springmvc-servlet': startup date [Tue Jan 10 14:38:18 CST 2017]; parent: Root WebApplicationContext
14:38:19.003 [main] INFO  o.s.w.s.m.m.a.RequestMappingHandlerMapping - Mapped "{[/save]}" onto java.lang.Object org.nbone.web.demo.SampleController.form(org.nbone.test.domain.User,java.util.List<java.lang.Integer>,java.util.List<org.nbone.test.domain.User>)
14:38:19.003 [main] INFO  o.s.w.s.m.m.a.RequestMappingHandlerMapping - Mapped "{[/test]}" onto java.lang.String org.nbone.web.demo.SampleController.home(java.util.Map<java.lang.String, java.lang.String>,org.springframework.http.HttpHeaders)
14:38:19.003 [main] INFO  o.s.w.s.m.m.a.RequestMappingHandlerMapping - Mapped "{[/user/{id}],methods=[GET]}" onto public java.lang.String org.nbone.web.restful.SampleRestfulController.get(java.lang.String)
14:38:19.003 [main] INFO  o.s.w.s.m.m.a.RequestMappingHandlerMapping - Mapped "{[/user],methods=[POST]}" onto public java.lang.Object org.nbone.web.restful.SampleRestfulController.save(org.nbone.test.domain.User)
14:38:19.003 [main] INFO  o.s.w.s.m.m.a.RequestMappingHandlerMapping - Mapped "{[/user/{id}],methods=[DELETE]}" onto public java.lang.Object org.nbone.web.restful.SampleRestfulController.delete(java.lang.String)
14:38:19.003 [main] INFO  o.s.w.s.m.m.a.RequestMappingHandlerMapping - Mapped "{[/user/{id}],methods=[PUT]}" onto public java.lang.Object org.nbone.web.restful.SampleRestfulController.update(java.lang.String,org.nbone.test.domain.User)
14:38:19.003 [main] INFO  o.s.w.s.m.m.a.RequestMappingHandlerMapping - Mapped "{[/user/login],methods=[POST]}" onto public java.lang.Object org.nbone.web.restful.SampleRestfulController.login(org.nbone.test.domain.User)
14:38:19.034 [main] INFO  o.s.w.s.m.m.a.RequestMappingHandlerAdapter - Looking for @ControllerAdvice: WebApplicationContext for namespace 'springmvc-servlet': startup date [Tue Jan 10 14:38:18 CST 2017]; parent: Root WebApplicationContext
14:38:19.050 [main] INFO  o.s.w.s.m.m.a.RequestMappingHandlerAdapter - Looking for @ControllerAdvice: WebApplicationContext for namespace 'springmvc-servlet': startup date [Tue Jan 10 14:38:18 CST 2017]; parent: Root WebApplicationContext
14:38:19.097 [main] INFO  o.n.f.s.w.s.FrameworkDispatcherServlet - FrameworkServlet 'springmvc': initialization completed in 375 ms
