16:06:08.496 [main] INFO  o.s.web.context.ContextLoader - Root WebApplicationContext: initialization started
16:06:08.656 [main] INFO  o.s.w.c.s.XmlWebApplicationContext - Refreshing Root WebApplicationContext: startup date [Tue Jan 03 16:06:08 CST 2017]; root of context hierarchy
16:06:08.688 [main] INFO  o.s.b.f.xml.XmlBeanDefinitionReader - Loading XML bean definitions from file [D:\UAP\nbone-framework\nbone\nbone\nbone-web-app\target\classes\spring-demo.xml]
16:06:08.969 [main] INFO  o.s.b.f.xml.XmlBeanDefinitionReader - Loading XML bean definitions from file [D:\UAP\nbone-framework\nbone\nbone\nbone-web-app\target\classes\spring-mvc-custom.xml]
16:06:08.984 [main] INFO  o.s.b.f.xml.XmlBeanDefinitionReader - Loading XML bean definitions from ServletContext resource [/WEB-INF/spring-mvc.xml]
16:06:09.203 [main] INFO  o.n.f.s.support.ComponentFactory - 注入ApplicationContext到SpringContextHolder:Root WebApplicationContext: startup date [Tue Jan 03 16:06:08 CST 2017]; root of context hierarchy
16:06:09.313 [main] INFO  o.s.w.s.m.m.a.RequestMappingHandlerMapping - Mapped "{[/save]}" onto java.lang.Object org.nbone.web.demo.SampleController.form(org.nbone.test.domain.User,java.util.List<java.lang.Integer>,java.util.List<org.nbone.test.domain.User>)
16:06:09.313 [main] INFO  o.s.w.s.m.m.a.RequestMappingHandlerMapping - Mapped "{[/test]}" onto java.lang.String org.nbone.web.demo.SampleController.home(java.util.Map<java.lang.String, java.lang.String>,org.springframework.http.HttpHeaders)
16:06:09.313 [main] INFO  o.s.w.s.m.m.a.RequestMappingHandlerMapping - Mapped "{[/user/{id}],methods=[GET]}" onto public java.lang.String org.nbone.web.restful.SampleRestfulController.get(java.lang.String)
16:06:09.313 [main] INFO  o.s.w.s.m.m.a.RequestMappingHandlerMapping - Mapped "{[/user],methods=[POST]}" onto public java.lang.Object org.nbone.web.restful.SampleRestfulController.save(org.nbone.test.domain.User)
16:06:09.313 [main] INFO  o.s.w.s.m.m.a.RequestMappingHandlerMapping - Mapped "{[/user/{id}],methods=[DELETE]}" onto public java.lang.Object org.nbone.web.restful.SampleRestfulController.delete(java.lang.String)
16:06:09.313 [main] INFO  o.s.w.s.m.m.a.RequestMappingHandlerMapping - Mapped "{[/user/{id}],methods=[PUT]}" onto public java.lang.Object org.nbone.web.restful.SampleRestfulController.update(java.lang.String,org.nbone.test.domain.User)
16:06:09.313 [main] INFO  o.s.w.s.m.m.a.RequestMappingHandlerMapping - Mapped "{[/user/login],methods=[POST]}" onto public java.lang.Object org.nbone.web.restful.SampleRestfulController.login(org.nbone.test.domain.User)
16:06:09.641 [main] INFO  o.s.w.s.m.m.a.RequestMappingHandlerAdapter - Looking for @ControllerAdvice: Root WebApplicationContext: startup date [Tue Jan 03 16:06:08 CST 2017]; root of context hierarchy
16:06:09.685 [main] INFO  o.s.w.s.m.m.a.RequestMappingHandlerAdapter - Looking for @ControllerAdvice: Root WebApplicationContext: startup date [Tue Jan 03 16:06:08 CST 2017]; root of context hierarchy
16:06:09.732 [main] INFO  o.s.web.context.ContextLoader - Root WebApplicationContext: initialization completed in 1232 ms
16:06:09.791 [main] INFO  o.n.f.s.w.s.FrameworkDispatcherServlet - FrameworkServlet 'springmvc': initialization started
16:06:09.791 [main] INFO  o.s.w.c.s.XmlWebApplicationContext - Refreshing WebApplicationContext for namespace 'springmvc-servlet': startup date [Tue Jan 03 16:06:09 CST 2017]; parent: Root WebApplicationContext
16:06:09.931 [main] INFO  o.s.b.f.xml.XmlBeanDefinitionReader - Loading XML bean definitions from file [D:\UAP\nbone-framework\nbone\nbone\nbone-web-app\target\classes\spring-mvc-custom.xml]
16:06:09.947 [main] INFO  o.s.b.f.xml.XmlBeanDefinitionReader - Loading XML bean definitions from ServletContext resource [/WEB-INF/spring-mvc.xml]
16:06:09.994 [main] INFO  o.s.b.f.xml.XmlBeanDefinitionReader - Loading XML bean definitions from class path resource [configuration/springmvc/springmvc-velocity.xml]
16:06:10.010 [main] INFO  o.n.f.s.support.ComponentFactory - 注入ApplicationContext到SpringContextHolder:WebApplicationContext for namespace 'springmvc-servlet': startup date [Tue Jan 03 16:06:09 CST 2017]; parent: Root WebApplicationContext
16:06:10.025 [main] INFO  o.s.w.s.m.m.a.RequestMappingHandlerMapping - Mapped "{[/save]}" onto java.lang.Object org.nbone.web.demo.SampleController.form(org.nbone.test.domain.User,java.util.List<java.lang.Integer>,java.util.List<org.nbone.test.domain.User>)
16:06:10.025 [main] INFO  o.s.w.s.m.m.a.RequestMappingHandlerMapping - Mapped "{[/test]}" onto java.lang.String org.nbone.web.demo.SampleController.home(java.util.Map<java.lang.String, java.lang.String>,org.springframework.http.HttpHeaders)
16:06:10.025 [main] INFO  o.s.w.s.m.m.a.RequestMappingHandlerMapping - Mapped "{[/user/{id}],methods=[GET]}" onto public java.lang.String org.nbone.web.restful.SampleRestfulController.get(java.lang.String)
16:06:10.025 [main] INFO  o.s.w.s.m.m.a.RequestMappingHandlerMapping - Mapped "{[/user],methods=[POST]}" onto public java.lang.Object org.nbone.web.restful.SampleRestfulController.save(org.nbone.test.domain.User)
16:06:10.025 [main] INFO  o.s.w.s.m.m.a.RequestMappingHandlerMapping - Mapped "{[/user/{id}],methods=[DELETE]}" onto public java.lang.Object org.nbone.web.restful.SampleRestfulController.delete(java.lang.String)
16:06:10.025 [main] INFO  o.s.w.s.m.m.a.RequestMappingHandlerMapping - Mapped "{[/user/{id}],methods=[PUT]}" onto public java.lang.Object org.nbone.web.restful.SampleRestfulController.update(java.lang.String,org.nbone.test.domain.User)
16:06:10.025 [main] INFO  o.s.w.s.m.m.a.RequestMappingHandlerMapping - Mapped "{[/user/login],methods=[POST]}" onto public java.lang.Object org.nbone.web.restful.SampleRestfulController.login(org.nbone.test.domain.User)
16:06:10.056 [main] INFO  o.s.w.s.m.m.a.RequestMappingHandlerAdapter - Looking for @ControllerAdvice: WebApplicationContext for namespace 'springmvc-servlet': startup date [Tue Jan 03 16:06:09 CST 2017]; parent: Root WebApplicationContext
16:06:10.072 [main] INFO  o.s.w.s.m.m.a.RequestMappingHandlerAdapter - Looking for @ControllerAdvice: WebApplicationContext for namespace 'springmvc-servlet': startup date [Tue Jan 03 16:06:09 CST 2017]; parent: Root WebApplicationContext
16:06:10.135 [main] INFO  o.n.f.s.w.s.FrameworkDispatcherServlet - FrameworkServlet 'springmvc': initialization completed in 344 ms
16:38:16.360 [main] INFO  o.s.web.context.ContextLoader - Root WebApplicationContext: initialization started
16:38:16.426 [main] INFO  o.s.w.c.s.XmlWebApplicationContext - Refreshing Root WebApplicationContext: startup date [Tue Jan 03 16:38:16 CST 2017]; root of context hierarchy
16:38:16.457 [main] INFO  o.s.b.f.xml.XmlBeanDefinitionReader - Loading XML bean definitions from file [D:\UAP\nbone-framework\nbone\nbone\nbone-web-app\target\classes\spring-demo.xml]
16:38:16.738 [main] INFO  o.s.b.f.xml.XmlBeanDefinitionReader - Loading XML bean definitions from file [D:\UAP\nbone-framework\nbone\nbone\nbone-web-app\target\classes\spring-mvc-custom.xml]
16:38:16.754 [main] INFO  o.s.b.f.xml.XmlBeanDefinitionReader - Loading XML bean definitions from ServletContext resource [/WEB-INF/spring-mvc.xml]
16:38:24.073 [main] INFO  o.n.f.s.support.ComponentFactory - 注入ApplicationContext到SpringContextHolder:Root WebApplicationContext: startup date [Tue Jan 03 16:38:16 CST 2017]; root of context hierarchy
16:38:24.156 [main] INFO  o.s.w.s.m.m.a.RequestMappingHandlerMapping - Mapped "{[/save]}" onto java.lang.Object org.nbone.web.demo.SampleController.form(org.nbone.test.domain.User,java.util.List<java.lang.Integer>,java.util.List<org.nbone.test.domain.User>)
16:38:24.156 [main] INFO  o.s.w.s.m.m.a.RequestMappingHandlerMapping - Mapped "{[/test]}" onto java.lang.String org.nbone.web.demo.SampleController.home(java.util.Map<java.lang.String, java.lang.String>,org.springframework.http.HttpHeaders)
16:38:24.156 [main] INFO  o.s.w.s.m.m.a.RequestMappingHandlerMapping - Mapped "{[/user/{id}],methods=[GET]}" onto public java.lang.String org.nbone.web.restful.SampleRestfulController.get(java.lang.String)
16:38:24.156 [main] INFO  o.s.w.s.m.m.a.RequestMappingHandlerMapping - Mapped "{[/user],methods=[POST]}" onto public java.lang.Object org.nbone.web.restful.SampleRestfulController.save(org.nbone.test.domain.User)
16:38:24.156 [main] INFO  o.s.w.s.m.m.a.RequestMappingHandlerMapping - Mapped "{[/user/{id}],methods=[DELETE]}" onto public java.lang.Object org.nbone.web.restful.SampleRestfulController.delete(java.lang.String)
16:38:24.156 [main] INFO  o.s.w.s.m.m.a.RequestMappingHandlerMapping - Mapped "{[/user/{id}],methods=[PUT]}" onto public java.lang.Object org.nbone.web.restful.SampleRestfulController.update(java.lang.String,org.nbone.test.domain.User)
16:38:24.156 [main] INFO  o.s.w.s.m.m.a.RequestMappingHandlerMapping - Mapped "{[/user/login],methods=[POST]}" onto public java.lang.Object org.nbone.web.restful.SampleRestfulController.login(org.nbone.test.domain.User)
16:38:24.390 [main] INFO  o.s.w.s.m.m.a.RequestMappingHandlerAdapter - Looking for @ControllerAdvice: Root WebApplicationContext: startup date [Tue Jan 03 16:38:16 CST 2017]; root of context hierarchy
16:38:24.437 [main] INFO  o.s.w.s.m.m.a.RequestMappingHandlerAdapter - Looking for @ControllerAdvice: Root WebApplicationContext: startup date [Tue Jan 03 16:38:16 CST 2017]; root of context hierarchy
16:38:24.484 [main] INFO  o.s.web.context.ContextLoader - Root WebApplicationContext: initialization completed in 8107 ms
16:38:24.536 [main] INFO  o.n.f.s.w.s.FrameworkDispatcherServlet - FrameworkServlet 'springmvc': initialization started
16:38:24.536 [main] INFO  o.s.w.c.s.XmlWebApplicationContext - Refreshing WebApplicationContext for namespace 'springmvc-servlet': startup date [Tue Jan 03 16:38:24 CST 2017]; parent: Root WebApplicationContext
16:38:24.676 [main] INFO  o.s.b.f.xml.XmlBeanDefinitionReader - Loading XML bean definitions from file [D:\UAP\nbone-framework\nbone\nbone\nbone-web-app\target\classes\spring-mvc-custom.xml]
16:38:24.692 [main] INFO  o.s.b.f.xml.XmlBeanDefinitionReader - Loading XML bean definitions from ServletContext resource [/WEB-INF/spring-mvc.xml]
16:38:24.723 [main] INFO  o.s.b.f.xml.XmlBeanDefinitionReader - Loading XML bean definitions from class path resource [configuration/springmvc/springmvc-velocity.xml]
16:38:24.754 [main] INFO  o.n.f.s.support.ComponentFactory - 注入ApplicationContext到SpringContextHolder:WebApplicationContext for namespace 'springmvc-servlet': startup date [Tue Jan 03 16:38:24 CST 2017]; parent: Root WebApplicationContext
16:38:24.770 [main] INFO  o.s.w.s.m.m.a.RequestMappingHandlerMapping - Mapped "{[/save]}" onto java.lang.Object org.nbone.web.demo.SampleController.form(org.nbone.test.domain.User,java.util.List<java.lang.Integer>,java.util.List<org.nbone.test.domain.User>)
16:38:24.770 [main] INFO  o.s.w.s.m.m.a.RequestMappingHandlerMapping - Mapped "{[/test]}" onto java.lang.String org.nbone.web.demo.SampleController.home(java.util.Map<java.lang.String, java.lang.String>,org.springframework.http.HttpHeaders)
16:38:24.770 [main] INFO  o.s.w.s.m.m.a.RequestMappingHandlerMapping - Mapped "{[/user/{id}],methods=[GET]}" onto public java.lang.String org.nbone.web.restful.SampleRestfulController.get(java.lang.String)
16:38:24.770 [main] INFO  o.s.w.s.m.m.a.RequestMappingHandlerMapping - Mapped "{[/user],methods=[POST]}" onto public java.lang.Object org.nbone.web.restful.SampleRestfulController.save(org.nbone.test.domain.User)
16:38:24.770 [main] INFO  o.s.w.s.m.m.a.RequestMappingHandlerMapping - Mapped "{[/user/{id}],methods=[DELETE]}" onto public java.lang.Object org.nbone.web.restful.SampleRestfulController.delete(java.lang.String)
16:38:24.770 [main] INFO  o.s.w.s.m.m.a.RequestMappingHandlerMapping - Mapped "{[/user/{id}],methods=[PUT]}" onto public java.lang.Object org.nbone.web.restful.SampleRestfulController.update(java.lang.String,org.nbone.test.domain.User)
16:38:24.770 [main] INFO  o.s.w.s.m.m.a.RequestMappingHandlerMapping - Mapped "{[/user/login],methods=[POST]}" onto public java.lang.Object org.nbone.web.restful.SampleRestfulController.login(org.nbone.test.domain.User)
16:38:24.786 [main] INFO  o.s.w.s.m.m.a.RequestMappingHandlerAdapter - Looking for @ControllerAdvice: WebApplicationContext for namespace 'springmvc-servlet': startup date [Tue Jan 03 16:38:24 CST 2017]; parent: Root WebApplicationContext
16:38:24.801 [main] INFO  o.s.w.s.m.m.a.RequestMappingHandlerAdapter - Looking for @ControllerAdvice: WebApplicationContext for namespace 'springmvc-servlet': startup date [Tue Jan 03 16:38:24 CST 2017]; parent: Root WebApplicationContext
16:38:24.864 [main] INFO  o.n.f.s.w.s.FrameworkDispatcherServlet - FrameworkServlet 'springmvc': initialization completed in 328 ms
17:19:35.528 [main] INFO  o.s.web.context.ContextLoader - Root WebApplicationContext: initialization started
17:19:35.591 [main] INFO  o.s.w.c.s.XmlWebApplicationContext - Refreshing Root WebApplicationContext: startup date [Tue Jan 03 17:19:35 CST 2017]; root of context hierarchy
17:19:35.623 [main] INFO  o.s.b.f.xml.XmlBeanDefinitionReader - Loading XML bean definitions from file [D:\UAP\nbone-framework\nbone\nbone\nbone-web-app\target\classes\spring-demo.xml]
17:19:35.920 [main] INFO  o.s.b.f.xml.XmlBeanDefinitionReader - Loading XML bean definitions from file [D:\UAP\nbone-framework\nbone\nbone\nbone-web-app\target\classes\spring-mvc-custom.xml]
17:19:35.951 [main] INFO  o.s.b.f.xml.XmlBeanDefinitionReader - Loading XML bean definitions from ServletContext resource [/WEB-INF/spring-mvc.xml]
17:19:53.681 [main] INFO  o.n.f.s.support.ComponentFactory - 注入ApplicationContext到SpringContextHolder:Root WebApplicationContext: startup date [Tue Jan 03 17:19:35 CST 2017]; root of context hierarchy
17:19:53.786 [main] INFO  o.s.w.s.m.m.a.RequestMappingHandlerMapping - Mapped "{[/save]}" onto java.lang.Object org.nbone.web.demo.SampleController.form(org.nbone.test.domain.User,java.util.List<java.lang.Integer>,java.util.List<org.nbone.test.domain.User>)
17:19:53.786 [main] INFO  o.s.w.s.m.m.a.RequestMappingHandlerMapping - Mapped "{[/test]}" onto java.lang.String org.nbone.web.demo.SampleController.home(java.util.Map<java.lang.String, java.lang.String>,org.springframework.http.HttpHeaders)
17:19:53.786 [main] INFO  o.s.w.s.m.m.a.RequestMappingHandlerMapping - Mapped "{[/user/{id}],methods=[GET]}" onto public java.lang.String org.nbone.web.restful.SampleRestfulController.get(java.lang.String)
17:19:53.786 [main] INFO  o.s.w.s.m.m.a.RequestMappingHandlerMapping - Mapped "{[/user],methods=[POST]}" onto public java.lang.Object org.nbone.web.restful.SampleRestfulController.save(org.nbone.test.domain.User)
17:19:53.786 [main] INFO  o.s.w.s.m.m.a.RequestMappingHandlerMapping - Mapped "{[/user/{id}],methods=[DELETE]}" onto public java.lang.Object org.nbone.web.restful.SampleRestfulController.delete(java.lang.String)
17:19:53.786 [main] INFO  o.s.w.s.m.m.a.RequestMappingHandlerMapping - Mapped "{[/user/{id}],methods=[PUT]}" onto public java.lang.Object org.nbone.web.restful.SampleRestfulController.update(java.lang.String,org.nbone.test.domain.User)
17:19:53.786 [main] INFO  o.s.w.s.m.m.a.RequestMappingHandlerMapping - Mapped "{[/user/login],methods=[POST]}" onto public java.lang.Object org.nbone.web.restful.SampleRestfulController.login(org.nbone.test.domain.User)
17:19:54.036 [main] INFO  o.s.w.s.m.m.a.RequestMappingHandlerAdapter - Looking for @ControllerAdvice: Root WebApplicationContext: startup date [Tue Jan 03 17:19:35 CST 2017]; root of context hierarchy
17:19:54.067 [main] INFO  o.s.w.s.m.m.a.RequestMappingHandlerAdapter - Looking for @ControllerAdvice: Root WebApplicationContext: startup date [Tue Jan 03 17:19:35 CST 2017]; root of context hierarchy
17:19:54.129 [main] INFO  o.s.web.context.ContextLoader - Root WebApplicationContext: initialization completed in 18600 ms
17:19:54.182 [main] INFO  o.n.f.s.w.s.FrameworkDispatcherServlet - FrameworkServlet 'springmvc': initialization started
17:19:54.182 [main] INFO  o.s.w.c.s.XmlWebApplicationContext - Refreshing WebApplicationContext for namespace 'springmvc-servlet': startup date [Tue Jan 03 17:19:54 CST 2017]; parent: Root WebApplicationContext
17:19:54.338 [main] INFO  o.s.b.f.xml.XmlBeanDefinitionReader - Loading XML bean definitions from file [D:\UAP\nbone-framework\nbone\nbone\nbone-web-app\target\classes\spring-mvc-custom.xml]
17:19:54.354 [main] INFO  o.s.b.f.xml.XmlBeanDefinitionReader - Loading XML bean definitions from ServletContext resource [/WEB-INF/spring-mvc.xml]
17:19:54.401 [main] INFO  o.s.b.f.xml.XmlBeanDefinitionReader - Loading XML bean definitions from class path resource [configuration/springmvc/springmvc-velocity.xml]
17:19:54.432 [main] INFO  o.n.f.s.support.ComponentFactory - 注入ApplicationContext到SpringContextHolder:WebApplicationContext for namespace 'springmvc-servlet': startup date [Tue Jan 03 17:19:54 CST 2017]; parent: Root WebApplicationContext
17:19:54.448 [main] INFO  o.s.w.s.m.m.a.RequestMappingHandlerMapping - Mapped "{[/save]}" onto java.lang.Object org.nbone.web.demo.SampleController.form(org.nbone.test.domain.User,java.util.List<java.lang.Integer>,java.util.List<org.nbone.test.domain.User>)
17:19:54.448 [main] INFO  o.s.w.s.m.m.a.RequestMappingHandlerMapping - Mapped "{[/test]}" onto java.lang.String org.nbone.web.demo.SampleController.home(java.util.Map<java.lang.String, java.lang.String>,org.springframework.http.HttpHeaders)
17:19:54.448 [main] INFO  o.s.w.s.m.m.a.RequestMappingHandlerMapping - Mapped "{[/user/{id}],methods=[GET]}" onto public java.lang.String org.nbone.web.restful.SampleRestfulController.get(java.lang.String)
17:19:54.448 [main] INFO  o.s.w.s.m.m.a.RequestMappingHandlerMapping - Mapped "{[/user],methods=[POST]}" onto public java.lang.Object org.nbone.web.restful.SampleRestfulController.save(org.nbone.test.domain.User)
17:19:54.448 [main] INFO  o.s.w.s.m.m.a.RequestMappingHandlerMapping - Mapped "{[/user/{id}],methods=[DELETE]}" onto public java.lang.Object org.nbone.web.restful.SampleRestfulController.delete(java.lang.String)
17:19:54.448 [main] INFO  o.s.w.s.m.m.a.RequestMappingHandlerMapping - Mapped "{[/user/{id}],methods=[PUT]}" onto public java.lang.Object org.nbone.web.restful.SampleRestfulController.update(java.lang.String,org.nbone.test.domain.User)
17:19:54.448 [main] INFO  o.s.w.s.m.m.a.RequestMappingHandlerMapping - Mapped "{[/user/login],methods=[POST]}" onto public java.lang.Object org.nbone.web.restful.SampleRestfulController.login(org.nbone.test.domain.User)
17:19:54.479 [main] INFO  o.s.w.s.m.m.a.RequestMappingHandlerAdapter - Looking for @ControllerAdvice: WebApplicationContext for namespace 'springmvc-servlet': startup date [Tue Jan 03 17:19:54 CST 2017]; parent: Root WebApplicationContext
17:19:54.495 [main] INFO  o.s.w.s.m.m.a.RequestMappingHandlerAdapter - Looking for @ControllerAdvice: WebApplicationContext for namespace 'springmvc-servlet': startup date [Tue Jan 03 17:19:54 CST 2017]; parent: Root WebApplicationContext
17:19:54.557 [main] INFO  o.n.f.s.w.s.FrameworkDispatcherServlet - FrameworkServlet 'springmvc': initialization completed in 375 ms
17:21:06.776 [main] INFO  o.s.web.context.ContextLoader - Root WebApplicationContext: initialization started
17:21:06.827 [main] INFO  o.s.w.c.s.XmlWebApplicationContext - Refreshing Root WebApplicationContext: startup date [Tue Jan 03 17:21:06 CST 2017]; root of context hierarchy
17:21:06.858 [main] INFO  o.s.b.f.xml.XmlBeanDefinitionReader - Loading XML bean definitions from file [D:\UAP\nbone-framework\nbone\nbone\nbone-web-app\target\classes\spring-demo.xml]
17:21:07.155 [main] INFO  o.s.b.f.xml.XmlBeanDefinitionReader - Loading XML bean definitions from file [D:\UAP\nbone-framework\nbone\nbone\nbone-web-app\target\classes\spring-mvc-custom.xml]
17:21:07.171 [main] INFO  o.s.b.f.xml.XmlBeanDefinitionReader - Loading XML bean definitions from ServletContext resource [/WEB-INF/spring-mvc.xml]
17:21:07.374 [main] INFO  o.n.f.s.support.ComponentFactory - 注入ApplicationContext到SpringContextHolder:Root WebApplicationContext: startup date [Tue Jan 03 17:21:06 CST 2017]; root of context hierarchy
17:21:07.468 [main] INFO  o.s.w.s.m.m.a.RequestMappingHandlerMapping - Mapped "{[/save]}" onto java.lang.Object org.nbone.web.demo.SampleController.form(org.nbone.test.domain.User,java.util.List<java.lang.Integer>,java.util.List<org.nbone.test.domain.User>)
17:21:07.468 [main] INFO  o.s.w.s.m.m.a.RequestMappingHandlerMapping - Mapped "{[/test]}" onto java.lang.String org.nbone.web.demo.SampleController.home(java.util.Map<java.lang.String, java.lang.String>,org.springframework.http.HttpHeaders)
17:21:07.468 [main] INFO  o.s.w.s.m.m.a.RequestMappingHandlerMapping - Mapped "{[/user/{id}],methods=[GET]}" onto public java.lang.String org.nbone.web.restful.SampleRestfulController.get(java.lang.String)
17:21:07.468 [main] INFO  o.s.w.s.m.m.a.RequestMappingHandlerMapping - Mapped "{[/user],methods=[POST]}" onto public java.lang.Object org.nbone.web.restful.SampleRestfulController.save(org.nbone.test.domain.User)
17:21:07.468 [main] INFO  o.s.w.s.m.m.a.RequestMappingHandlerMapping - Mapped "{[/user/{id}],methods=[DELETE]}" onto public java.lang.Object org.nbone.web.restful.SampleRestfulController.delete(java.lang.String)
17:21:07.468 [main] INFO  o.s.w.s.m.m.a.RequestMappingHandlerMapping - Mapped "{[/user/{id}],methods=[PUT]}" onto public java.lang.Object org.nbone.web.restful.SampleRestfulController.update(java.lang.String,org.nbone.test.domain.User)
17:21:07.468 [main] INFO  o.s.w.s.m.m.a.RequestMappingHandlerMapping - Mapped "{[/user/login],methods=[POST]}" onto public java.lang.Object org.nbone.web.restful.SampleRestfulController.login(org.nbone.test.domain.User)
17:21:07.718 [main] INFO  o.s.w.s.m.m.a.RequestMappingHandlerAdapter - Looking for @ControllerAdvice: Root WebApplicationContext: startup date [Tue Jan 03 17:21:06 CST 2017]; root of context hierarchy
17:21:07.749 [main] INFO  o.s.w.s.m.m.a.RequestMappingHandlerAdapter - Looking for @ControllerAdvice: Root WebApplicationContext: startup date [Tue Jan 03 17:21:06 CST 2017]; root of context hierarchy
17:21:07.799 [main] INFO  o.s.web.context.ContextLoader - Root WebApplicationContext: initialization completed in 1020 ms
17:21:07.846 [main] INFO  o.n.f.s.w.s.FrameworkDispatcherServlet - FrameworkServlet 'springmvc': initialization started
17:21:07.846 [main] INFO  o.s.w.c.s.XmlWebApplicationContext - Refreshing WebApplicationContext for namespace 'springmvc-servlet': startup date [Tue Jan 03 17:21:07 CST 2017]; parent: Root WebApplicationContext
17:21:07.971 [main] INFO  o.s.b.f.xml.XmlBeanDefinitionReader - Loading XML bean definitions from file [D:\UAP\nbone-framework\nbone\nbone\nbone-web-app\target\classes\spring-mvc-custom.xml]
17:21:07.987 [main] INFO  o.s.b.f.xml.XmlBeanDefinitionReader - Loading XML bean definitions from ServletContext resource [/WEB-INF/spring-mvc.xml]
17:21:08.033 [main] INFO  o.s.b.f.xml.XmlBeanDefinitionReader - Loading XML bean definitions from class path resource [configuration/springmvc/springmvc-velocity.xml]
17:21:08.065 [main] INFO  o.n.f.s.support.ComponentFactory - 注入ApplicationContext到SpringContextHolder:WebApplicationContext for namespace 'springmvc-servlet': startup date [Tue Jan 03 17:21:07 CST 2017]; parent: Root WebApplicationContext
17:21:08.065 [main] INFO  o.s.w.s.m.m.a.RequestMappingHandlerMapping - Mapped "{[/save]}" onto java.lang.Object org.nbone.web.demo.SampleController.form(org.nbone.test.domain.User,java.util.List<java.lang.Integer>,java.util.List<org.nbone.test.domain.User>)
17:21:08.065 [main] INFO  o.s.w.s.m.m.a.RequestMappingHandlerMapping - Mapped "{[/test]}" onto java.lang.String org.nbone.web.demo.SampleController.home(java.util.Map<java.lang.String, java.lang.String>,org.springframework.http.HttpHeaders)
17:21:08.080 [main] INFO  o.s.w.s.m.m.a.RequestMappingHandlerMapping - Mapped "{[/user/{id}],methods=[GET]}" onto public java.lang.String org.nbone.web.restful.SampleRestfulController.get(java.lang.String)
17:21:08.080 [main] INFO  o.s.w.s.m.m.a.RequestMappingHandlerMapping - Mapped "{[/user],methods=[POST]}" onto public java.lang.Object org.nbone.web.restful.SampleRestfulController.save(org.nbone.test.domain.User)
17:21:08.080 [main] INFO  o.s.w.s.m.m.a.RequestMappingHandlerMapping - Mapped "{[/user/{id}],methods=[DELETE]}" onto public java.lang.Object org.nbone.web.restful.SampleRestfulController.delete(java.lang.String)
17:21:08.080 [main] INFO  o.s.w.s.m.m.a.RequestMappingHandlerMapping - Mapped "{[/user/{id}],methods=[PUT]}" onto public java.lang.Object org.nbone.web.restful.SampleRestfulController.update(java.lang.String,org.nbone.test.domain.User)
17:21:08.080 [main] INFO  o.s.w.s.m.m.a.RequestMappingHandlerMapping - Mapped "{[/user/login],methods=[POST]}" onto public java.lang.Object org.nbone.web.restful.SampleRestfulController.login(org.nbone.test.domain.User)
17:21:08.096 [main] INFO  o.s.w.s.m.m.a.RequestMappingHandlerAdapter - Looking for @ControllerAdvice: WebApplicationContext for namespace 'springmvc-servlet': startup date [Tue Jan 03 17:21:07 CST 2017]; parent: Root WebApplicationContext
17:21:08.112 [main] INFO  o.s.w.s.m.m.a.RequestMappingHandlerAdapter - Looking for @ControllerAdvice: WebApplicationContext for namespace 'springmvc-servlet': startup date [Tue Jan 03 17:21:07 CST 2017]; parent: Root WebApplicationContext
17:21:08.174 [main] INFO  o.n.f.s.w.s.FrameworkDispatcherServlet - FrameworkServlet 'springmvc': initialization completed in 328 ms
17:21:35.999 [main] INFO  o.s.web.context.ContextLoader - Root WebApplicationContext: initialization started
17:21:36.050 [main] INFO  o.s.w.c.s.XmlWebApplicationContext - Refreshing Root WebApplicationContext: startup date [Tue Jan 03 17:21:36 CST 2017]; root of context hierarchy
17:21:36.082 [main] INFO  o.s.b.f.xml.XmlBeanDefinitionReader - Loading XML bean definitions from file [D:\UAP\nbone-framework\nbone\nbone\nbone-web-app\target\classes\spring-demo.xml]
17:21:36.363 [main] INFO  o.s.b.f.xml.XmlBeanDefinitionReader - Loading XML bean definitions from file [D:\UAP\nbone-framework\nbone\nbone\nbone-web-app\target\classes\spring-mvc-custom.xml]
17:21:36.394 [main] INFO  o.s.b.f.xml.XmlBeanDefinitionReader - Loading XML bean definitions from ServletContext resource [/WEB-INF/spring-mvc.xml]
17:21:36.597 [main] INFO  o.n.f.s.support.ComponentFactory - 注入ApplicationContext到SpringContextHolder:Root WebApplicationContext: startup date [Tue Jan 03 17:21:36 CST 2017]; root of context hierarchy
17:21:36.691 [main] INFO  o.s.w.s.m.m.a.RequestMappingHandlerMapping - Mapped "{[/save]}" onto java.lang.Object org.nbone.web.demo.SampleController.form(org.nbone.test.domain.User,java.util.List<java.lang.Integer>,java.util.List<org.nbone.test.domain.User>)
17:21:36.691 [main] INFO  o.s.w.s.m.m.a.RequestMappingHandlerMapping - Mapped "{[/test]}" onto java.lang.String org.nbone.web.demo.SampleController.home(java.util.Map<java.lang.String, java.lang.String>,org.springframework.http.HttpHeaders)
17:21:36.691 [main] INFO  o.s.w.s.m.m.a.RequestMappingHandlerMapping - Mapped "{[/user/{id}],methods=[GET]}" onto public java.lang.String org.nbone.web.restful.SampleRestfulController.get(java.lang.String)
17:21:36.691 [main] INFO  o.s.w.s.m.m.a.RequestMappingHandlerMapping - Mapped "{[/user],methods=[POST]}" onto public java.lang.Object org.nbone.web.restful.SampleRestfulController.save(org.nbone.test.domain.User)
17:21:36.691 [main] INFO  o.s.w.s.m.m.a.RequestMappingHandlerMapping - Mapped "{[/user/{id}],methods=[DELETE]}" onto public java.lang.Object org.nbone.web.restful.SampleRestfulController.delete(java.lang.String)
17:21:36.691 [main] INFO  o.s.w.s.m.m.a.RequestMappingHandlerMapping - Mapped "{[/user/{id}],methods=[PUT]}" onto public java.lang.Object org.nbone.web.restful.SampleRestfulController.update(java.lang.String,org.nbone.test.domain.User)
17:21:36.691 [main] INFO  o.s.w.s.m.m.a.RequestMappingHandlerMapping - Mapped "{[/user/login],methods=[POST]}" onto public java.lang.Object org.nbone.web.restful.SampleRestfulController.login(org.nbone.test.domain.User)
17:21:36.941 [main] INFO  o.s.w.s.m.m.a.RequestMappingHandlerAdapter - Looking for @ControllerAdvice: Root WebApplicationContext: startup date [Tue Jan 03 17:21:36 CST 2017]; root of context hierarchy
17:21:36.972 [main] INFO  o.s.w.s.m.m.a.RequestMappingHandlerAdapter - Looking for @ControllerAdvice: Root WebApplicationContext: startup date [Tue Jan 03 17:21:36 CST 2017]; root of context hierarchy
17:21:37.024 [main] INFO  o.s.web.context.ContextLoader - Root WebApplicationContext: initialization completed in 1022 ms
17:21:37.071 [main] INFO  o.n.f.s.w.s.FrameworkDispatcherServlet - FrameworkServlet 'springmvc': initialization started
17:21:37.071 [main] INFO  o.s.w.c.s.XmlWebApplicationContext - Refreshing WebApplicationContext for namespace 'springmvc-servlet': startup date [Tue Jan 03 17:21:37 CST 2017]; parent: Root WebApplicationContext
17:21:37.212 [main] INFO  o.s.b.f.xml.XmlBeanDefinitionReader - Loading XML bean definitions from file [D:\UAP\nbone-framework\nbone\nbone\nbone-web-app\target\classes\spring-mvc-custom.xml]
17:21:37.212 [main] INFO  o.s.b.f.xml.XmlBeanDefinitionReader - Loading XML bean definitions from ServletContext resource [/WEB-INF/spring-mvc.xml]
17:21:37.259 [main] INFO  o.s.b.f.xml.XmlBeanDefinitionReader - Loading XML bean definitions from class path resource [configuration/springmvc/springmvc-velocity.xml]
17:21:37.290 [main] INFO  o.n.f.s.support.ComponentFactory - 注入ApplicationContext到SpringContextHolder:WebApplicationContext for namespace 'springmvc-servlet': startup date [Tue Jan 03 17:21:37 CST 2017]; parent: Root WebApplicationContext
17:21:37.305 [main] INFO  o.s.w.s.m.m.a.RequestMappingHandlerMapping - Mapped "{[/save]}" onto java.lang.Object org.nbone.web.demo.SampleController.form(org.nbone.test.domain.User,java.util.List<java.lang.Integer>,java.util.List<org.nbone.test.domain.User>)
17:21:37.305 [main] INFO  o.s.w.s.m.m.a.RequestMappingHandlerMapping - Mapped "{[/test]}" onto java.lang.String org.nbone.web.demo.SampleController.home(java.util.Map<java.lang.String, java.lang.String>,org.springframework.http.HttpHeaders)
17:21:37.305 [main] INFO  o.s.w.s.m.m.a.RequestMappingHandlerMapping - Mapped "{[/user/{id}],methods=[GET]}" onto public java.lang.String org.nbone.web.restful.SampleRestfulController.get(java.lang.String)
17:21:37.305 [main] INFO  o.s.w.s.m.m.a.RequestMappingHandlerMapping - Mapped "{[/user],methods=[POST]}" onto public java.lang.Object org.nbone.web.restful.SampleRestfulController.save(org.nbone.test.domain.User)
17:21:37.305 [main] INFO  o.s.w.s.m.m.a.RequestMappingHandlerMapping - Mapped "{[/user/{id}],methods=[DELETE]}" onto public java.lang.Object org.nbone.web.restful.SampleRestfulController.delete(java.lang.String)
17:21:37.305 [main] INFO  o.s.w.s.m.m.a.RequestMappingHandlerMapping - Mapped "{[/user/{id}],methods=[PUT]}" onto public java.lang.Object org.nbone.web.restful.SampleRestfulController.update(java.lang.String,org.nbone.test.domain.User)
17:21:37.305 [main] INFO  o.s.w.s.m.m.a.RequestMappingHandlerMapping - Mapped "{[/user/login],methods=[POST]}" onto public java.lang.Object org.nbone.web.restful.SampleRestfulController.login(org.nbone.test.domain.User)
17:21:37.321 [main] INFO  o.s.w.s.m.m.a.RequestMappingHandlerAdapter - Looking for @ControllerAdvice: WebApplicationContext for namespace 'springmvc-servlet': startup date [Tue Jan 03 17:21:37 CST 2017]; parent: Root WebApplicationContext
17:21:37.352 [main] INFO  o.s.w.s.m.m.a.RequestMappingHandlerAdapter - Looking for @ControllerAdvice: WebApplicationContext for namespace 'springmvc-servlet': startup date [Tue Jan 03 17:21:37 CST 2017]; parent: Root WebApplicationContext
17:21:37.399 [main] INFO  o.n.f.s.w.s.FrameworkDispatcherServlet - FrameworkServlet 'springmvc': initialization completed in 328 ms
17:22:07.000 [main] INFO  o.s.web.context.ContextLoader - Root WebApplicationContext: initialization started
17:22:07.051 [main] INFO  o.s.w.c.s.XmlWebApplicationContext - Refreshing Root WebApplicationContext: startup date [Tue Jan 03 17:22:07 CST 2017]; root of context hierarchy
17:22:07.098 [main] INFO  o.s.b.f.xml.XmlBeanDefinitionReader - Loading XML bean definitions from file [D:\UAP\nbone-framework\nbone\nbone\nbone-web-app\target\classes\spring-demo.xml]
17:22:07.363 [main] INFO  o.s.b.f.xml.XmlBeanDefinitionReader - Loading XML bean definitions from file [D:\UAP\nbone-framework\nbone\nbone\nbone-web-app\target\classes\spring-mvc-custom.xml]
17:22:07.395 [main] INFO  o.s.b.f.xml.XmlBeanDefinitionReader - Loading XML bean definitions from ServletContext resource [/WEB-INF/spring-mvc.xml]
17:22:11.497 [main] INFO  o.n.f.s.support.ComponentFactory - 注入ApplicationContext到SpringContextHolder:Root WebApplicationContext: startup date [Tue Jan 03 17:22:07 CST 2017]; root of context hierarchy
17:22:11.588 [main] INFO  o.s.w.s.m.m.a.RequestMappingHandlerMapping - Mapped "{[/save]}" onto java.lang.Object org.nbone.web.demo.SampleController.form(org.nbone.test.domain.User,java.util.List<java.lang.Integer>,java.util.List<org.nbone.test.domain.User>)
17:22:11.588 [main] INFO  o.s.w.s.m.m.a.RequestMappingHandlerMapping - Mapped "{[/test]}" onto java.lang.String org.nbone.web.demo.SampleController.home(java.util.Map<java.lang.String, java.lang.String>,org.springframework.http.HttpHeaders)
17:22:11.604 [main] INFO  o.s.w.s.m.m.a.RequestMappingHandlerMapping - Mapped "{[/user/{id}],methods=[GET]}" onto public java.lang.String org.nbone.web.restful.SampleRestfulController.get(java.lang.String)
17:22:11.604 [main] INFO  o.s.w.s.m.m.a.RequestMappingHandlerMapping - Mapped "{[/user],methods=[POST]}" onto public java.lang.Object org.nbone.web.restful.SampleRestfulController.save(org.nbone.test.domain.User)
17:22:11.604 [main] INFO  o.s.w.s.m.m.a.RequestMappingHandlerMapping - Mapped "{[/user/{id}],methods=[DELETE]}" onto public java.lang.Object org.nbone.web.restful.SampleRestfulController.delete(java.lang.String)
17:22:11.604 [main] INFO  o.s.w.s.m.m.a.RequestMappingHandlerMapping - Mapped "{[/user/{id}],methods=[PUT]}" onto public java.lang.Object org.nbone.web.restful.SampleRestfulController.update(java.lang.String,org.nbone.test.domain.User)
17:22:11.604 [main] INFO  o.s.w.s.m.m.a.RequestMappingHandlerMapping - Mapped "{[/user/login],methods=[POST]}" onto public java.lang.Object org.nbone.web.restful.SampleRestfulController.login(org.nbone.test.domain.User)
17:22:11.848 [main] INFO  o.s.w.s.m.m.a.RequestMappingHandlerAdapter - Looking for @ControllerAdvice: Root WebApplicationContext: startup date [Tue Jan 03 17:22:07 CST 2017]; root of context hierarchy
17:22:11.876 [main] INFO  o.s.w.s.m.m.a.RequestMappingHandlerAdapter - Looking for @ControllerAdvice: Root WebApplicationContext: startup date [Tue Jan 03 17:22:07 CST 2017]; root of context hierarchy
17:22:11.923 [main] INFO  o.s.web.context.ContextLoader - Root WebApplicationContext: initialization completed in 4920 ms
17:22:11.980 [main] INFO  o.n.f.s.w.s.FrameworkDispatcherServlet - FrameworkServlet 'springmvc': initialization started
17:22:11.980 [main] INFO  o.s.w.c.s.XmlWebApplicationContext - Refreshing WebApplicationContext for namespace 'springmvc-servlet': startup date [Tue Jan 03 17:22:11 CST 2017]; parent: Root WebApplicationContext
17:22:12.121 [main] INFO  o.s.b.f.xml.XmlBeanDefinitionReader - Loading XML bean definitions from file [D:\UAP\nbone-framework\nbone\nbone\nbone-web-app\target\classes\spring-mvc-custom.xml]
17:22:12.121 [main] INFO  o.s.b.f.xml.XmlBeanDefinitionReader - Loading XML bean definitions from ServletContext resource [/WEB-INF/spring-mvc.xml]
17:22:12.168 [main] INFO  o.s.b.f.xml.XmlBeanDefinitionReader - Loading XML bean definitions from class path resource [configuration/springmvc/springmvc-velocity.xml]
17:22:12.199 [main] INFO  o.n.f.s.support.ComponentFactory - 注入ApplicationContext到SpringContextHolder:WebApplicationContext for namespace 'springmvc-servlet': startup date [Tue Jan 03 17:22:11 CST 2017]; parent: Root WebApplicationContext
17:22:12.215 [main] INFO  o.s.w.s.m.m.a.RequestMappingHandlerMapping - Mapped "{[/save]}" onto java.lang.Object org.nbone.web.demo.SampleController.form(org.nbone.test.domain.User,java.util.List<java.lang.Integer>,java.util.List<org.nbone.test.domain.User>)
17:22:12.215 [main] INFO  o.s.w.s.m.m.a.RequestMappingHandlerMapping - Mapped "{[/test]}" onto java.lang.String org.nbone.web.demo.SampleController.home(java.util.Map<java.lang.String, java.lang.String>,org.springframework.http.HttpHeaders)
17:22:12.215 [main] INFO  o.s.w.s.m.m.a.RequestMappingHandlerMapping - Mapped "{[/user/{id}],methods=[GET]}" onto public java.lang.String org.nbone.web.restful.SampleRestfulController.get(java.lang.String)
17:22:12.215 [main] INFO  o.s.w.s.m.m.a.RequestMappingHandlerMapping - Mapped "{[/user],methods=[POST]}" onto public java.lang.Object org.nbone.web.restful.SampleRestfulController.save(org.nbone.test.domain.User)
17:22:12.215 [main] INFO  o.s.w.s.m.m.a.RequestMappingHandlerMapping - Mapped "{[/user/{id}],methods=[DELETE]}" onto public java.lang.Object org.nbone.web.restful.SampleRestfulController.delete(java.lang.String)
17:22:12.215 [main] INFO  o.s.w.s.m.m.a.RequestMappingHandlerMapping - Mapped "{[/user/{id}],methods=[PUT]}" onto public java.lang.Object org.nbone.web.restful.SampleRestfulController.update(java.lang.String,org.nbone.test.domain.User)
17:22:12.215 [main] INFO  o.s.w.s.m.m.a.RequestMappingHandlerMapping - Mapped "{[/user/login],methods=[POST]}" onto public java.lang.Object org.nbone.web.restful.SampleRestfulController.login(org.nbone.test.domain.User)
17:22:12.230 [main] INFO  o.s.w.s.m.m.a.RequestMappingHandlerAdapter - Looking for @ControllerAdvice: WebApplicationContext for namespace 'springmvc-servlet': startup date [Tue Jan 03 17:22:11 CST 2017]; parent: Root WebApplicationContext
17:22:12.246 [main] INFO  o.s.w.s.m.m.a.RequestMappingHandlerAdapter - Looking for @ControllerAdvice: WebApplicationContext for namespace 'springmvc-servlet': startup date [Tue Jan 03 17:22:11 CST 2017]; parent: Root WebApplicationContext
17:22:12.324 [main] INFO  o.n.f.s.w.s.FrameworkDispatcherServlet - FrameworkServlet 'springmvc': initialization completed in 344 ms
17:22:33.589 [main] INFO  o.s.web.context.ContextLoader - Root WebApplicationContext: initialization started
17:22:33.640 [main] INFO  o.s.w.c.s.XmlWebApplicationContext - Refreshing Root WebApplicationContext: startup date [Tue Jan 03 17:22:33 CST 2017]; root of context hierarchy
17:22:33.672 [main] INFO  o.s.b.f.xml.XmlBeanDefinitionReader - Loading XML bean definitions from file [D:\UAP\nbone-framework\nbone\nbone\nbone-web-app\target\classes\spring-demo.xml]
17:22:33.953 [main] INFO  o.s.b.f.xml.XmlBeanDefinitionReader - Loading XML bean definitions from file [D:\UAP\nbone-framework\nbone\nbone\nbone-web-app\target\classes\spring-mvc-custom.xml]
17:22:33.984 [main] INFO  o.s.b.f.xml.XmlBeanDefinitionReader - Loading XML bean definitions from ServletContext resource [/WEB-INF/spring-mvc.xml]
17:22:51.987 [main] INFO  o.n.f.s.support.ComponentFactory - 注入ApplicationContext到SpringContextHolder:Root WebApplicationContext: startup date [Tue Jan 03 17:22:33 CST 2017]; root of context hierarchy
17:22:52.088 [main] INFO  o.s.w.s.m.m.a.RequestMappingHandlerMapping - Mapped "{[/save]}" onto java.lang.Object org.nbone.web.demo.SampleController.form(org.nbone.test.domain.User,java.util.List<java.lang.Integer>,java.util.List<org.nbone.test.domain.User>)
17:22:52.088 [main] INFO  o.s.w.s.m.m.a.RequestMappingHandlerMapping - Mapped "{[/test]}" onto java.lang.String org.nbone.web.demo.SampleController.home(java.util.Map<java.lang.String, java.lang.String>,org.springframework.http.HttpHeaders)
17:22:52.088 [main] INFO  o.s.w.s.m.m.a.RequestMappingHandlerMapping - Mapped "{[/user/{id}],methods=[GET]}" onto public java.lang.String org.nbone.web.restful.SampleRestfulController.get(java.lang.String)
17:22:52.088 [main] INFO  o.s.w.s.m.m.a.RequestMappingHandlerMapping - Mapped "{[/user],methods=[POST]}" onto public java.lang.Object org.nbone.web.restful.SampleRestfulController.save(org.nbone.test.domain.User)
17:22:52.088 [main] INFO  o.s.w.s.m.m.a.RequestMappingHandlerMapping - Mapped "{[/user/{id}],methods=[DELETE]}" onto public java.lang.Object org.nbone.web.restful.SampleRestfulController.delete(java.lang.String)
17:22:52.088 [main] INFO  o.s.w.s.m.m.a.RequestMappingHandlerMapping - Mapped "{[/user/{id}],methods=[PUT]}" onto public java.lang.Object org.nbone.web.restful.SampleRestfulController.update(java.lang.String,org.nbone.test.domain.User)
17:22:52.088 [main] INFO  o.s.w.s.m.m.a.RequestMappingHandlerMapping - Mapped "{[/user/login],methods=[POST]}" onto public java.lang.Object org.nbone.web.restful.SampleRestfulController.login(org.nbone.test.domain.User)
17:22:52.322 [main] INFO  o.s.w.s.m.m.a.RequestMappingHandlerAdapter - Looking for @ControllerAdvice: Root WebApplicationContext: startup date [Tue Jan 03 17:22:33 CST 2017]; root of context hierarchy
17:22:52.369 [main] INFO  o.s.w.s.m.m.a.RequestMappingHandlerAdapter - Looking for @ControllerAdvice: Root WebApplicationContext: startup date [Tue Jan 03 17:22:33 CST 2017]; root of context hierarchy
17:22:52.416 [main] INFO  o.s.web.context.ContextLoader - Root WebApplicationContext: initialization completed in 18824 ms
17:22:52.468 [main] INFO  o.n.f.s.w.s.FrameworkDispatcherServlet - FrameworkServlet 'springmvc': initialization started
17:22:52.468 [main] INFO  o.s.w.c.s.XmlWebApplicationContext - Refreshing WebApplicationContext for namespace 'springmvc-servlet': startup date [Tue Jan 03 17:22:52 CST 2017]; parent: Root WebApplicationContext
17:22:52.593 [main] INFO  o.s.b.f.xml.XmlBeanDefinitionReader - Loading XML bean definitions from file [D:\UAP\nbone-framework\nbone\nbone\nbone-web-app\target\classes\spring-mvc-custom.xml]
17:22:52.609 [main] INFO  o.s.b.f.xml.XmlBeanDefinitionReader - Loading XML bean definitions from ServletContext resource [/WEB-INF/spring-mvc.xml]
17:22:52.656 [main] INFO  o.s.b.f.xml.XmlBeanDefinitionReader - Loading XML bean definitions from class path resource [configuration/springmvc/springmvc-velocity.xml]
17:22:52.687 [main] INFO  o.n.f.s.support.ComponentFactory - 注入ApplicationContext到SpringContextHolder:WebApplicationContext for namespace 'springmvc-servlet': startup date [Tue Jan 03 17:22:52 CST 2017]; parent: Root WebApplicationContext
17:22:52.687 [main] INFO  o.s.w.s.m.m.a.RequestMappingHandlerMapping - Mapped "{[/save]}" onto java.lang.Object org.nbone.web.demo.SampleController.form(org.nbone.test.domain.User,java.util.List<java.lang.Integer>,java.util.List<org.nbone.test.domain.User>)
17:22:52.687 [main] INFO  o.s.w.s.m.m.a.RequestMappingHandlerMapping - Mapped "{[/test]}" onto java.lang.String org.nbone.web.demo.SampleController.home(java.util.Map<java.lang.String, java.lang.String>,org.springframework.http.HttpHeaders)
17:22:52.687 [main] INFO  o.s.w.s.m.m.a.RequestMappingHandlerMapping - Mapped "{[/user/{id}],methods=[GET]}" onto public java.lang.String org.nbone.web.restful.SampleRestfulController.get(java.lang.String)
17:22:52.687 [main] INFO  o.s.w.s.m.m.a.RequestMappingHandlerMapping - Mapped "{[/user],methods=[POST]}" onto public java.lang.Object org.nbone.web.restful.SampleRestfulController.save(org.nbone.test.domain.User)
17:22:52.687 [main] INFO  o.s.w.s.m.m.a.RequestMappingHandlerMapping - Mapped "{[/user/{id}],methods=[DELETE]}" onto public java.lang.Object org.nbone.web.restful.SampleRestfulController.delete(java.lang.String)
17:22:52.687 [main] INFO  o.s.w.s.m.m.a.RequestMappingHandlerMapping - Mapped "{[/user/{id}],methods=[PUT]}" onto public java.lang.Object org.nbone.web.restful.SampleRestfulController.update(java.lang.String,org.nbone.test.domain.User)
17:22:52.687 [main] INFO  o.s.w.s.m.m.a.RequestMappingHandlerMapping - Mapped "{[/user/login],methods=[POST]}" onto public java.lang.Object org.nbone.web.restful.SampleRestfulController.login(org.nbone.test.domain.User)
17:22:52.718 [main] INFO  o.s.w.s.m.m.a.RequestMappingHandlerAdapter - Looking for @ControllerAdvice: WebApplicationContext for namespace 'springmvc-servlet': startup date [Tue Jan 03 17:22:52 CST 2017]; parent: Root WebApplicationContext
17:22:52.734 [main] INFO  o.s.w.s.m.m.a.RequestMappingHandlerAdapter - Looking for @ControllerAdvice: WebApplicationContext for namespace 'springmvc-servlet': startup date [Tue Jan 03 17:22:52 CST 2017]; parent: Root WebApplicationContext
17:22:52.796 [main] INFO  o.n.f.s.w.s.FrameworkDispatcherServlet - FrameworkServlet 'springmvc': initialization completed in 328 ms
17:25:06.674 [main] INFO  o.s.web.context.ContextLoader - Root WebApplicationContext: initialization started
17:25:06.724 [main] INFO  o.s.w.c.s.XmlWebApplicationContext - Refreshing Root WebApplicationContext: startup date [Tue Jan 03 17:25:06 CST 2017]; root of context hierarchy
17:25:06.755 [main] INFO  o.s.b.f.xml.XmlBeanDefinitionReader - Loading XML bean definitions from file [D:\UAP\nbone-framework\nbone\nbone\nbone-web-app\target\classes\spring-demo.xml]
17:25:07.037 [main] INFO  o.s.b.f.xml.XmlBeanDefinitionReader - Loading XML bean definitions from file [D:\UAP\nbone-framework\nbone\nbone\nbone-web-app\target\classes\spring-mvc-custom.xml]
17:25:07.068 [main] INFO  o.s.b.f.xml.XmlBeanDefinitionReader - Loading XML bean definitions from ServletContext resource [/WEB-INF/spring-mvc.xml]
17:25:08.671 [main] INFO  o.n.f.s.support.ComponentFactory - 注入ApplicationContext到SpringContextHolder:Root WebApplicationContext: startup date [Tue Jan 03 17:25:06 CST 2017]; root of context hierarchy
17:25:08.749 [main] INFO  o.s.w.s.m.m.a.RequestMappingHandlerMapping - Mapped "{[/save]}" onto java.lang.Object org.nbone.web.demo.SampleController.form(org.nbone.test.domain.User,java.util.List<java.lang.Integer>,java.util.List<org.nbone.test.domain.User>)
17:25:08.749 [main] INFO  o.s.w.s.m.m.a.RequestMappingHandlerMapping - Mapped "{[/test]}" onto java.lang.String org.nbone.web.demo.SampleController.home(java.util.Map<java.lang.String, java.lang.String>,org.springframework.http.HttpHeaders)
17:25:08.765 [main] INFO  o.s.w.s.m.m.a.RequestMappingHandlerMapping - Mapped "{[/user/{id}],methods=[GET]}" onto public java.lang.String org.nbone.web.restful.SampleRestfulController.get(java.lang.String)
17:25:08.765 [main] INFO  o.s.w.s.m.m.a.RequestMappingHandlerMapping - Mapped "{[/user],methods=[POST]}" onto public java.lang.Object org.nbone.web.restful.SampleRestfulController.save(org.nbone.test.domain.User)
17:25:08.765 [main] INFO  o.s.w.s.m.m.a.RequestMappingHandlerMapping - Mapped "{[/user/{id}],methods=[DELETE]}" onto public java.lang.Object org.nbone.web.restful.SampleRestfulController.delete(java.lang.String)
17:25:08.765 [main] INFO  o.s.w.s.m.m.a.RequestMappingHandlerMapping - Mapped "{[/user/{id}],methods=[PUT]}" onto public java.lang.Object org.nbone.web.restful.SampleRestfulController.update(java.lang.String,org.nbone.test.domain.User)
17:25:08.765 [main] INFO  o.s.w.s.m.m.a.RequestMappingHandlerMapping - Mapped "{[/user/login],methods=[POST]}" onto public java.lang.Object org.nbone.web.restful.SampleRestfulController.login(org.nbone.test.domain.User)
17:25:08.999 [main] INFO  o.s.w.s.m.m.a.RequestMappingHandlerAdapter - Looking for @ControllerAdvice: Root WebApplicationContext: startup date [Tue Jan 03 17:25:06 CST 2017]; root of context hierarchy
17:25:09.030 [main] INFO  o.s.w.s.m.m.a.RequestMappingHandlerAdapter - Looking for @ControllerAdvice: Root WebApplicationContext: startup date [Tue Jan 03 17:25:06 CST 2017]; root of context hierarchy
17:25:09.077 [main] INFO  o.s.web.context.ContextLoader - Root WebApplicationContext: initialization completed in 2401 ms
17:25:09.135 [main] INFO  o.n.f.s.w.s.FrameworkDispatcherServlet - FrameworkServlet 'springmvc': initialization started
17:25:09.135 [main] INFO  o.s.w.c.s.XmlWebApplicationContext - Refreshing WebApplicationContext for namespace 'springmvc-servlet': startup date [Tue Jan 03 17:25:09 CST 2017]; parent: Root WebApplicationContext
17:25:09.275 [main] INFO  o.s.b.f.xml.XmlBeanDefinitionReader - Loading XML bean definitions from file [D:\UAP\nbone-framework\nbone\nbone\nbone-web-app\target\classes\spring-mvc-custom.xml]
17:25:09.275 [main] INFO  o.s.b.f.xml.XmlBeanDefinitionReader - Loading XML bean definitions from ServletContext resource [/WEB-INF/spring-mvc.xml]
17:25:09.322 [main] INFO  o.s.b.f.xml.XmlBeanDefinitionReader - Loading XML bean definitions from class path resource [configuration/springmvc/springmvc-velocity.xml]
17:25:09.363 [main] INFO  o.n.f.s.support.ComponentFactory - 注入ApplicationContext到SpringContextHolder:WebApplicationContext for namespace 'springmvc-servlet': startup date [Tue Jan 03 17:25:09 CST 2017]; parent: Root WebApplicationContext
17:25:09.373 [main] INFO  o.s.w.s.m.m.a.RequestMappingHandlerMapping - Mapped "{[/save]}" onto java.lang.Object org.nbone.web.demo.SampleController.form(org.nbone.test.domain.User,java.util.List<java.lang.Integer>,java.util.List<org.nbone.test.domain.User>)
17:25:09.374 [main] INFO  o.s.w.s.m.m.a.RequestMappingHandlerMapping - Mapped "{[/test]}" onto java.lang.String org.nbone.web.demo.SampleController.home(java.util.Map<java.lang.String, java.lang.String>,org.springframework.http.HttpHeaders)
17:25:09.376 [main] INFO  o.s.w.s.m.m.a.RequestMappingHandlerMapping - Mapped "{[/user/{id}],methods=[GET]}" onto public java.lang.String org.nbone.web.restful.SampleRestfulController.get(java.lang.String)
17:25:09.376 [main] INFO  o.s.w.s.m.m.a.RequestMappingHandlerMapping - Mapped "{[/user],methods=[POST]}" onto public java.lang.Object org.nbone.web.restful.SampleRestfulController.save(org.nbone.test.domain.User)
17:25:09.376 [main] INFO  o.s.w.s.m.m.a.RequestMappingHandlerMapping - Mapped "{[/user/{id}],methods=[DELETE]}" onto public java.lang.Object org.nbone.web.restful.SampleRestfulController.delete(java.lang.String)
17:25:09.376 [main] INFO  o.s.w.s.m.m.a.RequestMappingHandlerMapping - Mapped "{[/user/{id}],methods=[PUT]}" onto public java.lang.Object org.nbone.web.restful.SampleRestfulController.update(java.lang.String,org.nbone.test.domain.User)
17:25:09.376 [main] INFO  o.s.w.s.m.m.a.RequestMappingHandlerMapping - Mapped "{[/user/login],methods=[POST]}" onto public java.lang.Object org.nbone.web.restful.SampleRestfulController.login(org.nbone.test.domain.User)
17:25:09.382 [main] INFO  o.s.w.s.m.m.a.RequestMappingHandlerAdapter - Looking for @ControllerAdvice: WebApplicationContext for namespace 'springmvc-servlet': startup date [Tue Jan 03 17:25:09 CST 2017]; parent: Root WebApplicationContext
17:25:09.413 [main] INFO  o.s.w.s.m.m.a.RequestMappingHandlerAdapter - Looking for @ControllerAdvice: WebApplicationContext for namespace 'springmvc-servlet': startup date [Tue Jan 03 17:25:09 CST 2017]; parent: Root WebApplicationContext
17:25:09.475 [main] INFO  o.n.f.s.w.s.FrameworkDispatcherServlet - FrameworkServlet 'springmvc': initialization completed in 340 ms
17:30:09.855 [main] INFO  o.s.web.context.ContextLoader - Root WebApplicationContext: initialization started
17:30:09.921 [main] INFO  o.s.w.c.s.XmlWebApplicationContext - Refreshing Root WebApplicationContext: startup date [Tue Jan 03 17:30:09 CST 2017]; root of context hierarchy
17:30:09.952 [main] INFO  o.s.b.f.xml.XmlBeanDefinitionReader - Loading XML bean definitions from file [D:\UAP\nbone-framework\nbone\nbone\nbone-web-app\target\classes\spring-demo.xml]
17:30:10.265 [main] INFO  o.s.b.f.xml.XmlBeanDefinitionReader - Loading XML bean definitions from file [D:\UAP\nbone-framework\nbone\nbone\nbone-web-app\target\classes\spring-mvc-custom.xml]
17:30:10.280 [main] INFO  o.s.b.f.xml.XmlBeanDefinitionReader - Loading XML bean definitions from ServletContext resource [/WEB-INF/spring-mvc.xml]
17:30:11.899 [main] INFO  o.n.f.s.support.ComponentFactory - 注入ApplicationContext到SpringContextHolder:Root WebApplicationContext: startup date [Tue Jan 03 17:30:09 CST 2017]; root of context hierarchy
17:30:11.978 [main] INFO  o.s.w.s.m.m.a.RequestMappingHandlerMapping - Mapped "{[/save]}" onto java.lang.Object org.nbone.web.demo.SampleController.form(org.nbone.test.domain.User,java.util.List<java.lang.Integer>,java.util.List<org.nbone.test.domain.User>)
17:30:11.993 [main] INFO  o.s.w.s.m.m.a.RequestMappingHandlerMapping - Mapped "{[/test]}" onto java.lang.String org.nbone.web.demo.SampleController.home(java.util.Map<java.lang.String, java.lang.String>,org.springframework.http.HttpHeaders)
17:30:11.993 [main] INFO  o.s.w.s.m.m.a.RequestMappingHandlerMapping - Mapped "{[/user/{id}],methods=[GET]}" onto public java.lang.String org.nbone.web.restful.SampleRestfulController.get(java.lang.String)
17:30:11.993 [main] INFO  o.s.w.s.m.m.a.RequestMappingHandlerMapping - Mapped "{[/user],methods=[POST]}" onto public java.lang.Object org.nbone.web.restful.SampleRestfulController.save(org.nbone.test.domain.User)
17:30:11.993 [main] INFO  o.s.w.s.m.m.a.RequestMappingHandlerMapping - Mapped "{[/user/{id}],methods=[DELETE]}" onto public java.lang.Object org.nbone.web.restful.SampleRestfulController.delete(java.lang.String)
17:30:11.993 [main] INFO  o.s.w.s.m.m.a.RequestMappingHandlerMapping - Mapped "{[/user/{id}],methods=[PUT]}" onto public java.lang.Object org.nbone.web.restful.SampleRestfulController.update(java.lang.String,org.nbone.test.domain.User)
17:30:11.993 [main] INFO  o.s.w.s.m.m.a.RequestMappingHandlerMapping - Mapped "{[/user/login],methods=[POST]}" onto public java.lang.Object org.nbone.web.restful.SampleRestfulController.login(org.nbone.test.domain.User)
17:30:12.228 [main] INFO  o.s.w.s.m.m.a.RequestMappingHandlerAdapter - Looking for @ControllerAdvice: Root WebApplicationContext: startup date [Tue Jan 03 17:30:09 CST 2017]; root of context hierarchy
17:30:12.274 [main] INFO  o.s.w.s.m.m.a.RequestMappingHandlerAdapter - Looking for @ControllerAdvice: Root WebApplicationContext: startup date [Tue Jan 03 17:30:09 CST 2017]; root of context hierarchy
17:30:12.321 [main] INFO  o.s.web.context.ContextLoader - Root WebApplicationContext: initialization completed in 2464 ms
17:30:12.372 [main] INFO  o.n.f.s.w.s.FrameworkDispatcherServlet - FrameworkServlet 'springmvc': initialization started
17:30:12.372 [main] INFO  o.s.w.c.s.XmlWebApplicationContext - Refreshing WebApplicationContext for namespace 'springmvc-servlet': startup date [Tue Jan 03 17:30:12 CST 2017]; parent: Root WebApplicationContext
17:30:12.512 [main] INFO  o.s.b.f.xml.XmlBeanDefinitionReader - Loading XML bean definitions from file [D:\UAP\nbone-framework\nbone\nbone\nbone-web-app\target\classes\spring-mvc-custom.xml]
17:30:12.528 [main] INFO  o.s.b.f.xml.XmlBeanDefinitionReader - Loading XML bean definitions from ServletContext resource [/WEB-INF/spring-mvc.xml]
17:30:12.559 [main] INFO  o.s.b.f.xml.XmlBeanDefinitionReader - Loading XML bean definitions from class path resource [configuration/springmvc/springmvc-velocity.xml]
17:30:12.591 [main] INFO  o.n.f.s.support.ComponentFactory - 注入ApplicationContext到SpringContextHolder:WebApplicationContext for namespace 'springmvc-servlet': startup date [Tue Jan 03 17:30:12 CST 2017]; parent: Root WebApplicationContext
17:30:12.606 [main] INFO  o.s.w.s.m.m.a.RequestMappingHandlerMapping - Mapped "{[/save]}" onto java.lang.Object org.nbone.web.demo.SampleController.form(org.nbone.test.domain.User,java.util.List<java.lang.Integer>,java.util.List<org.nbone.test.domain.User>)
17:30:12.606 [main] INFO  o.s.w.s.m.m.a.RequestMappingHandlerMapping - Mapped "{[/test]}" onto java.lang.String org.nbone.web.demo.SampleController.home(java.util.Map<java.lang.String, java.lang.String>,org.springframework.http.HttpHeaders)
17:30:12.606 [main] INFO  o.s.w.s.m.m.a.RequestMappingHandlerMapping - Mapped "{[/user/{id}],methods=[GET]}" onto public java.lang.String org.nbone.web.restful.SampleRestfulController.get(java.lang.String)
17:30:12.606 [main] INFO  o.s.w.s.m.m.a.RequestMappingHandlerMapping - Mapped "{[/user],methods=[POST]}" onto public java.lang.Object org.nbone.web.restful.SampleRestfulController.save(org.nbone.test.domain.User)
17:30:12.606 [main] INFO  o.s.w.s.m.m.a.RequestMappingHandlerMapping - Mapped "{[/user/{id}],methods=[DELETE]}" onto public java.lang.Object org.nbone.web.restful.SampleRestfulController.delete(java.lang.String)
17:30:12.606 [main] INFO  o.s.w.s.m.m.a.RequestMappingHandlerMapping - Mapped "{[/user/{id}],methods=[PUT]}" onto public java.lang.Object org.nbone.web.restful.SampleRestfulController.update(java.lang.String,org.nbone.test.domain.User)
17:30:12.606 [main] INFO  o.s.w.s.m.m.a.RequestMappingHandlerMapping - Mapped "{[/user/login],methods=[POST]}" onto public java.lang.Object org.nbone.web.restful.SampleRestfulController.login(org.nbone.test.domain.User)
17:30:12.622 [main] INFO  o.s.w.s.m.m.a.RequestMappingHandlerAdapter - Looking for @ControllerAdvice: WebApplicationContext for namespace 'springmvc-servlet': startup date [Tue Jan 03 17:30:12 CST 2017]; parent: Root WebApplicationContext
17:30:12.653 [main] INFO  o.s.w.s.m.m.a.RequestMappingHandlerAdapter - Looking for @ControllerAdvice: WebApplicationContext for namespace 'springmvc-servlet': startup date [Tue Jan 03 17:30:12 CST 2017]; parent: Root WebApplicationContext
17:30:12.700 [main] INFO  o.n.f.s.w.s.FrameworkDispatcherServlet - FrameworkServlet 'springmvc': initialization completed in 328 ms
17:32:02.683 [main] INFO  o.s.web.context.ContextLoader - Root WebApplicationContext: initialization started
17:32:02.733 [main] INFO  o.s.w.c.s.XmlWebApplicationContext - Refreshing Root WebApplicationContext: startup date [Tue Jan 03 17:32:02 CST 2017]; root of context hierarchy
17:32:02.780 [main] INFO  o.s.b.f.xml.XmlBeanDefinitionReader - Loading XML bean definitions from file [D:\UAP\nbone-framework\nbone\nbone\nbone-web-app\target\classes\spring-demo.xml]
17:32:03.046 [main] INFO  o.s.b.f.xml.XmlBeanDefinitionReader - Loading XML bean definitions from file [D:\UAP\nbone-framework\nbone\nbone\nbone-web-app\target\classes\spring-mvc-custom.xml]
17:32:03.061 [main] INFO  o.s.b.f.xml.XmlBeanDefinitionReader - Loading XML bean definitions from ServletContext resource [/WEB-INF/spring-mvc.xml]
17:32:11.020 [main] INFO  o.n.f.s.support.ComponentFactory - 注入ApplicationContext到SpringContextHolder:Root WebApplicationContext: startup date [Tue Jan 03 17:32:02 CST 2017]; root of context hierarchy
17:32:11.101 [main] INFO  o.s.w.s.m.m.a.RequestMappingHandlerMapping - Mapped "{[/save]}" onto java.lang.Object org.nbone.web.demo.SampleController.form(org.nbone.test.domain.User,java.util.List<java.lang.Integer>,java.util.List<org.nbone.test.domain.User>)
17:32:11.101 [main] INFO  o.s.w.s.m.m.a.RequestMappingHandlerMapping - Mapped "{[/test]}" onto java.lang.String org.nbone.web.demo.SampleController.home(java.util.Map<java.lang.String, java.lang.String>,org.springframework.http.HttpHeaders)
17:32:11.101 [main] INFO  o.s.w.s.m.m.a.RequestMappingHandlerMapping - Mapped "{[/user/{id}],methods=[GET]}" onto public java.lang.String org.nbone.web.restful.SampleRestfulController.get(java.lang.String)
17:32:11.101 [main] INFO  o.s.w.s.m.m.a.RequestMappingHandlerMapping - Mapped "{[/user],methods=[POST]}" onto public java.lang.Object org.nbone.web.restful.SampleRestfulController.save(org.nbone.test.domain.User)
17:32:11.101 [main] INFO  o.s.w.s.m.m.a.RequestMappingHandlerMapping - Mapped "{[/user/{id}],methods=[DELETE]}" onto public java.lang.Object org.nbone.web.restful.SampleRestfulController.delete(java.lang.String)
17:32:11.101 [main] INFO  o.s.w.s.m.m.a.RequestMappingHandlerMapping - Mapped "{[/user/{id}],methods=[PUT]}" onto public java.lang.Object org.nbone.web.restful.SampleRestfulController.update(java.lang.String,org.nbone.test.domain.User)
17:32:11.101 [main] INFO  o.s.w.s.m.m.a.RequestMappingHandlerMapping - Mapped "{[/user/login],methods=[POST]}" onto public java.lang.Object org.nbone.web.restful.SampleRestfulController.login(org.nbone.test.domain.User)
17:32:11.351 [main] INFO  o.s.w.s.m.m.a.RequestMappingHandlerAdapter - Looking for @ControllerAdvice: Root WebApplicationContext: startup date [Tue Jan 03 17:32:02 CST 2017]; root of context hierarchy
17:32:11.382 [main] INFO  o.s.w.s.m.m.a.RequestMappingHandlerAdapter - Looking for @ControllerAdvice: Root WebApplicationContext: startup date [Tue Jan 03 17:32:02 CST 2017]; root of context hierarchy
17:32:11.429 [main] INFO  o.s.web.context.ContextLoader - Root WebApplicationContext: initialization completed in 8744 ms
17:32:11.483 [main] INFO  o.n.f.s.w.s.FrameworkDispatcherServlet - FrameworkServlet 'springmvc': initialization started
17:32:11.483 [main] INFO  o.s.w.c.s.XmlWebApplicationContext - Refreshing WebApplicationContext for namespace 'springmvc-servlet': startup date [Tue Jan 03 17:32:11 CST 2017]; parent: Root WebApplicationContext
17:32:11.623 [main] INFO  o.s.b.f.xml.XmlBeanDefinitionReader - Loading XML bean definitions from file [D:\UAP\nbone-framework\nbone\nbone\nbone-web-app\target\classes\spring-mvc-custom.xml]
17:32:11.639 [main] INFO  o.s.b.f.xml.XmlBeanDefinitionReader - Loading XML bean definitions from ServletContext resource [/WEB-INF/spring-mvc.xml]
17:32:11.670 [main] INFO  o.s.b.f.xml.XmlBeanDefinitionReader - Loading XML bean definitions from class path resource [configuration/springmvc/springmvc-velocity.xml]
17:32:11.702 [main] INFO  o.n.f.s.support.ComponentFactory - 注入ApplicationContext到SpringContextHolder:WebApplicationContext for namespace 'springmvc-servlet': startup date [Tue Jan 03 17:32:11 CST 2017]; parent: Root WebApplicationContext
17:32:11.717 [main] INFO  o.s.w.s.m.m.a.RequestMappingHandlerMapping - Mapped "{[/save]}" onto java.lang.Object org.nbone.web.demo.SampleController.form(org.nbone.test.domain.User,java.util.List<java.lang.Integer>,java.util.List<org.nbone.test.domain.User>)
17:32:11.717 [main] INFO  o.s.w.s.m.m.a.RequestMappingHandlerMapping - Mapped "{[/test]}" onto java.lang.String org.nbone.web.demo.SampleController.home(java.util.Map<java.lang.String, java.lang.String>,org.springframework.http.HttpHeaders)
17:32:11.717 [main] INFO  o.s.w.s.m.m.a.RequestMappingHandlerMapping - Mapped "{[/user/{id}],methods=[GET]}" onto public java.lang.String org.nbone.web.restful.SampleRestfulController.get(java.lang.String)
17:32:11.717 [main] INFO  o.s.w.s.m.m.a.RequestMappingHandlerMapping - Mapped "{[/user],methods=[POST]}" onto public java.lang.Object org.nbone.web.restful.SampleRestfulController.save(org.nbone.test.domain.User)
17:32:11.717 [main] INFO  o.s.w.s.m.m.a.RequestMappingHandlerMapping - Mapped "{[/user/{id}],methods=[DELETE]}" onto public java.lang.Object org.nbone.web.restful.SampleRestfulController.delete(java.lang.String)
17:32:11.717 [main] INFO  o.s.w.s.m.m.a.RequestMappingHandlerMapping - Mapped "{[/user/{id}],methods=[PUT]}" onto public java.lang.Object org.nbone.web.restful.SampleRestfulController.update(java.lang.String,org.nbone.test.domain.User)
17:32:11.717 [main] INFO  o.s.w.s.m.m.a.RequestMappingHandlerMapping - Mapped "{[/user/login],methods=[POST]}" onto public java.lang.Object org.nbone.web.restful.SampleRestfulController.login(org.nbone.test.domain.User)
17:32:11.733 [main] INFO  o.s.w.s.m.m.a.RequestMappingHandlerAdapter - Looking for @ControllerAdvice: WebApplicationContext for namespace 'springmvc-servlet': startup date [Tue Jan 03 17:32:11 CST 2017]; parent: Root WebApplicationContext
17:32:11.748 [main] INFO  o.s.w.s.m.m.a.RequestMappingHandlerAdapter - Looking for @ControllerAdvice: WebApplicationContext for namespace 'springmvc-servlet': startup date [Tue Jan 03 17:32:11 CST 2017]; parent: Root WebApplicationContext
17:32:11.811 [main] INFO  o.n.f.s.w.s.FrameworkDispatcherServlet - FrameworkServlet 'springmvc': initialization completed in 328 ms
17:32:23.559 [main] INFO  o.s.web.context.ContextLoader - Root WebApplicationContext: initialization started
17:32:23.610 [main] INFO  o.s.w.c.s.XmlWebApplicationContext - Refreshing Root WebApplicationContext: startup date [Tue Jan 03 17:32:23 CST 2017]; root of context hierarchy
17:32:23.641 [main] INFO  o.s.b.f.xml.XmlBeanDefinitionReader - Loading XML bean definitions from file [D:\UAP\nbone-framework\nbone\nbone\nbone-web-app\target\classes\spring-demo.xml]
17:32:23.922 [main] INFO  o.s.b.f.xml.XmlBeanDefinitionReader - Loading XML bean definitions from file [D:\UAP\nbone-framework\nbone\nbone\nbone-web-app\target\classes\spring-mvc-custom.xml]
17:32:23.938 [main] INFO  o.s.b.f.xml.XmlBeanDefinitionReader - Loading XML bean definitions from ServletContext resource [/WEB-INF/spring-mvc.xml]
17:32:29.319 [main] INFO  o.n.f.s.support.ComponentFactory - 注入ApplicationContext到SpringContextHolder:Root WebApplicationContext: startup date [Tue Jan 03 17:32:23 CST 2017]; root of context hierarchy
17:32:29.413 [main] INFO  o.s.w.s.m.m.a.RequestMappingHandlerMapping - Mapped "{[/save]}" onto java.lang.Object org.nbone.web.demo.SampleController.form(org.nbone.test.domain.User,java.util.List<java.lang.Integer>,java.util.List<org.nbone.test.domain.User>)
17:32:29.413 [main] INFO  o.s.w.s.m.m.a.RequestMappingHandlerMapping - Mapped "{[/test]}" onto java.lang.String org.nbone.web.demo.SampleController.home(java.util.Map<java.lang.String, java.lang.String>,org.springframework.http.HttpHeaders)
17:32:29.413 [main] INFO  o.s.w.s.m.m.a.RequestMappingHandlerMapping - Mapped "{[/user/{id}],methods=[GET]}" onto public java.lang.String org.nbone.web.restful.SampleRestfulController.get(java.lang.String)
17:32:29.413 [main] INFO  o.s.w.s.m.m.a.RequestMappingHandlerMapping - Mapped "{[/user],methods=[POST]}" onto public java.lang.Object org.nbone.web.restful.SampleRestfulController.save(org.nbone.test.domain.User)
17:32:29.413 [main] INFO  o.s.w.s.m.m.a.RequestMappingHandlerMapping - Mapped "{[/user/{id}],methods=[DELETE]}" onto public java.lang.Object org.nbone.web.restful.SampleRestfulController.delete(java.lang.String)
17:32:29.413 [main] INFO  o.s.w.s.m.m.a.RequestMappingHandlerMapping - Mapped "{[/user/{id}],methods=[PUT]}" onto public java.lang.Object org.nbone.web.restful.SampleRestfulController.update(java.lang.String,org.nbone.test.domain.User)
17:32:29.413 [main] INFO  o.s.w.s.m.m.a.RequestMappingHandlerMapping - Mapped "{[/user/login],methods=[POST]}" onto public java.lang.Object org.nbone.web.restful.SampleRestfulController.login(org.nbone.test.domain.User)
17:32:29.663 [main] INFO  o.s.w.s.m.m.a.RequestMappingHandlerAdapter - Looking for @ControllerAdvice: Root WebApplicationContext: startup date [Tue Jan 03 17:32:23 CST 2017]; root of context hierarchy
17:32:29.694 [main] INFO  o.s.w.s.m.m.a.RequestMappingHandlerAdapter - Looking for @ControllerAdvice: Root WebApplicationContext: startup date [Tue Jan 03 17:32:23 CST 2017]; root of context hierarchy
17:32:29.757 [main] INFO  o.s.web.context.ContextLoader - Root WebApplicationContext: initialization completed in 6195 ms
17:32:29.829 [main] INFO  o.n.f.s.w.s.FrameworkDispatcherServlet - FrameworkServlet 'springmvc': initialization started
17:32:29.829 [main] INFO  o.s.w.c.s.XmlWebApplicationContext - Refreshing WebApplicationContext for namespace 'springmvc-servlet': startup date [Tue Jan 03 17:32:29 CST 2017]; parent: Root WebApplicationContext
17:32:30.001 [main] INFO  o.s.b.f.xml.XmlBeanDefinitionReader - Loading XML bean definitions from file [D:\UAP\nbone-framework\nbone\nbone\nbone-web-app\target\classes\spring-mvc-custom.xml]
17:32:30.017 [main] INFO  o.s.b.f.xml.XmlBeanDefinitionReader - Loading XML bean definitions from ServletContext resource [/WEB-INF/spring-mvc.xml]
17:32:30.095 [main] INFO  o.s.b.f.xml.XmlBeanDefinitionReader - Loading XML bean definitions from class path resource [configuration/springmvc/springmvc-velocity.xml]
17:32:30.126 [main] INFO  o.n.f.s.support.ComponentFactory - 注入ApplicationContext到SpringContextHolder:WebApplicationContext for namespace 'springmvc-servlet': startup date [Tue Jan 03 17:32:29 CST 2017]; parent: Root WebApplicationContext
17:32:30.142 [main] INFO  o.s.w.s.m.m.a.RequestMappingHandlerMapping - Mapped "{[/save]}" onto java.lang.Object org.nbone.web.demo.SampleController.form(org.nbone.test.domain.User,java.util.List<java.lang.Integer>,java.util.List<org.nbone.test.domain.User>)
17:32:30.142 [main] INFO  o.s.w.s.m.m.a.RequestMappingHandlerMapping - Mapped "{[/test]}" onto java.lang.String org.nbone.web.demo.SampleController.home(java.util.Map<java.lang.String, java.lang.String>,org.springframework.http.HttpHeaders)
17:32:30.142 [main] INFO  o.s.w.s.m.m.a.RequestMappingHandlerMapping - Mapped "{[/user/{id}],methods=[GET]}" onto public java.lang.String org.nbone.web.restful.SampleRestfulController.get(java.lang.String)
17:32:30.142 [main] INFO  o.s.w.s.m.m.a.RequestMappingHandlerMapping - Mapped "{[/user],methods=[POST]}" onto public java.lang.Object org.nbone.web.restful.SampleRestfulController.save(org.nbone.test.domain.User)
17:32:30.142 [main] INFO  o.s.w.s.m.m.a.RequestMappingHandlerMapping - Mapped "{[/user/{id}],methods=[DELETE]}" onto public java.lang.Object org.nbone.web.restful.SampleRestfulController.delete(java.lang.String)
17:32:30.142 [main] INFO  o.s.w.s.m.m.a.RequestMappingHandlerMapping - Mapped "{[/user/{id}],methods=[PUT]}" onto public java.lang.Object org.nbone.web.restful.SampleRestfulController.update(java.lang.String,org.nbone.test.domain.User)
17:32:30.142 [main] INFO  o.s.w.s.m.m.a.RequestMappingHandlerMapping - Mapped "{[/user/login],methods=[POST]}" onto public java.lang.Object org.nbone.web.restful.SampleRestfulController.login(org.nbone.test.domain.User)
17:32:30.157 [main] INFO  o.s.w.s.m.m.a.RequestMappingHandlerAdapter - Looking for @ControllerAdvice: WebApplicationContext for namespace 'springmvc-servlet': startup date [Tue Jan 03 17:32:29 CST 2017]; parent: Root WebApplicationContext
17:32:30.173 [main] INFO  o.s.w.s.m.m.a.RequestMappingHandlerAdapter - Looking for @ControllerAdvice: WebApplicationContext for namespace 'springmvc-servlet': startup date [Tue Jan 03 17:32:29 CST 2017]; parent: Root WebApplicationContext
17:32:30.251 [main] INFO  o.n.f.s.w.s.FrameworkDispatcherServlet - FrameworkServlet 'springmvc': initialization completed in 422 ms
